{"C:\\transcation_valley\\frontend\\src\\App.tsx": {"path":"C:\\transcation_valley\\frontend\\src\\App.tsx","statementMap":{"0":{"start":{"line":15,"column":27},"end":{"line":15,"column":36}},"1":{"start":{"line":16,"column":42},"end":{"line":16,"column":69}},"2":{"start":{"line":17,"column":56},"end":{"line":17,"column":83}},"3":{"start":{"line":18,"column":40},"end":{"line":18,"column":51}},"4":{"start":{"line":19,"column":38},"end":{"line":19,"column":49}},"5":{"start":{"line":20,"column":42},"end":{"line":20,"column":70}},"6":{"start":{"line":21,"column":56},"end":{"line":21,"column":71}},"7":{"start":{"line":22,"column":50},"end":{"line":22,"column":65}},"8":{"start":{"line":23,"column":58},"end":{"line":23,"column":80}},"9":{"start":{"line":24,"column":34},"end":{"line":24,"column":46}},"10":{"start":{"line":25,"column":54},"end":{"line":25,"column":88}},"11":{"start":{"line":26,"column":50},"end":{"line":26,"column":79}},"12":{"start":{"line":28,"column":28},"end":{"line":39,"column":3}},"13":{"start":{"line":29,"column":4},"end":{"line":38,"column":5}},"14":{"start":{"line":30,"column":19},"end":{"line":30,"column":91}},"15":{"start":{"line":31,"column":33},"end":{"line":33,"column":7}},"16":{"start":{"line":32,"column":18},"end":{"line":32,"column":73}},"17":{"start":{"line":34,"column":6},"end":{"line":34,"column":42}},"18":{"start":{"line":35,"column":6},"end":{"line":35,"column":37}},"19":{"start":{"line":37,"column":6},"end":{"line":37,"column":59}},"20":{"start":{"line":41,"column":2},"end":{"line":43,"column":30}},"21":{"start":{"line":42,"column":4},"end":{"line":42,"column":24}},"22":{"start":{"line":45,"column":30},"end":{"line":47,"column":3}},"23":{"start":{"line":46,"column":4},"end":{"line":46,"column":43}},"24":{"start":{"line":49,"column":25},"end":{"line":55,"column":3}},"25":{"start":{"line":50,"column":4},"end":{"line":54,"column":6}},"26":{"start":{"line":51,"column":6},"end":{"line":53,"column":50}},"27":{"start":{"line":57,"column":27},"end":{"line":89,"column":3}},"28":{"start":{"line":58,"column":17},"end":{"line":58,"column":40}},"29":{"start":{"line":59,"column":4},"end":{"line":59,"column":22}},"30":{"start":{"line":59,"column":15},"end":{"line":59,"column":22}},"31":{"start":{"line":61,"column":4},"end":{"line":64,"column":5}},"32":{"start":{"line":62,"column":6},"end":{"line":62,"column":40}},"33":{"start":{"line":63,"column":6},"end":{"line":63,"column":13}},"34":{"start":{"line":66,"column":4},"end":{"line":66,"column":33}},"35":{"start":{"line":67,"column":4},"end":{"line":88,"column":5}},"36":{"start":{"line":68,"column":23},"end":{"line":68,"column":63}},"37":{"start":{"line":70,"column":6},"end":{"line":72,"column":7}},"38":{"start":{"line":71,"column":8},"end":{"line":71,"column":90}},"39":{"start":{"line":74,"column":6},"end":{"line":74,"column":33}},"40":{"start":{"line":75,"column":6},"end":{"line":75,"column":26}},"41":{"start":{"line":77,"column":6},"end":{"line":80,"column":15}},"42":{"start":{"line":78,"column":8},"end":{"line":78,"column":30}},"43":{"start":{"line":79,"column":8},"end":{"line":79,"column":34}},"44":{"start":{"line":82,"column":6},"end":{"line":82,"column":31}},"45":{"start":{"line":83,"column":6},"end":{"line":83,"column":52}},"46":{"start":{"line":85,"column":6},"end":{"line":87,"column":15}},"47":{"start":{"line":86,"column":8},"end":{"line":86,"column":30}},"48":{"start":{"line":91,"column":34},"end":{"line":97,"column":3}},"49":{"start":{"line":92,"column":32},"end":{"line":92,"column":67}},"50":{"start":{"line":92,"column":55},"end":{"line":92,"column":66}},"51":{"start":{"line":93,"column":4},"end":{"line":93,"column":37}},"52":{"start":{"line":93,"column":30},"end":{"line":93,"column":37}},"53":{"start":{"line":95,"column":4},"end":{"line":95,"column":67}},"54":{"start":{"line":95,"column":35},"end":{"line":95,"column":65}},"55":{"start":{"line":96,"column":4},"end":{"line":96,"column":59}},"56":{"start":{"line":96,"column":28},"end":{"line":96,"column":57}},"57":{"start":{"line":96,"column":45},"end":{"line":96,"column":56}},"58":{"start":{"line":99,"column":27},"end":{"line":104,"column":3}},"59":{"start":{"line":100,"column":21},"end":{"line":100,"column":83}},"60":{"start":{"line":100,"column":46},"end":{"line":100,"column":82}},"61":{"start":{"line":101,"column":4},"end":{"line":101,"column":59}},"62":{"start":{"line":101,"column":35},"end":{"line":101,"column":57}},"63":{"start":{"line":102,"column":4},"end":{"line":102,"column":85}},"64":{"start":{"line":102,"column":28},"end":{"line":102,"column":83}},"65":{"start":{"line":102,"column":45},"end":{"line":102,"column":82}},"66":{"start":{"line":103,"column":4},"end":{"line":103,"column":32}},"67":{"start":{"line":106,"column":32},"end":{"line":112,"column":3}},"68":{"start":{"line":107,"column":32},"end":{"line":107,"column":74}},"69":{"start":{"line":107,"column":62},"end":{"line":107,"column":73}},"70":{"start":{"line":108,"column":4},"end":{"line":111,"column":5}},"71":{"start":{"line":109,"column":6},"end":{"line":109,"column":62}},"72":{"start":{"line":109,"column":30},"end":{"line":109,"column":60}},"73":{"start":{"line":110,"column":6},"end":{"line":110,"column":68}},"74":{"start":{"line":110,"column":37},"end":{"line":110,"column":66}},"75":{"start":{"line":110,"column":54},"end":{"line":110,"column":65}},"76":{"start":{"line":114,"column":34},"end":{"line":117,"column":3}},"77":{"start":{"line":115,"column":4},"end":{"line":115,"column":51}},"78":{"start":{"line":116,"column":4},"end":{"line":116,"column":66}},"79":{"start":{"line":116,"column":35},"end":{"line":116,"column":64}},"80":{"start":{"line":116,"column":52},"end":{"line":116,"column":63}},"81":{"start":{"line":119,"column":32},"end":{"line":127,"column":3}},"82":{"start":{"line":120,"column":4},"end":{"line":120,"column":45}},"83":{"start":{"line":120,"column":38},"end":{"line":120,"column":45}},"84":{"start":{"line":121,"column":4},"end":{"line":126,"column":5}},"85":{"start":{"line":122,"column":6},"end":{"line":122,"column":78}},"86":{"start":{"line":123,"column":6},"end":{"line":123,"column":26}},"87":{"start":{"line":125,"column":6},"end":{"line":125,"column":58}},"88":{"start":{"line":129,"column":31},"end":{"line":141,"column":3}},"89":{"start":{"line":130,"column":4},"end":{"line":133,"column":5}},"90":{"start":{"line":131,"column":6},"end":{"line":131,"column":46}},"91":{"start":{"line":132,"column":6},"end":{"line":132,"column":13}},"92":{"start":{"line":134,"column":4},"end":{"line":140,"column":5}},"93":{"start":{"line":135,"column":6},"end":{"line":135,"column":63}},"94":{"start":{"line":136,"column":6},"end":{"line":136,"column":36}},"95":{"start":{"line":137,"column":6},"end":{"line":137,"column":26}},"96":{"start":{"line":139,"column":6},"end":{"line":139,"column":56}},"97":{"start":{"line":143,"column":20},"end":{"line":145,"column":3}},"98":{"start":{"line":147,"column":33},"end":{"line":149,"column":3}},"99":{"start":{"line":148,"column":4},"end":{"line":148,"column":31}},"100":{"start":{"line":151,"column":2},"end":{"line":153,"column":3}},"101":{"start":{"line":152,"column":4},"end":{"line":152,"column":25}},"102":{"start":{"line":155,"column":2},"end":{"line":286,"column":4}},"103":{"start":{"line":189,"column":29},"end":{"line":189,"column":73}},"104":{"start":{"line":203,"column":29},"end":{"line":203,"column":57}},"105":{"start":{"line":256,"column":29},"end":{"line":256,"column":55}},"106":{"start":{"line":277,"column":29},"end":{"line":277,"column":58}},"107":{"start":{"line":290,"column":2},"end":{"line":294,"column":4}}},"fnMap":{"0":{"name":"AppContent","decl":{"start":{"line":14,"column":9},"end":{"line":14,"column":19}},"loc":{"start":{"line":14,"column":22},"end":{"line":287,"column":1}},"line":14},"1":{"name":"(anonymous_1)","decl":{"start":{"line":28,"column":28},"end":{"line":28,"column":29}},"loc":{"start":{"line":28,"column":40},"end":{"line":39,"column":3}},"line":28},"2":{"name":"(anonymous_2)","decl":{"start":{"line":32,"column":8},"end":{"line":32,"column":9}},"loc":{"start":{"line":32,"column":18},"end":{"line":32,"column":73}},"line":32},"3":{"name":"(anonymous_3)","decl":{"start":{"line":41,"column":12},"end":{"line":41,"column":13}},"loc":{"start":{"line":41,"column":18},"end":{"line":43,"column":3}},"line":41},"4":{"name":"(anonymous_4)","decl":{"start":{"line":45,"column":30},"end":{"line":45,"column":31}},"loc":{"start":{"line":45,"column":36},"end":{"line":47,"column":3}},"line":45},"5":{"name":"(anonymous_5)","decl":{"start":{"line":49,"column":25},"end":{"line":49,"column":26}},"loc":{"start":{"line":49,"column":79},"end":{"line":55,"column":3}},"line":49},"6":{"name":"(anonymous_6)","decl":{"start":{"line":50,"column":29},"end":{"line":50,"column":30}},"loc":{"start":{"line":51,"column":6},"end":{"line":53,"column":50}},"line":51},"7":{"name":"(anonymous_7)","decl":{"start":{"line":57,"column":27},"end":{"line":57,"column":28}},"loc":{"start":{"line":57,"column":81},"end":{"line":89,"column":3}},"line":57},"8":{"name":"(anonymous_8)","decl":{"start":{"line":77,"column":17},"end":{"line":77,"column":18}},"loc":{"start":{"line":77,"column":23},"end":{"line":80,"column":7}},"line":77},"9":{"name":"(anonymous_9)","decl":{"start":{"line":85,"column":17},"end":{"line":85,"column":18}},"loc":{"start":{"line":85,"column":23},"end":{"line":87,"column":7}},"line":85},"10":{"name":"(anonymous_10)","decl":{"start":{"line":91,"column":34},"end":{"line":91,"column":35}},"loc":{"start":{"line":91,"column":56},"end":{"line":97,"column":3}},"line":91},"11":{"name":"(anonymous_11)","decl":{"start":{"line":92,"column":50},"end":{"line":92,"column":51}},"loc":{"start":{"line":92,"column":55},"end":{"line":92,"column":66}},"line":92},"12":{"name":"(anonymous_12)","decl":{"start":{"line":95,"column":27},"end":{"line":95,"column":28}},"loc":{"start":{"line":95,"column":35},"end":{"line":95,"column":65}},"line":95},"13":{"name":"(anonymous_13)","decl":{"start":{"line":96,"column":20},"end":{"line":96,"column":21}},"loc":{"start":{"line":96,"column":28},"end":{"line":96,"column":57}},"line":96},"14":{"name":"(anonymous_14)","decl":{"start":{"line":96,"column":40},"end":{"line":96,"column":41}},"loc":{"start":{"line":96,"column":45},"end":{"line":96,"column":56}},"line":96},"15":{"name":"(anonymous_15)","decl":{"start":{"line":99,"column":27},"end":{"line":99,"column":28}},"loc":{"start":{"line":99,"column":39},"end":{"line":104,"column":3}},"line":99},"16":{"name":"(anonymous_16)","decl":{"start":{"line":100,"column":41},"end":{"line":100,"column":42}},"loc":{"start":{"line":100,"column":46},"end":{"line":100,"column":82}},"line":100},"17":{"name":"(anonymous_17)","decl":{"start":{"line":101,"column":27},"end":{"line":101,"column":28}},"loc":{"start":{"line":101,"column":35},"end":{"line":101,"column":57}},"line":101},"18":{"name":"(anonymous_18)","decl":{"start":{"line":102,"column":20},"end":{"line":102,"column":21}},"loc":{"start":{"line":102,"column":28},"end":{"line":102,"column":83}},"line":102},"19":{"name":"(anonymous_19)","decl":{"start":{"line":102,"column":40},"end":{"line":102,"column":41}},"loc":{"start":{"line":102,"column":45},"end":{"line":102,"column":82}},"line":102},"20":{"name":"(anonymous_20)","decl":{"start":{"line":106,"column":32},"end":{"line":106,"column":33}},"loc":{"start":{"line":106,"column":54},"end":{"line":112,"column":3}},"line":106},"21":{"name":"(anonymous_21)","decl":{"start":{"line":107,"column":57},"end":{"line":107,"column":58}},"loc":{"start":{"line":107,"column":62},"end":{"line":107,"column":73}},"line":107},"22":{"name":"(anonymous_22)","decl":{"start":{"line":109,"column":22},"end":{"line":109,"column":23}},"loc":{"start":{"line":109,"column":30},"end":{"line":109,"column":60}},"line":109},"23":{"name":"(anonymous_23)","decl":{"start":{"line":110,"column":29},"end":{"line":110,"column":30}},"loc":{"start":{"line":110,"column":37},"end":{"line":110,"column":66}},"line":110},"24":{"name":"(anonymous_24)","decl":{"start":{"line":110,"column":49},"end":{"line":110,"column":50}},"loc":{"start":{"line":110,"column":54},"end":{"line":110,"column":65}},"line":110},"25":{"name":"(anonymous_25)","decl":{"start":{"line":114,"column":34},"end":{"line":114,"column":35}},"loc":{"start":{"line":114,"column":56},"end":{"line":117,"column":3}},"line":114},"26":{"name":"(anonymous_26)","decl":{"start":{"line":116,"column":27},"end":{"line":116,"column":28}},"loc":{"start":{"line":116,"column":35},"end":{"line":116,"column":64}},"line":116},"27":{"name":"(anonymous_27)","decl":{"start":{"line":116,"column":47},"end":{"line":116,"column":48}},"loc":{"start":{"line":116,"column":52},"end":{"line":116,"column":63}},"line":116},"28":{"name":"(anonymous_28)","decl":{"start":{"line":119,"column":32},"end":{"line":119,"column":33}},"loc":{"start":{"line":119,"column":68},"end":{"line":127,"column":3}},"line":119},"29":{"name":"(anonymous_29)","decl":{"start":{"line":129,"column":31},"end":{"line":129,"column":32}},"loc":{"start":{"line":129,"column":83},"end":{"line":141,"column":3}},"line":129},"30":{"name":"(anonymous_30)","decl":{"start":{"line":143,"column":20},"end":{"line":143,"column":21}},"loc":{"start":{"line":143,"column":59},"end":{"line":145,"column":3}},"line":143},"31":{"name":"(anonymous_31)","decl":{"start":{"line":147,"column":33},"end":{"line":147,"column":34}},"loc":{"start":{"line":147,"column":39},"end":{"line":149,"column":3}},"line":147},"32":{"name":"(anonymous_32)","decl":{"start":{"line":189,"column":23},"end":{"line":189,"column":24}},"loc":{"start":{"line":189,"column":29},"end":{"line":189,"column":73}},"line":189},"33":{"name":"(anonymous_33)","decl":{"start":{"line":203,"column":23},"end":{"line":203,"column":24}},"loc":{"start":{"line":203,"column":29},"end":{"line":203,"column":57}},"line":203},"34":{"name":"(anonymous_34)","decl":{"start":{"line":256,"column":23},"end":{"line":256,"column":24}},"loc":{"start":{"line":256,"column":29},"end":{"line":256,"column":55}},"line":256},"35":{"name":"(anonymous_35)","decl":{"start":{"line":277,"column":23},"end":{"line":277,"column":24}},"loc":{"start":{"line":277,"column":29},"end":{"line":277,"column":58}},"line":277},"36":{"name":"App","decl":{"start":{"line":289,"column":9},"end":{"line":289,"column":12}},"loc":{"start":{"line":289,"column":15},"end":{"line":295,"column":1}},"line":289}},"branchMap":{"0":{"loc":{"start":{"line":51,"column":6},"end":{"line":53,"column":50}},"type":"binary-expr","locations":[{"start":{"line":51,"column":6},"end":{"line":51,"column":36}},{"start":{"line":52,"column":6},"end":{"line":52,"column":40}},{"start":{"line":53,"column":6},"end":{"line":53,"column":50}}],"line":51},"1":{"loc":{"start":{"line":59,"column":4},"end":{"line":59,"column":22}},"type":"if","locations":[{"start":{"line":59,"column":4},"end":{"line":59,"column":22}},{"start":{},"end":{}}],"line":59},"2":{"loc":{"start":{"line":61,"column":4},"end":{"line":64,"column":5}},"type":"if","locations":[{"start":{"line":61,"column":4},"end":{"line":64,"column":5}},{"start":{},"end":{}}],"line":61},"3":{"loc":{"start":{"line":70,"column":6},"end":{"line":72,"column":7}},"type":"if","locations":[{"start":{"line":70,"column":6},"end":{"line":72,"column":7}},{"start":{},"end":{}}],"line":70},"4":{"loc":{"start":{"line":70,"column":10},"end":{"line":70,"column":63}},"type":"binary-expr","locations":[{"start":{"line":70,"column":10},"end":{"line":70,"column":29}},{"start":{"line":70,"column":33},"end":{"line":70,"column":63}}],"line":70},"5":{"loc":{"start":{"line":93,"column":4},"end":{"line":93,"column":37}},"type":"if","locations":[{"start":{"line":93,"column":4},"end":{"line":93,"column":37}},{"start":{},"end":{}}],"line":93},"6":{"loc":{"start":{"line":108,"column":4},"end":{"line":111,"column":5}},"type":"if","locations":[{"start":{"line":108,"column":4},"end":{"line":111,"column":5}},{"start":{},"end":{}}],"line":108},"7":{"loc":{"start":{"line":120,"column":4},"end":{"line":120,"column":45}},"type":"if","locations":[{"start":{"line":120,"column":4},"end":{"line":120,"column":45}},{"start":{},"end":{}}],"line":120},"8":{"loc":{"start":{"line":130,"column":4},"end":{"line":133,"column":5}},"type":"if","locations":[{"start":{"line":130,"column":4},"end":{"line":133,"column":5}},{"start":{},"end":{}}],"line":130},"9":{"loc":{"start":{"line":151,"column":2},"end":{"line":153,"column":3}},"type":"if","locations":[{"start":{"line":151,"column":2},"end":{"line":153,"column":3}},{"start":{},"end":{}}],"line":151},"10":{"loc":{"start":{"line":168,"column":13},"end":{"line":180,"column":13}},"type":"cond-expr","locations":[{"start":{"line":169,"column":14},"end":{"line":173,"column":16}},{"start":{"line":175,"column":14},"end":{"line":179,"column":20}}],"line":168},"11":{"loc":{"start":{"line":171,"column":21},"end":{"line":171,"column":43}},"type":"binary-expr","locations":[{"start":{"line":171,"column":21},"end":{"line":171,"column":37}},{"start":{"line":171,"column":41},"end":{"line":171,"column":43}}],"line":171},"12":{"loc":{"start":{"line":177,"column":19},"end":{"line":177,"column":71}},"type":"binary-expr","locations":[{"start":{"line":177,"column":19},"end":{"line":177,"column":46}},{"start":{"line":177,"column":50},"end":{"line":177,"column":71}}],"line":177},"13":{"loc":{"start":{"line":223,"column":9},"end":{"line":242,"column":9}},"type":"binary-expr","locations":[{"start":{"line":223,"column":9},"end":{"line":223,"column":21}},{"start":{"line":224,"column":10},"end":{"line":241,"column":16}}],"line":223},"14":{"loc":{"start":{"line":225,"column":74},"end":{"line":229,"column":45}},"type":"cond-expr","locations":[{"start":{"line":226,"column":18},"end":{"line":226,"column":43}},{"start":{"line":227,"column":18},"end":{"line":229,"column":45}}],"line":225},"15":{"loc":{"start":{"line":227,"column":18},"end":{"line":229,"column":45}},"type":"cond-expr","locations":[{"start":{"line":228,"column":18},"end":{"line":228,"column":47}},{"start":{"line":229,"column":18},"end":{"line":229,"column":45}}],"line":227},"16":{"loc":{"start":{"line":232,"column":15},"end":{"line":232,"column":83}},"type":"binary-expr","locations":[{"start":{"line":232,"column":15},"end":{"line":232,"column":43}},{"start":{"line":232,"column":47},"end":{"line":232,"column":83}}],"line":232},"17":{"loc":{"start":{"line":233,"column":15},"end":{"line":233,"column":54}},"type":"binary-expr","locations":[{"start":{"line":233,"column":15},"end":{"line":233,"column":41}},{"start":{"line":233,"column":45},"end":{"line":233,"column":54}}],"line":233},"18":{"loc":{"start":{"line":234,"column":15},"end":{"line":234,"column":58}},"type":"binary-expr","locations":[{"start":{"line":234,"column":15},"end":{"line":234,"column":39}},{"start":{"line":234,"column":43},"end":{"line":234,"column":58}}],"line":234},"19":{"loc":{"start":{"line":236,"column":17},"end":{"line":236,"column":63}},"type":"binary-expr","locations":[{"start":{"line":236,"column":17},"end":{"line":236,"column":45}},{"start":{"line":236,"column":49},"end":{"line":236,"column":63}}],"line":236},"20":{"loc":{"start":{"line":237,"column":17},"end":{"line":237,"column":67}},"type":"binary-expr","locations":[{"start":{"line":237,"column":17},"end":{"line":237,"column":43}},{"start":{"line":237,"column":47},"end":{"line":237,"column":67}}],"line":237},"21":{"loc":{"start":{"line":238,"column":17},"end":{"line":238,"column":61}},"type":"binary-expr","locations":[{"start":{"line":238,"column":17},"end":{"line":238,"column":41}},{"start":{"line":238,"column":45},"end":{"line":238,"column":61}}],"line":238},"22":{"loc":{"start":{"line":244,"column":9},"end":{"line":248,"column":9}},"type":"binary-expr","locations":[{"start":{"line":244,"column":9},"end":{"line":244,"column":25}},{"start":{"line":245,"column":10},"end":{"line":247,"column":16}}],"line":244},"23":{"loc":{"start":{"line":251,"column":11},"end":{"line":273,"column":11}},"type":"cond-expr","locations":[{"start":{"line":252,"column":12},"end":{"line":257,"column":14}},{"start":{"line":259,"column":12},"end":{"line":272,"column":14}}],"line":251},"24":{"loc":{"start":{"line":275,"column":11},"end":{"line":282,"column":11}},"type":"binary-expr","locations":[{"start":{"line":275,"column":11},"end":{"line":275,"column":30}},{"start":{"line":276,"column":12},"end":{"line":281,"column":14}}],"line":275}},"s":{"0":14,"1":14,"2":14,"3":14,"4":14,"5":14,"6":14,"7":14,"8":14,"9":14,"10":14,"11":14,"12":14,"13":12,"14":12,"15":3,"16":72,"17":3,"18":3,"19":0,"20":14,"21":12,"22":14,"23":0,"24":14,"25":0,"26":0,"27":14,"28":0,"29":0,"30":0,"31":0,"32":0,"33":0,"34":0,"35":0,"36":0,"37":0,"38":0,"39":0,"40":0,"41":0,"42":0,"43":0,"44":0,"45":0,"46":0,"47":0,"48":14,"49":0,"50":0,"51":0,"52":0,"53":0,"54":0,"55":0,"56":0,"57":0,"58":14,"59":0,"60":0,"61":0,"62":0,"63":0,"64":0,"65":0,"66":0,"67":14,"68":0,"69":0,"70":0,"71":0,"72":0,"73":0,"74":0,"75":0,"76":14,"77":0,"78":0,"79":0,"80":0,"81":14,"82":0,"83":0,"84":0,"85":0,"86":0,"87":0,"88":14,"89":0,"90":0,"91":0,"92":0,"93":0,"94":0,"95":0,"96":0,"97":14,"98":14,"99":0,"100":14,"101":14,"102":0,"103":0,"104":0,"105":0,"106":0,"107":12},"f":{"0":14,"1":12,"2":72,"3":12,"4":0,"5":0,"6":0,"7":0,"8":0,"9":0,"10":0,"11":0,"12":0,"13":0,"14":0,"15":0,"16":0,"17":0,"18":0,"19":0,"20":0,"21":0,"22":0,"23":0,"24":0,"25":0,"26":0,"27":0,"28":0,"29":0,"30":0,"31":0,"32":0,"33":0,"34":0,"35":0,"36":12},"b":{"0":[0,0,0],"1":[0,0],"2":[0,0],"3":[0,0],"4":[0,0],"5":[0,0],"6":[0,0],"7":[0,0],"8":[0,0],"9":[14,0],"10":[0,0],"11":[0,0],"12":[0,0],"13":[0,0],"14":[0,0],"15":[0,0],"16":[0,0],"17":[0,0],"18":[0,0],"19":[0,0],"20":[0,0],"21":[0,0],"22":[0,0],"23":[0,0],"24":[0,0]},"_coverageSchema":"1a1c01bbd47fc00a2c39e90264f33305004495a9","hash":"8dc29ecead237ab5377f85f1ff5224816afbc0a0"}
,"C:\\transcation_valley\\frontend\\src\\components\\AddTransactionModal.tsx": {"path":"C:\\transcation_valley\\frontend\\src\\components\\AddTransactionModal.tsx","statementMap":{"0":{"start":{"line":17,"column":71},"end":{"line":150,"column":1}},"1":{"start":{"line":22,"column":40},"end":{"line":27,"column":4}},"2":{"start":{"line":28,"column":30},"end":{"line":28,"column":52}},"3":{"start":{"line":29,"column":42},"end":{"line":29,"column":57}},"4":{"start":{"line":31,"column":30},"end":{"line":52,"column":3}},"5":{"start":{"line":32,"column":32},"end":{"line":32,"column":34}},"6":{"start":{"line":34,"column":4},"end":{"line":36,"column":5}},"7":{"start":{"line":35,"column":6},"end":{"line":35,"column":59}},"8":{"start":{"line":38,"column":4},"end":{"line":40,"column":5}},"9":{"start":{"line":39,"column":6},"end":{"line":39,"column":86}},"10":{"start":{"line":42,"column":4},"end":{"line":44,"column":5}},"11":{"start":{"line":43,"column":6},"end":{"line":43,"column":59}},"12":{"start":{"line":46,"column":4},"end":{"line":48,"column":5}},"13":{"start":{"line":47,"column":6},"end":{"line":47,"column":67}},"14":{"start":{"line":50,"column":4},"end":{"line":50,"column":25}},"15":{"start":{"line":51,"column":4},"end":{"line":51,"column":34}},"16":{"start":{"line":54,"column":23},"end":{"line":68,"column":3}},"17":{"start":{"line":55,"column":4},"end":{"line":55,"column":23}},"18":{"start":{"line":56,"column":4},"end":{"line":67,"column":5}},"19":{"start":{"line":57,"column":6},"end":{"line":57,"column":28}},"20":{"start":{"line":58,"column":6},"end":{"line":66,"column":7}},"21":{"start":{"line":59,"column":8},"end":{"line":59,"column":34}},"22":{"start":{"line":60,"column":8},"end":{"line":60,"column":18}},"23":{"start":{"line":62,"column":8},"end":{"line":62,"column":58}},"24":{"start":{"line":63,"column":8},"end":{"line":63,"column":69}},"25":{"start":{"line":65,"column":8},"end":{"line":65,"column":31}},"26":{"start":{"line":70,"column":2},"end":{"line":149,"column":4}},"27":{"start":{"line":77,"column":14},"end":{"line":77,"column":44}},"28":{"start":{"line":89,"column":31},"end":{"line":89,"column":87}},"29":{"start":{"line":98,"column":31},"end":{"line":98,"column":94}},"30":{"start":{"line":110,"column":31},"end":{"line":110,"column":101}},"31":{"start":{"line":119,"column":31},"end":{"line":119,"column":91}},"32":{"start":{"line":123,"column":16},"end":{"line":125,"column":25}}},"fnMap":{"0":{"name":"(anonymous_0)","decl":{"start":{"line":17,"column":71},"end":{"line":17,"column":72}},"loc":{"start":{"line":21,"column":6},"end":{"line":150,"column":1}},"line":21},"1":{"name":"(anonymous_1)","decl":{"start":{"line":31,"column":30},"end":{"line":31,"column":31}},"loc":{"start":{"line":31,"column":45},"end":{"line":52,"column":3}},"line":31},"2":{"name":"(anonymous_2)","decl":{"start":{"line":54,"column":23},"end":{"line":54,"column":24}},"loc":{"start":{"line":54,"column":53},"end":{"line":68,"column":3}},"line":54},"3":{"name":"(anonymous_3)","decl":{"start":{"line":76,"column":24},"end":{"line":76,"column":25}},"loc":{"start":{"line":77,"column":14},"end":{"line":77,"column":44}},"line":77},"4":{"name":"(anonymous_4)","decl":{"start":{"line":89,"column":24},"end":{"line":89,"column":25}},"loc":{"start":{"line":89,"column":31},"end":{"line":89,"column":87}},"line":89},"5":{"name":"(anonymous_5)","decl":{"start":{"line":98,"column":24},"end":{"line":98,"column":25}},"loc":{"start":{"line":98,"column":31},"end":{"line":98,"column":94}},"line":98},"6":{"name":"(anonymous_6)","decl":{"start":{"line":110,"column":24},"end":{"line":110,"column":25}},"loc":{"start":{"line":110,"column":31},"end":{"line":110,"column":101}},"line":110},"7":{"name":"(anonymous_7)","decl":{"start":{"line":119,"column":24},"end":{"line":119,"column":25}},"loc":{"start":{"line":119,"column":31},"end":{"line":119,"column":91}},"line":119},"8":{"name":"(anonymous_8)","decl":{"start":{"line":122,"column":44},"end":{"line":122,"column":45}},"loc":{"start":{"line":123,"column":16},"end":{"line":125,"column":25}},"line":123}},"branchMap":{"0":{"loc":{"start":{"line":34,"column":4},"end":{"line":36,"column":5}},"type":"if","locations":[{"start":{"line":34,"column":4},"end":{"line":36,"column":5}},{"start":{},"end":{}}],"line":34},"1":{"loc":{"start":{"line":38,"column":4},"end":{"line":40,"column":5}},"type":"if","locations":[{"start":{"line":38,"column":4},"end":{"line":40,"column":5}},{"start":{},"end":{}}],"line":38},"2":{"loc":{"start":{"line":42,"column":4},"end":{"line":44,"column":5}},"type":"if","locations":[{"start":{"line":42,"column":4},"end":{"line":44,"column":5}},{"start":{},"end":{}}],"line":42},"3":{"loc":{"start":{"line":46,"column":4},"end":{"line":48,"column":5}},"type":"if","locations":[{"start":{"line":46,"column":4},"end":{"line":48,"column":5}},{"start":{},"end":{}}],"line":46},"4":{"loc":{"start":{"line":56,"column":4},"end":{"line":67,"column":5}},"type":"if","locations":[{"start":{"line":56,"column":4},"end":{"line":67,"column":5}},{"start":{},"end":{}}],"line":56},"5":{"loc":{"start":{"line":74,"column":9},"end":{"line":80,"column":9}},"type":"binary-expr","locations":[{"start":{"line":74,"column":9},"end":{"line":74,"column":26}},{"start":{"line":75,"column":10},"end":{"line":79,"column":16}}],"line":74},"6":{"loc":{"start":{"line":143,"column":15},"end":{"line":143,"column":50}},"type":"cond-expr","locations":[{"start":{"line":143,"column":30},"end":{"line":143,"column":41}},{"start":{"line":143,"column":44},"end":{"line":143,"column":50}}],"line":143}},"s":{"0":2,"1":5,"2":5,"3":5,"4":5,"5":0,"6":0,"7":0,"8":0,"9":0,"10":0,"11":0,"12":0,"13":0,"14":0,"15":0,"16":5,"17":0,"18":0,"19":0,"20":0,"21":0,"22":0,"23":0,"24":0,"25":0,"26":5,"27":0,"28":0,"29":0,"30":0,"31":0,"32":30},"f":{"0":5,"1":0,"2":0,"3":0,"4":0,"5":0,"6":0,"7":0,"8":30},"b":{"0":[0,0],"1":[0,0],"2":[0,0],"3":[0,0],"4":[0,0],"5":[5,0],"6":[0,5]},"_coverageSchema":"1a1c01bbd47fc00a2c39e90264f33305004495a9","hash":"eef3a2defe6947a434b828d0e53292c478825891"}
,"C:\\transcation_valley\\frontend\\src\\components\\EditTransactionModal.tsx": {"path":"C:\\transcation_valley\\frontend\\src\\components\\EditTransactionModal.tsx","statementMap":{"0":{"start":{"line":294,"column":53},"end":{"line":430,"column":1}},"1":{"start":{"line":299,"column":34},"end":{"line":304,"column":4}},"2":{"start":{"line":306,"column":30},"end":{"line":306,"column":52}},"3":{"start":{"line":308,"column":30},"end":{"line":325,"column":3}},"4":{"start":{"line":309,"column":32},"end":{"line":309,"column":34}},"5":{"start":{"line":311,"column":4},"end":{"line":313,"column":5}},"6":{"start":{"line":312,"column":6},"end":{"line":312,"column":59}},"7":{"start":{"line":315,"column":4},"end":{"line":317,"column":5}},"8":{"start":{"line":316,"column":6},"end":{"line":316,"column":86}},"9":{"start":{"line":319,"column":4},"end":{"line":321,"column":5}},"10":{"start":{"line":320,"column":6},"end":{"line":320,"column":59}},"11":{"start":{"line":323,"column":4},"end":{"line":323,"column":25}},"12":{"start":{"line":324,"column":4},"end":{"line":324,"column":34}},"13":{"start":{"line":327,"column":23},"end":{"line":336,"column":3}},"14":{"start":{"line":330,"column":28},"end":{"line":330,"column":36}},"15":{"start":{"line":332,"column":4},"end":{"line":335,"column":8}},"16":{"start":{"line":332,"column":35},"end":{"line":335,"column":5}},"17":{"start":{"line":338,"column":23},"end":{"line":346,"column":3}},"18":{"start":{"line":339,"column":4},"end":{"line":339,"column":23}},"19":{"start":{"line":340,"column":4},"end":{"line":345,"column":5}},"20":{"start":{"line":341,"column":6},"end":{"line":344,"column":9}},"21":{"start":{"line":348,"column":2},"end":{"line":429,"column":4}},"22":{"start":{"line":355,"column":14},"end":{"line":355,"column":44}},"23":{"start":{"line":405,"column":16},"end":{"line":407,"column":25}}},"fnMap":{"0":{"name":"(anonymous_0)","decl":{"start":{"line":294,"column":53},"end":{"line":294,"column":54}},"loc":{"start":{"line":298,"column":6},"end":{"line":430,"column":1}},"line":298},"1":{"name":"(anonymous_1)","decl":{"start":{"line":308,"column":30},"end":{"line":308,"column":31}},"loc":{"start":{"line":308,"column":45},"end":{"line":325,"column":3}},"line":308},"2":{"name":"(anonymous_2)","decl":{"start":{"line":327,"column":23},"end":{"line":327,"column":24}},"loc":{"start":{"line":329,"column":7},"end":{"line":336,"column":3}},"line":329},"3":{"name":"(anonymous_3)","decl":{"start":{"line":332,"column":16},"end":{"line":332,"column":17}},"loc":{"start":{"line":332,"column":35},"end":{"line":335,"column":5}},"line":332},"4":{"name":"(anonymous_4)","decl":{"start":{"line":338,"column":23},"end":{"line":338,"column":24}},"loc":{"start":{"line":338,"column":47},"end":{"line":346,"column":3}},"line":338},"5":{"name":"(anonymous_5)","decl":{"start":{"line":354,"column":24},"end":{"line":354,"column":25}},"loc":{"start":{"line":355,"column":14},"end":{"line":355,"column":44}},"line":355},"6":{"name":"(anonymous_6)","decl":{"start":{"line":404,"column":44},"end":{"line":404,"column":45}},"loc":{"start":{"line":405,"column":16},"end":{"line":407,"column":25}},"line":405}},"branchMap":{"0":{"loc":{"start":{"line":301,"column":10},"end":{"line":303,"column":46}},"type":"cond-expr","locations":[{"start":{"line":302,"column":8},"end":{"line":302,"column":38}},{"start":{"line":303,"column":8},"end":{"line":303,"column":46}}],"line":301},"1":{"loc":{"start":{"line":311,"column":4},"end":{"line":313,"column":5}},"type":"if","locations":[{"start":{"line":311,"column":4},"end":{"line":313,"column":5}},{"start":{},"end":{}}],"line":311},"2":{"loc":{"start":{"line":315,"column":4},"end":{"line":317,"column":5}},"type":"if","locations":[{"start":{"line":315,"column":4},"end":{"line":317,"column":5}},{"start":{},"end":{}}],"line":315},"3":{"loc":{"start":{"line":319,"column":4},"end":{"line":321,"column":5}},"type":"if","locations":[{"start":{"line":319,"column":4},"end":{"line":321,"column":5}},{"start":{},"end":{}}],"line":319},"4":{"loc":{"start":{"line":334,"column":14},"end":{"line":334,"column":59}},"type":"cond-expr","locations":[{"start":{"line":334,"column":34},"end":{"line":334,"column":51}},{"start":{"line":334,"column":54},"end":{"line":334,"column":59}}],"line":334},"5":{"loc":{"start":{"line":340,"column":4},"end":{"line":345,"column":5}},"type":"if","locations":[{"start":{"line":340,"column":4},"end":{"line":345,"column":5}},{"start":{},"end":{}}],"line":340},"6":{"loc":{"start":{"line":352,"column":9},"end":{"line":358,"column":9}},"type":"binary-expr","locations":[{"start":{"line":352,"column":9},"end":{"line":352,"column":26}},{"start":{"line":353,"column":10},"end":{"line":357,"column":16}}],"line":352}},"s":{"0":1,"1":0,"2":0,"3":0,"4":0,"5":0,"6":0,"7":0,"8":0,"9":0,"10":0,"11":0,"12":0,"13":0,"14":0,"15":0,"16":0,"17":0,"18":0,"19":0,"20":0,"21":0,"22":0,"23":0},"f":{"0":0,"1":0,"2":0,"3":0,"4":0,"5":0,"6":0},"b":{"0":[0,0],"1":[0,0],"2":[0,0],"3":[0,0],"4":[0,0],"5":[0,0],"6":[0,0]},"_coverageSchema":"1a1c01bbd47fc00a2c39e90264f33305004495a9","hash":"8a4e75d54d92ccd4caeb88fb7392181ac226cd72"}
,"C:\\transcation_valley\\frontend\\src\\components\\LoginPage.tsx": {"path":"C:\\transcation_valley\\frontend\\src\\components\\LoginPage.tsx","statementMap":{"0":{"start":{"line":7,"column":35},"end":{"line":32,"column":1}},"1":{"start":{"line":8,"column":31},"end":{"line":8,"column":40}},"2":{"start":{"line":10,"column":2},"end":{"line":31,"column":4}}},"fnMap":{"0":{"name":"(anonymous_0)","decl":{"start":{"line":7,"column":35},"end":{"line":7,"column":36}},"loc":{"start":{"line":7,"column":41},"end":{"line":32,"column":1}},"line":7}},"branchMap":{},"s":{"0":1,"1":14,"2":14},"f":{"0":14},"b":{},"_coverageSchema":"1a1c01bbd47fc00a2c39e90264f33305004495a9","hash":"9c638bad4204f592fd9f73a8067972620affb527"}
,"C:\\transcation_valley\\frontend\\src\\components\\Notification.tsx": {"path":"C:\\transcation_valley\\frontend\\src\\components\\Notification.tsx","statementMap":{"0":{"start":{"line":72,"column":50},"end":{"line":118,"column":1}},"1":{"start":{"line":78,"column":2},"end":{"line":86,"column":27}},"2":{"start":{"line":79,"column":4},"end":{"line":85,"column":5}},"3":{"start":{"line":80,"column":20},"end":{"line":82,"column":14}},"4":{"start":{"line":81,"column":8},"end":{"line":81,"column":18}},"5":{"start":{"line":84,"column":6},"end":{"line":84,"column":39}},"6":{"start":{"line":84,"column":19},"end":{"line":84,"column":38}},"7":{"start":{"line":88,"column":2},"end":{"line":88,"column":30}},"8":{"start":{"line":88,"column":18},"end":{"line":88,"column":30}},"9":{"start":{"line":90,"column":26},"end":{"line":90,"column":28}},"10":{"start":{"line":91,"column":2},"end":{"line":103,"column":3}},"11":{"start":{"line":93,"column":6},"end":{"line":93,"column":52}},"12":{"start":{"line":94,"column":6},"end":{"line":94,"column":12}},"13":{"start":{"line":96,"column":6},"end":{"line":96,"column":50}},"14":{"start":{"line":97,"column":6},"end":{"line":97,"column":12}},"15":{"start":{"line":99,"column":6},"end":{"line":99,"column":51}},"16":{"start":{"line":100,"column":6},"end":{"line":100,"column":12}},"17":{"start":{"line":102,"column":6},"end":{"line":102,"column":51}},"18":{"start":{"line":105,"column":2},"end":{"line":117,"column":4}}},"fnMap":{"0":{"name":"(anonymous_0)","decl":{"start":{"line":72,"column":50},"end":{"line":72,"column":51}},"loc":{"start":{"line":77,"column":6},"end":{"line":118,"column":1}},"line":77},"1":{"name":"(anonymous_1)","decl":{"start":{"line":78,"column":12},"end":{"line":78,"column":13}},"loc":{"start":{"line":78,"column":18},"end":{"line":86,"column":3}},"line":78},"2":{"name":"(anonymous_2)","decl":{"start":{"line":80,"column":31},"end":{"line":80,"column":32}},"loc":{"start":{"line":80,"column":37},"end":{"line":82,"column":7}},"line":80},"3":{"name":"(anonymous_3)","decl":{"start":{"line":84,"column":13},"end":{"line":84,"column":14}},"loc":{"start":{"line":84,"column":19},"end":{"line":84,"column":38}},"line":84}},"branchMap":{"0":{"loc":{"start":{"line":79,"column":4},"end":{"line":85,"column":5}},"type":"if","locations":[{"start":{"line":79,"column":4},"end":{"line":85,"column":5}},{"start":{},"end":{}}],"line":79},"1":{"loc":{"start":{"line":88,"column":2},"end":{"line":88,"column":30}},"type":"if","locations":[{"start":{"line":88,"column":2},"end":{"line":88,"column":30}},{"start":{},"end":{}}],"line":88},"2":{"loc":{"start":{"line":91,"column":2},"end":{"line":103,"column":3}},"type":"switch","locations":[{"start":{"line":92,"column":4},"end":{"line":94,"column":12}},{"start":{"line":95,"column":4},"end":{"line":97,"column":12}},{"start":{"line":98,"column":4},"end":{"line":100,"column":12}},{"start":{"line":101,"column":4},"end":{"line":102,"column":51}}],"line":91}},"s":{"0":2,"1":7,"2":5,"3":4,"4":1,"5":4,"6":4,"7":7,"8":1,"9":6,"10":6,"11":4,"12":4,"13":1,"14":1,"15":1,"16":1,"17":0,"18":6},"f":{"0":7,"1":5,"2":1,"3":4},"b":{"0":[4,1],"1":[1,6],"2":[4,1,1,0]},"_coverageSchema":"1a1c01bbd47fc00a2c39e90264f33305004495a9","hash":"1d490bf811e6547a1ea902783e8e7d8e04ed0ffa"}
,"C:\\transcation_valley\\frontend\\src\\components\\TransactionTable.tsx": {"path":"C:\\transcation_valley\\frontend\\src\\components\\TransactionTable.tsx","statementMap":{"0":{"start":{"line":1092,"column":65},"end":{"line":1369,"column":14}},"1":{"start":{"line":1106,"column":54},"end":{"line":1106,"column":88}},"2":{"start":{"line":1107,"column":56},"end":{"line":1107,"column":76}},"3":{"start":{"line":1108,"column":50},"end":{"line":1108,"column":99}},"4":{"start":{"line":1109,"column":60},"end":{"line":1109,"column":75}},"5":{"start":{"line":1110,"column":72},"end":{"line":1110,"column":87}},"6":{"start":{"line":1111,"column":80},"end":{"line":1111,"column":109}},"7":{"start":{"line":1114,"column":27},"end":{"line":1118,"column":3}},"8":{"start":{"line":1115,"column":4},"end":{"line":1115,"column":36}},"9":{"start":{"line":1116,"column":4},"end":{"line":1116,"column":30}},"10":{"start":{"line":1117,"column":4},"end":{"line":1117,"column":35}},"11":{"start":{"line":1120,"column":28},"end":{"line":1122,"column":3}},"12":{"start":{"line":1121,"column":4},"end":{"line":1121,"column":42}},"13":{"start":{"line":1124,"column":28},"end":{"line":1127,"column":3}},"14":{"start":{"line":1125,"column":4},"end":{"line":1125,"column":43}},"15":{"start":{"line":1126,"column":4},"end":{"line":1126,"column":41}},"16":{"start":{"line":1129,"column":35},"end":{"line":1136,"column":3}},"17":{"start":{"line":1130,"column":4},"end":{"line":1135,"column":5}},"18":{"start":{"line":1131,"column":6},"end":{"line":1131,"column":54}},"19":{"start":{"line":1132,"column":6},"end":{"line":1132,"column":71}},"20":{"start":{"line":1133,"column":6},"end":{"line":1133,"column":44}},"21":{"start":{"line":1134,"column":6},"end":{"line":1134,"column":47}},"22":{"start":{"line":1138,"column":27},"end":{"line":1140,"column":3}},"23":{"start":{"line":1139,"column":4},"end":{"line":1139,"column":41}},"24":{"start":{"line":1142,"column":28},"end":{"line":1146,"column":3}},"25":{"start":{"line":1143,"column":4},"end":{"line":1143,"column":25}},"26":{"start":{"line":1144,"column":4},"end":{"line":1144,"column":79}},"27":{"start":{"line":1145,"column":4},"end":{"line":1145,"column":42}},"28":{"start":{"line":1148,"column":23},"end":{"line":1151,"column":3}},"29":{"start":{"line":1149,"column":4},"end":{"line":1149,"column":42}},"30":{"start":{"line":1150,"column":4},"end":{"line":1150,"column":45}},"31":{"start":{"line":1153,"column":32},"end":{"line":1157,"column":3}},"32":{"start":{"line":1154,"column":4},"end":{"line":1154,"column":37}},"33":{"start":{"line":1155,"column":4},"end":{"line":1155,"column":32}},"34":{"start":{"line":1156,"column":4},"end":{"line":1156,"column":68}},"35":{"start":{"line":1159,"column":31},"end":{"line":1162,"column":3}},"36":{"start":{"line":1160,"column":4},"end":{"line":1160,"column":32}},"37":{"start":{"line":1161,"column":4},"end":{"line":1161,"column":67}},"38":{"start":{"line":1164,"column":26},"end":{"line":1168,"column":3}},"39":{"start":{"line":1165,"column":4},"end":{"line":1167,"column":6}},"40":{"start":{"line":1166,"column":6},"end":{"line":1166,"column":88}},"41":{"start":{"line":1166,"column":54},"end":{"line":1166,"column":71}},"42":{"start":{"line":1170,"column":26},"end":{"line":1179,"column":3}},"43":{"start":{"line":1171,"column":38},"end":{"line":1171,"column":88}},"44":{"start":{"line":1171,"column":72},"end":{"line":1171,"column":87}},"45":{"start":{"line":1172,"column":27},"end":{"line":1172,"column":101}},"46":{"start":{"line":1172,"column":67},"end":{"line":1172,"column":100}},"47":{"start":{"line":1174,"column":4},"end":{"line":1178,"column":5}},"48":{"start":{"line":1175,"column":6},"end":{"line":1175,"column":102}},"49":{"start":{"line":1175,"column":40},"end":{"line":1175,"column":100}},"50":{"start":{"line":1175,"column":60},"end":{"line":1175,"column":99}},"51":{"start":{"line":1177,"column":6},"end":{"line":1177,"column":102}},"52":{"start":{"line":1177,"column":40},"end":{"line":1177,"column":100}},"53":{"start":{"line":1181,"column":31},"end":{"line":1184,"column":3}},"54":{"start":{"line":1182,"column":20},"end":{"line":1182,"column":52}},"55":{"start":{"line":1183,"column":4},"end":{"line":1183,"column":30}},"56":{"start":{"line":1186,"column":29},"end":{"line":1190,"column":3}},"57":{"start":{"line":1187,"column":4},"end":{"line":1189,"column":5}},"58":{"start":{"line":1188,"column":6},"end":{"line":1188,"column":36}},"59":{"start":{"line":1192,"column":25},"end":{"line":1196,"column":3}},"60":{"start":{"line":1193,"column":4},"end":{"line":1195,"column":5}},"61":{"start":{"line":1194,"column":6},"end":{"line":1194,"column":36}},"62":{"start":{"line":1198,"column":2},"end":{"line":1369,"column":12}},"63":{"start":{"line":1205,"column":23},"end":{"line":1205,"column":54}},"64":{"start":{"line":1260,"column":20},"end":{"line":1260,"column":66}},"65":{"start":{"line":1274,"column":14},"end":{"line":1317,"column":33}},"66":{"start":{"line":1285,"column":36},"end":{"line":1285,"column":68}},"67":{"start":{"line":1302,"column":37},"end":{"line":1302,"column":71}},"68":{"start":{"line":1309,"column":51},"end":{"line":1309,"column":85}},"69":{"start":{"line":1332,"column":4},"end":{"line":1334,"column":13}},"70":{"start":{"line":1364,"column":39},"end":{"line":1364,"column":66}}},"fnMap":{"0":{"name":"(anonymous_0)","decl":{"start":{"line":1092,"column":65},"end":{"line":1092,"column":66}},"loc":{"start":{"line":1105,"column":6},"end":{"line":1369,"column":14}},"line":1105},"1":{"name":"(anonymous_1)","decl":{"start":{"line":1114,"column":27},"end":{"line":1114,"column":28}},"loc":{"start":{"line":1114,"column":84},"end":{"line":1118,"column":3}},"line":1114},"2":{"name":"(anonymous_2)","decl":{"start":{"line":1120,"column":28},"end":{"line":1120,"column":29}},"loc":{"start":{"line":1120,"column":34},"end":{"line":1122,"column":3}},"line":1120},"3":{"name":"(anonymous_3)","decl":{"start":{"line":1124,"column":28},"end":{"line":1124,"column":29}},"loc":{"start":{"line":1124,"column":44},"end":{"line":1127,"column":3}},"line":1124},"4":{"name":"(anonymous_4)","decl":{"start":{"line":1129,"column":35},"end":{"line":1129,"column":36}},"loc":{"start":{"line":1129,"column":47},"end":{"line":1136,"column":3}},"line":1129},"5":{"name":"(anonymous_5)","decl":{"start":{"line":1138,"column":27},"end":{"line":1138,"column":28}},"loc":{"start":{"line":1138,"column":39},"end":{"line":1140,"column":3}},"line":1138},"6":{"name":"(anonymous_6)","decl":{"start":{"line":1142,"column":28},"end":{"line":1142,"column":29}},"loc":{"start":{"line":1142,"column":40},"end":{"line":1146,"column":3}},"line":1142},"7":{"name":"(anonymous_7)","decl":{"start":{"line":1148,"column":23},"end":{"line":1148,"column":24}},"loc":{"start":{"line":1148,"column":29},"end":{"line":1151,"column":3}},"line":1148},"8":{"name":"(anonymous_8)","decl":{"start":{"line":1153,"column":32},"end":{"line":1153,"column":33}},"loc":{"start":{"line":1153,"column":75},"end":{"line":1157,"column":3}},"line":1153},"9":{"name":"(anonymous_9)","decl":{"start":{"line":1159,"column":31},"end":{"line":1159,"column":32}},"loc":{"start":{"line":1159,"column":70},"end":{"line":1162,"column":3}},"line":1159},"10":{"name":"(anonymous_10)","decl":{"start":{"line":1164,"column":26},"end":{"line":1164,"column":27}},"loc":{"start":{"line":1164,"column":42},"end":{"line":1168,"column":3}},"line":1164},"11":{"name":"(anonymous_11)","decl":{"start":{"line":1165,"column":28},"end":{"line":1165,"column":29}},"loc":{"start":{"line":1166,"column":6},"end":{"line":1166,"column":88}},"line":1166},"12":{"name":"(anonymous_12)","decl":{"start":{"line":1166,"column":38},"end":{"line":1166,"column":39}},"loc":{"start":{"line":1166,"column":54},"end":{"line":1166,"column":71}},"line":1166},"13":{"name":"(anonymous_13)","decl":{"start":{"line":1170,"column":26},"end":{"line":1170,"column":27}},"loc":{"start":{"line":1170,"column":32},"end":{"line":1179,"column":3}},"line":1170},"14":{"name":"(anonymous_14)","decl":{"start":{"line":1171,"column":55},"end":{"line":1171,"column":56}},"loc":{"start":{"line":1171,"column":72},"end":{"line":1171,"column":87}},"line":1171},"15":{"name":"(anonymous_15)","decl":{"start":{"line":1172,"column":59},"end":{"line":1172,"column":60}},"loc":{"start":{"line":1172,"column":67},"end":{"line":1172,"column":100}},"line":1172},"16":{"name":"(anonymous_16)","decl":{"start":{"line":1175,"column":30},"end":{"line":1175,"column":31}},"loc":{"start":{"line":1175,"column":40},"end":{"line":1175,"column":100}},"line":1175},"17":{"name":"(anonymous_17)","decl":{"start":{"line":1175,"column":52},"end":{"line":1175,"column":53}},"loc":{"start":{"line":1175,"column":60},"end":{"line":1175,"column":99}},"line":1175},"18":{"name":"(anonymous_18)","decl":{"start":{"line":1177,"column":30},"end":{"line":1177,"column":31}},"loc":{"start":{"line":1177,"column":40},"end":{"line":1177,"column":100}},"line":1177},"19":{"name":"(anonymous_19)","decl":{"start":{"line":1181,"column":31},"end":{"line":1181,"column":32}},"loc":{"start":{"line":1181,"column":80},"end":{"line":1184,"column":3}},"line":1181},"20":{"name":"(anonymous_20)","decl":{"start":{"line":1186,"column":29},"end":{"line":1186,"column":30}},"loc":{"start":{"line":1186,"column":35},"end":{"line":1190,"column":3}},"line":1186},"21":{"name":"(anonymous_21)","decl":{"start":{"line":1192,"column":25},"end":{"line":1192,"column":26}},"loc":{"start":{"line":1192,"column":31},"end":{"line":1196,"column":3}},"line":1192},"22":{"name":"(anonymous_22)","decl":{"start":{"line":1205,"column":17},"end":{"line":1205,"column":18}},"loc":{"start":{"line":1205,"column":23},"end":{"line":1205,"column":54}},"line":1205},"23":{"name":"(anonymous_23)","decl":{"start":{"line":1259,"column":73},"end":{"line":1259,"column":74}},"loc":{"start":{"line":1260,"column":20},"end":{"line":1260,"column":66}},"line":1260},"24":{"name":"(anonymous_24)","decl":{"start":{"line":1273,"column":30},"end":{"line":1273,"column":31}},"loc":{"start":{"line":1274,"column":14},"end":{"line":1317,"column":33}},"line":1274},"25":{"name":"(anonymous_25)","decl":{"start":{"line":1285,"column":30},"end":{"line":1285,"column":31}},"loc":{"start":{"line":1285,"column":36},"end":{"line":1285,"column":68}},"line":1285},"26":{"name":"(anonymous_26)","decl":{"start":{"line":1302,"column":31},"end":{"line":1302,"column":32}},"loc":{"start":{"line":1302,"column":37},"end":{"line":1302,"column":71}},"line":1302},"27":{"name":"(anonymous_27)","decl":{"start":{"line":1309,"column":45},"end":{"line":1309,"column":46}},"loc":{"start":{"line":1309,"column":51},"end":{"line":1309,"column":85}},"line":1309},"28":{"name":"(anonymous_28)","decl":{"start":{"line":1331,"column":27},"end":{"line":1331,"column":28}},"loc":{"start":{"line":1332,"column":4},"end":{"line":1334,"column":13}},"line":1332},"29":{"name":"(anonymous_29)","decl":{"start":{"line":1364,"column":33},"end":{"line":1364,"column":34}},"loc":{"start":{"line":1364,"column":39},"end":{"line":1364,"column":66}},"line":1364}},"branchMap":{"0":{"loc":{"start":{"line":1130,"column":4},"end":{"line":1135,"column":5}},"type":"if","locations":[{"start":{"line":1130,"column":4},"end":{"line":1135,"column":5}},{"start":{},"end":{}}],"line":1130},"1":{"loc":{"start":{"line":1166,"column":6},"end":{"line":1166,"column":88}},"type":"cond-expr","locations":[{"start":{"line":1166,"column":26},"end":{"line":1166,"column":72}},{"start":{"line":1166,"column":75},"end":{"line":1166,"column":88}}],"line":1166},"2":{"loc":{"start":{"line":1174,"column":4},"end":{"line":1178,"column":5}},"type":"if","locations":[{"start":{"line":1174,"column":4},"end":{"line":1178,"column":5}},{"start":{"line":1176,"column":11},"end":{"line":1178,"column":5}}],"line":1174},"3":{"loc":{"start":{"line":1187,"column":4},"end":{"line":1189,"column":5}},"type":"if","locations":[{"start":{"line":1187,"column":4},"end":{"line":1189,"column":5}},{"start":{},"end":{}}],"line":1187},"4":{"loc":{"start":{"line":1193,"column":4},"end":{"line":1195,"column":5}},"type":"if","locations":[{"start":{"line":1193,"column":4},"end":{"line":1195,"column":5}},{"start":{},"end":{}}],"line":1193},"5":{"loc":{"start":{"line":1209,"column":7},"end":{"line":1232,"column":7}},"type":"binary-expr","locations":[{"start":{"line":1209,"column":7},"end":{"line":1209,"column":34}},{"start":{"line":1210,"column":8},"end":{"line":1231,"column":14}}],"line":1209},"6":{"loc":{"start":{"line":1224,"column":25},"end":{"line":1224,"column":103}},"type":"cond-expr","locations":[{"start":{"line":1224,"column":59},"end":{"line":1224,"column":83}},{"start":{"line":1224,"column":86},"end":{"line":1224,"column":103}}],"line":1224},"7":{"loc":{"start":{"line":1242,"column":9},"end":{"line":1249,"column":9}},"type":"binary-expr","locations":[{"start":{"line":1242,"column":9},"end":{"line":1242,"column":40}},{"start":{"line":1243,"column":10},"end":{"line":1248,"column":19}}],"line":1242},"8":{"loc":{"start":{"line":1259,"column":27},"end":{"line":1261,"column":19}},"type":"binary-expr","locations":[{"start":{"line":1259,"column":27},"end":{"line":1259,"column":50}},{"start":{"line":1259,"column":54},"end":{"line":1261,"column":19}}],"line":1259},"9":{"loc":{"start":{"line":1277,"column":18},"end":{"line":1277,"column":85}},"type":"cond-expr","locations":[{"start":{"line":1277,"column":67},"end":{"line":1277,"column":80}},{"start":{"line":1277,"column":83},"end":{"line":1277,"column":85}}],"line":1277},"10":{"loc":{"start":{"line":1361,"column":21},"end":{"line":1367,"column":21}},"type":"binary-expr","locations":[{"start":{"line":1361,"column":21},"end":{"line":1361,"column":39}},{"start":{"line":1362,"column":22},"end":{"line":1366,"column":24}}],"line":1361}},"s":{"0":1,"1":0,"2":0,"3":0,"4":0,"5":0,"6":0,"7":0,"8":0,"9":0,"10":0,"11":0,"12":0,"13":0,"14":0,"15":0,"16":0,"17":0,"18":0,"19":0,"20":0,"21":0,"22":0,"23":0,"24":0,"25":0,"26":0,"27":0,"28":0,"29":0,"30":0,"31":0,"32":0,"33":0,"34":0,"35":0,"36":0,"37":0,"38":0,"39":0,"40":0,"41":0,"42":0,"43":0,"44":0,"45":0,"46":0,"47":0,"48":0,"49":0,"50":0,"51":0,"52":0,"53":0,"54":0,"55":0,"56":0,"57":0,"58":0,"59":0,"60":0,"61":0,"62":0,"63":0,"64":0,"65":0,"66":0,"67":0,"68":0,"69":0,"70":0},"f":{"0":0,"1":0,"2":0,"3":0,"4":0,"5":0,"6":0,"7":0,"8":0,"9":0,"10":0,"11":0,"12":0,"13":0,"14":0,"15":0,"16":0,"17":0,"18":0,"19":0,"20":0,"21":0,"22":0,"23":0,"24":0,"25":0,"26":0,"27":0,"28":0,"29":0},"b":{"0":[0,0],"1":[0,0],"2":[0,0],"3":[0,0],"4":[0,0],"5":[0,0],"6":[0,0],"7":[0,0],"8":[0,0],"9":[0,0],"10":[0,0]},"_coverageSchema":"1a1c01bbd47fc00a2c39e90264f33305004495a9","hash":"e4a268264fecab7a863da55977f6c00f8ca05a10"}
,"C:\\transcation_valley\\frontend\\src\\components\\restoreTable.tsx": {"path":"C:\\transcation_valley\\frontend\\src\\components\\restoreTable.tsx","statementMap":{"0":{"start":{"line":275,"column":50},"end":{"line":386,"column":1}},"1":{"start":{"line":281,"column":34},"end":{"line":289,"column":3}},"2":{"start":{"line":282,"column":4},"end":{"line":288,"column":5}},"3":{"start":{"line":287,"column":6},"end":{"line":287,"column":30}},"4":{"start":{"line":291,"column":37},"end":{"line":302,"column":3}},"5":{"start":{"line":292,"column":4},"end":{"line":301,"column":5}},"6":{"start":{"line":298,"column":6},"end":{"line":300,"column":7}},"7":{"start":{"line":299,"column":8},"end":{"line":299,"column":51}},"8":{"start":{"line":304,"column":2},"end":{"line":385,"column":4}},"9":{"start":{"line":339,"column":14},"end":{"line":368,"column":19}},"10":{"start":{"line":355,"column":37},"end":{"line":355,"column":60}},"11":{"start":{"line":361,"column":37},"end":{"line":361,"column":77}}},"fnMap":{"0":{"name":"(anonymous_0)","decl":{"start":{"line":275,"column":50},"end":{"line":275,"column":51}},"loc":{"start":{"line":280,"column":6},"end":{"line":386,"column":1}},"line":280},"1":{"name":"(anonymous_1)","decl":{"start":{"line":281,"column":34},"end":{"line":281,"column":35}},"loc":{"start":{"line":281,"column":50},"end":{"line":289,"column":3}},"line":281},"2":{"name":"(anonymous_2)","decl":{"start":{"line":291,"column":37},"end":{"line":291,"column":38}},"loc":{"start":{"line":291,"column":49},"end":{"line":302,"column":3}},"line":291},"3":{"name":"(anonymous_3)","decl":{"start":{"line":338,"column":37},"end":{"line":338,"column":38}},"loc":{"start":{"line":339,"column":14},"end":{"line":368,"column":19}},"line":339},"4":{"name":"(anonymous_4)","decl":{"start":{"line":355,"column":31},"end":{"line":355,"column":32}},"loc":{"start":{"line":355,"column":37},"end":{"line":355,"column":60}},"line":355},"5":{"name":"(anonymous_5)","decl":{"start":{"line":361,"column":31},"end":{"line":361,"column":32}},"loc":{"start":{"line":361,"column":37},"end":{"line":361,"column":77}},"line":361}},"branchMap":{"0":{"loc":{"start":{"line":282,"column":4},"end":{"line":288,"column":5}},"type":"if","locations":[{"start":{"line":282,"column":4},"end":{"line":288,"column":5}},{"start":{},"end":{}}],"line":282},"1":{"loc":{"start":{"line":292,"column":4},"end":{"line":301,"column":5}},"type":"if","locations":[{"start":{"line":292,"column":4},"end":{"line":301,"column":5}},{"start":{},"end":{}}],"line":292},"2":{"loc":{"start":{"line":309,"column":9},"end":{"line":318,"column":7}},"type":"binary-expr","locations":[{"start":{"line":309,"column":9},"end":{"line":309,"column":39}},{"start":{"line":310,"column":8},"end":{"line":317,"column":14}}],"line":309},"3":{"loc":{"start":{"line":350,"column":19},"end":{"line":350,"column":47}},"type":"binary-expr","locations":[{"start":{"line":350,"column":19},"end":{"line":350,"column":42}},{"start":{"line":350,"column":46},"end":{"line":350,"column":47}}],"line":350}},"s":{"0":1,"1":0,"2":0,"3":0,"4":0,"5":0,"6":0,"7":0,"8":0,"9":0,"10":0,"11":0},"f":{"0":0,"1":0,"2":0,"3":0,"4":0,"5":0},"b":{"0":[0,0],"1":[0,0],"2":[0,0],"3":[0,0]},"_coverageSchema":"1a1c01bbd47fc00a2c39e90264f33305004495a9","hash":"231cc348cd506417a07176c6e28a96df0d738684"}
,"C:\\transcation_valley\\frontend\\src\\config\\firebase.ts": {"path":"C:\\transcation_valley\\frontend\\src\\config\\firebase.ts","statementMap":{"0":{"start":{"line":4,"column":23},"end":{"line":12,"column":1}},"1":{"start":{"line":14,"column":12},"end":{"line":14,"column":41}},"2":{"start":{"line":15,"column":20},"end":{"line":15,"column":32}}},"fnMap":{},"branchMap":{},"s":{"0":1,"1":1,"2":1},"f":{},"b":{},"_coverageSchema":"1a1c01bbd47fc00a2c39e90264f33305004495a9","hash":"92dfbe0ed600502b1499d1ae21121b6f6602154b"}
,"C:\\transcation_valley\\frontend\\src\\context\\AuthContext.tsx": {"path":"C:\\transcation_valley\\frontend\\src\\context\\AuthContext.tsx","statementMap":{"0":{"start":{"line":11,"column":20},"end":{"line":11,"column":63}},"1":{"start":{"line":13,"column":69},"end":{"line":46,"column":1}},"2":{"start":{"line":14,"column":26},"end":{"line":14,"column":53}},"3":{"start":{"line":16,"column":2},"end":{"line":22,"column":9}},"4":{"start":{"line":17,"column":24},"end":{"line":19,"column":6}},"5":{"start":{"line":18,"column":6},"end":{"line":18,"column":20}},"6":{"start":{"line":21,"column":4},"end":{"line":21,"column":31}},"7":{"start":{"line":21,"column":17},"end":{"line":21,"column":30}},"8":{"start":{"line":24,"column":27},"end":{"line":31,"column":3}},"9":{"start":{"line":25,"column":21},"end":{"line":25,"column":45}},"10":{"start":{"line":26,"column":4},"end":{"line":30,"column":5}},"11":{"start":{"line":27,"column":6},"end":{"line":27,"column":44}},"12":{"start":{"line":29,"column":6},"end":{"line":29,"column":60}},"13":{"start":{"line":33,"column":17},"end":{"line":39,"column":3}},"14":{"start":{"line":34,"column":4},"end":{"line":38,"column":5}},"15":{"start":{"line":35,"column":6},"end":{"line":35,"column":26}},"16":{"start":{"line":37,"column":6},"end":{"line":37,"column":49}},"17":{"start":{"line":41,"column":2},"end":{"line":45,"column":4}},"18":{"start":{"line":48,"column":23},"end":{"line":54,"column":1}},"19":{"start":{"line":49,"column":18},"end":{"line":49,"column":41}},"20":{"start":{"line":50,"column":2},"end":{"line":52,"column":3}},"21":{"start":{"line":51,"column":4},"end":{"line":51,"column":67}},"22":{"start":{"line":53,"column":2},"end":{"line":53,"column":17}}},"fnMap":{"0":{"name":"(anonymous_0)","decl":{"start":{"line":13,"column":69},"end":{"line":13,"column":70}},"loc":{"start":{"line":13,"column":87},"end":{"line":46,"column":1}},"line":13},"1":{"name":"(anonymous_1)","decl":{"start":{"line":16,"column":12},"end":{"line":16,"column":13}},"loc":{"start":{"line":16,"column":18},"end":{"line":22,"column":3}},"line":16},"2":{"name":"(anonymous_2)","decl":{"start":{"line":17,"column":48},"end":{"line":17,"column":49}},"loc":{"start":{"line":17,"column":58},"end":{"line":19,"column":5}},"line":17},"3":{"name":"(anonymous_3)","decl":{"start":{"line":21,"column":11},"end":{"line":21,"column":12}},"loc":{"start":{"line":21,"column":17},"end":{"line":21,"column":30}},"line":21},"4":{"name":"(anonymous_4)","decl":{"start":{"line":24,"column":27},"end":{"line":24,"column":28}},"loc":{"start":{"line":24,"column":39},"end":{"line":31,"column":3}},"line":24},"5":{"name":"(anonymous_5)","decl":{"start":{"line":33,"column":17},"end":{"line":33,"column":18}},"loc":{"start":{"line":33,"column":29},"end":{"line":39,"column":3}},"line":33},"6":{"name":"(anonymous_6)","decl":{"start":{"line":48,"column":23},"end":{"line":48,"column":24}},"loc":{"start":{"line":48,"column":29},"end":{"line":54,"column":1}},"line":48}},"branchMap":{"0":{"loc":{"start":{"line":50,"column":2},"end":{"line":52,"column":3}},"type":"if","locations":[{"start":{"line":50,"column":2},"end":{"line":52,"column":3}},{"start":{},"end":{}}],"line":50}},"s":{"0":1,"1":1,"2":24,"3":24,"4":24,"5":24,"6":24,"7":24,"8":24,"9":0,"10":0,"11":0,"12":0,"13":24,"14":0,"15":0,"16":0,"17":24,"18":1,"19":28,"20":28,"21":0,"22":28},"f":{"0":24,"1":24,"2":24,"3":24,"4":0,"5":0,"6":28},"b":{"0":[0,28]},"_coverageSchema":"1a1c01bbd47fc00a2c39e90264f33305004495a9","hash":"ba5df0c7896095ee34fd49f8914d5f0f14b20c48"}
,"C:\\transcation_valley\\frontend\\src\\services\\api.ts": {"path":"C:\\transcation_valley\\frontend\\src\\services\\api.ts","statementMap":{"0":{"start":{"line":257,"column":16},"end":{"line":257,"column":39}},"1":{"start":{"line":259,"column":27},"end":{"line":264,"column":2}},"2":{"start":{"line":266,"column":34},"end":{"line":387,"column":1}},"3":{"start":{"line":271,"column":4},"end":{"line":282,"column":5}},"4":{"start":{"line":272,"column":23},"end":{"line":277,"column":7}},"5":{"start":{"line":278,"column":6},"end":{"line":278,"column":27}},"6":{"start":{"line":280,"column":6},"end":{"line":280,"column":69}},"7":{"start":{"line":281,"column":6},"end":{"line":281,"column":18}},"8":{"start":{"line":286,"column":4},"end":{"line":292,"column":5}},"9":{"start":{"line":287,"column":23},"end":{"line":287,"column":81}},"10":{"start":{"line":288,"column":6},"end":{"line":288,"column":27}},"11":{"start":{"line":290,"column":6},"end":{"line":290,"column":63}},"12":{"start":{"line":291,"column":6},"end":{"line":291,"column":18}},"13":{"start":{"line":296,"column":4},"end":{"line":311,"column":5}},"14":{"start":{"line":297,"column":23},"end":{"line":306,"column":7}},"15":{"start":{"line":307,"column":6},"end":{"line":307,"column":27}},"16":{"start":{"line":309,"column":6},"end":{"line":309,"column":56}},"17":{"start":{"line":310,"column":6},"end":{"line":310,"column":18}},"18":{"start":{"line":318,"column":4},"end":{"line":333,"column":5}},"19":{"start":{"line":319,"column":23},"end":{"line":328,"column":7}},"20":{"start":{"line":329,"column":6},"end":{"line":329,"column":27}},"21":{"start":{"line":331,"column":6},"end":{"line":331,"column":58}},"22":{"start":{"line":332,"column":6},"end":{"line":332,"column":18}},"23":{"start":{"line":337,"column":4},"end":{"line":345,"column":5}},"24":{"start":{"line":338,"column":23},"end":{"line":340,"column":7}},"25":{"start":{"line":341,"column":6},"end":{"line":341,"column":27}},"26":{"start":{"line":343,"column":6},"end":{"line":343,"column":58}},"27":{"start":{"line":344,"column":6},"end":{"line":344,"column":18}},"28":{"start":{"line":349,"column":4},"end":{"line":363,"column":5}},"29":{"start":{"line":350,"column":23},"end":{"line":350,"column":37}},"30":{"start":{"line":351,"column":6},"end":{"line":351,"column":36}},"31":{"start":{"line":353,"column":23},"end":{"line":357,"column":8}},"32":{"start":{"line":359,"column":6},"end":{"line":359,"column":27}},"33":{"start":{"line":361,"column":6},"end":{"line":361,"column":51}},"34":{"start":{"line":362,"column":6},"end":{"line":362,"column":18}},"35":{"start":{"line":367,"column":16},"end":{"line":376,"column":16}},"36":{"start":{"line":369,"column":29},"end":{"line":375,"column":17}},"37":{"start":{"line":378,"column":17},"end":{"line":378,"column":54}},"38":{"start":{"line":379,"column":16},"end":{"line":379,"column":48}},"39":{"start":{"line":380,"column":17},"end":{"line":380,"column":44}},"40":{"start":{"line":381,"column":4},"end":{"line":381,"column":20}},"41":{"start":{"line":382,"column":4},"end":{"line":382,"column":64}},"42":{"start":{"line":383,"column":4},"end":{"line":383,"column":36}},"43":{"start":{"line":384,"column":4},"end":{"line":384,"column":17}},"44":{"start":{"line":385,"column":4},"end":{"line":385,"column":36}}},"fnMap":{"0":{"name":"(anonymous_0)","decl":{"start":{"line":267,"column":28},"end":{"line":267,"column":29}},"loc":{"start":{"line":270,"column":48},"end":{"line":283,"column":3}},"line":270},"1":{"name":"(anonymous_1)","decl":{"start":{"line":285,"column":22},"end":{"line":285,"column":23}},"loc":{"start":{"line":285,"column":58},"end":{"line":293,"column":3}},"line":285},"2":{"name":"(anonymous_2)","decl":{"start":{"line":295,"column":18},"end":{"line":295,"column":19}},"loc":{"start":{"line":295,"column":92},"end":{"line":312,"column":3}},"line":295},"3":{"name":"(anonymous_3)","decl":{"start":{"line":314,"column":21},"end":{"line":314,"column":22}},"loc":{"start":{"line":317,"column":29},"end":{"line":334,"column":3}},"line":317},"4":{"name":"(anonymous_4)","decl":{"start":{"line":336,"column":21},"end":{"line":336,"column":22}},"loc":{"start":{"line":336,"column":65},"end":{"line":346,"column":3}},"line":336},"5":{"name":"(anonymous_5)","decl":{"start":{"line":348,"column":13},"end":{"line":348,"column":14}},"loc":{"start":{"line":348,"column":57},"end":{"line":364,"column":3}},"line":348},"6":{"name":"(anonymous_6)","decl":{"start":{"line":366,"column":22},"end":{"line":366,"column":23}},"loc":{"start":{"line":366,"column":74},"end":{"line":386,"column":3}},"line":366},"7":{"name":"(anonymous_7)","decl":{"start":{"line":369,"column":24},"end":{"line":369,"column":25}},"loc":{"start":{"line":369,"column":29},"end":{"line":375,"column":17}},"line":369}},"branchMap":{"0":{"loc":{"start":{"line":268,"column":4},"end":{"line":268,"column":12}},"type":"default-arg","locations":[{"start":{"line":268,"column":11},"end":{"line":268,"column":12}}],"line":268},"1":{"loc":{"start":{"line":269,"column":4},"end":{"line":269,"column":14}},"type":"default-arg","locations":[{"start":{"line":269,"column":12},"end":{"line":269,"column":14}}],"line":269}},"s":{"0":1,"1":1,"2":1,"3":12,"4":12,"5":3,"6":0,"7":0,"8":0,"9":0,"10":0,"11":0,"12":0,"13":0,"14":0,"15":0,"16":0,"17":0,"18":0,"19":0,"20":0,"21":0,"22":0,"23":0,"24":0,"25":0,"26":0,"27":0,"28":0,"29":0,"30":0,"31":0,"32":0,"33":0,"34":0,"35":0,"36":0,"37":0,"38":0,"39":0,"40":0,"41":0,"42":0,"43":0,"44":0},"f":{"0":12,"1":0,"2":0,"3":0,"4":0,"5":0,"6":0,"7":0},"b":{"0":[0],"1":[0]},"_coverageSchema":"1a1c01bbd47fc00a2c39e90264f33305004495a9","hash":"912fa485213b7e3f2a7e4ed271e5567309a2602c"}
,"C:\\transcation_valley\\frontend\\src\\utils\\currency.ts": {"path":"C:\\transcation_valley\\frontend\\src\\utils\\currency.ts","statementMap":{"0":{"start":{"line":2,"column":29},"end":{"line":34,"column":3}},"1":{"start":{"line":22,"column":25},"end":{"line":22,"column":84}},"2":{"start":{"line":22,"column":60},"end":{"line":22,"column":83}},"3":{"start":{"line":23,"column":8},"end":{"line":23,"column":48}},"4":{"start":{"line":26,"column":19},"end":{"line":26,"column":108}},"5":{"start":{"line":27,"column":6},"end":{"line":29,"column":7}},"6":{"start":{"line":28,"column":8},"end":{"line":28,"column":65}},"7":{"start":{"line":30,"column":6},"end":{"line":30,"column":48}}},"fnMap":{"0":{"name":"(anonymous_0)","decl":{"start":{"line":21,"column":15},"end":{"line":21,"column":16}},"loc":{"start":{"line":21,"column":49},"end":{"line":24,"column":7}},"line":21},"1":{"name":"(anonymous_1)","decl":{"start":{"line":22,"column":55},"end":{"line":22,"column":56}},"loc":{"start":{"line":22,"column":60},"end":{"line":22,"column":83}},"line":22},"2":{"name":"(anonymous_2)","decl":{"start":{"line":25,"column":18},"end":{"line":25,"column":19}},"loc":{"start":{"line":25,"column":68},"end":{"line":31,"column":5}},"line":25}},"branchMap":{"0":{"loc":{"start":{"line":23,"column":15},"end":{"line":23,"column":47}},"type":"binary-expr","locations":[{"start":{"line":23,"column":15},"end":{"line":23,"column":31}},{"start":{"line":23,"column":35},"end":{"line":23,"column":47}}],"line":23},"1":{"loc":{"start":{"line":27,"column":6},"end":{"line":29,"column":7}},"type":"if","locations":[{"start":{"line":27,"column":6},"end":{"line":29,"column":7}},{"start":{},"end":{}}],"line":27}},"s":{"0":4,"1":3,"2":9,"3":3,"4":11,"5":11,"6":1,"7":10},"f":{"0":3,"1":9,"2":11},"b":{"0":[3,1],"1":[1,10]},"_coverageSchema":"1a1c01bbd47fc00a2c39e90264f33305004495a9","hash":"e064b481c1a9dfa952bf72f48f00578d47c070e3"}
,"C:\\transcation_valley\\frontend\\src\\utils\\formatters.ts": {"path":"C:\\transcation_valley\\frontend\\src\\utils\\formatters.ts","statementMap":{"0":{"start":{"line":12,"column":43},"end":{"line":21,"column":1}},"1":{"start":{"line":23,"column":26},"end":{"line":46,"column":1}},"2":{"start":{"line":25,"column":17},"end":{"line":25,"column":37}},"3":{"start":{"line":26,"column":4},"end":{"line":30,"column":7}},"4":{"start":{"line":34,"column":19},"end":{"line":34,"column":61}},"5":{"start":{"line":35,"column":18},"end":{"line":35,"column":51}},"6":{"start":{"line":36,"column":4},"end":{"line":36,"column":39}},"7":{"start":{"line":39,"column":4},"end":{"line":44,"column":22}}},"fnMap":{"0":{"name":"(anonymous_0)","decl":{"start":{"line":24,"column":14},"end":{"line":24,"column":15}},"loc":{"start":{"line":24,"column":46},"end":{"line":31,"column":3}},"line":24},"1":{"name":"(anonymous_1)","decl":{"start":{"line":33,"column":18},"end":{"line":33,"column":19}},"loc":{"start":{"line":33,"column":72},"end":{"line":37,"column":3}},"line":33},"2":{"name":"(anonymous_2)","decl":{"start":{"line":38,"column":2},"end":{"line":38,"column":3}},"loc":{"start":{"line":38,"column":73},"end":{"line":45,"column":3}},"line":38}},"branchMap":{"0":{"loc":{"start":{"line":33,"column":35},"end":{"line":33,"column":59}},"type":"default-arg","locations":[{"start":{"line":33,"column":54},"end":{"line":33,"column":59}}],"line":33},"1":{"loc":{"start":{"line":34,"column":19},"end":{"line":34,"column":61}},"type":"binary-expr","locations":[{"start":{"line":34,"column":19},"end":{"line":34,"column":41}},{"start":{"line":34,"column":45},"end":{"line":34,"column":61}}],"line":34}},"s":{"0":3,"1":3,"2":5,"3":5,"4":2,"5":2,"6":2,"7":2},"f":{"0":5,"1":2,"2":2},"b":{"0":[1],"1":[2,0]},"_coverageSchema":"1a1c01bbd47fc00a2c39e90264f33305004495a9","hash":"f8499ba8f1c6f1f947f87db234f7f9b75f4dc725"}
,"C:\\transcation_valley\\frontend\\src\\utils\\pdfGenerator.ts": {"path":"C:\\transcation_valley\\frontend\\src\\utils\\pdfGenerator.ts","statementMap":{"0":{"start":{"line":301,"column":39},"end":{"line":376,"column":1}},"1":{"start":{"line":302,"column":14},"end":{"line":302,"column":25}},"2":{"start":{"line":305,"column":2},"end":{"line":305,"column":22}},"3":{"start":{"line":306,"column":2},"end":{"line":306,"column":42}},"4":{"start":{"line":309,"column":2},"end":{"line":309,"column":22}},"5":{"start":{"line":310,"column":2},"end":{"line":310,"column":67}},"6":{"start":{"line":313,"column":18},"end":{"line":318,"column":3}},"7":{"start":{"line":321,"column":15},"end":{"line":326,"column":5}},"8":{"start":{"line":321,"column":50},"end":{"line":326,"column":3}},"9":{"start":{"line":329,"column":21},"end":{"line":329,"column":49}},"10":{"start":{"line":330,"column":18},"end":{"line":330,"column":20}},"11":{"start":{"line":331,"column":17},"end":{"line":331,"column":19}},"12":{"start":{"line":334,"column":2},"end":{"line":358,"column":5}},"13":{"start":{"line":350,"column":6},"end":{"line":356,"column":7}},"14":{"start":{"line":351,"column":8},"end":{"line":351,"column":22}},"15":{"start":{"line":352,"column":8},"end":{"line":352,"column":28}},"16":{"start":{"line":353,"column":8},"end":{"line":353,"column":48}},"17":{"start":{"line":354,"column":8},"end":{"line":354,"column":28}},"18":{"start":{"line":355,"column":8},"end":{"line":355,"column":73}},"19":{"start":{"line":361,"column":19},"end":{"line":364,"column":3}},"20":{"start":{"line":362,"column":16},"end":{"line":362,"column":70}},"21":{"start":{"line":366,"column":2},"end":{"line":366,"column":22}},"22":{"start":{"line":367,"column":2},"end":{"line":367,"column":83}},"23":{"start":{"line":368,"column":2},"end":{"line":372,"column":4}},"24":{"start":{"line":375,"column":2},"end":{"line":375,"column":38}}},"fnMap":{"0":{"name":"(anonymous_0)","decl":{"start":{"line":301,"column":39},"end":{"line":301,"column":40}},"loc":{"start":{"line":301,"column":78},"end":{"line":376,"column":1}},"line":301},"1":{"name":"(anonymous_1)","decl":{"start":{"line":321,"column":32},"end":{"line":321,"column":33}},"loc":{"start":{"line":321,"column":50},"end":{"line":326,"column":3}},"line":321},"2":{"name":"(anonymous_2)","decl":{"start":{"line":348,"column":17},"end":{"line":348,"column":18}},"loc":{"start":{"line":348,"column":32},"end":{"line":357,"column":5}},"line":348},"3":{"name":"(anonymous_3)","decl":{"start":{"line":362,"column":4},"end":{"line":362,"column":5}},"loc":{"start":{"line":362,"column":16},"end":{"line":362,"column":70}},"line":362}},"branchMap":{"0":{"loc":{"start":{"line":350,"column":6},"end":{"line":356,"column":7}},"type":"if","locations":[{"start":{"line":350,"column":6},"end":{"line":356,"column":7}},{"start":{},"end":{}}],"line":350}},"s":{"0":2,"1":3,"2":3,"3":3,"4":3,"5":3,"6":3,"7":3,"8":4,"9":3,"10":3,"11":3,"12":3,"13":0,"14":0,"15":0,"16":0,"17":0,"18":0,"19":3,"20":4,"21":3,"22":3,"23":3,"24":3},"f":{"0":3,"1":4,"2":0,"3":4},"b":{"0":[0,0]},"_coverageSchema":"1a1c01bbd47fc00a2c39e90264f33305004495a9","hash":"27212d96263973e077de0375ccbc1ccbc1510e5e"}
,"C:\\transcation_valley\\frontend\\src\\utils\\validation.ts": {"path":"C:\\transcation_valley\\frontend\\src\\utils\\validation.ts","statementMap":{"0":{"start":{"line":53,"column":26},"end":{"line":133,"column":3}},"1":{"start":{"line":55,"column":24},"end":{"line":55,"column":38}},"2":{"start":{"line":56,"column":22},"end":{"line":56,"column":44}},"3":{"start":{"line":57,"column":22},"end":{"line":57,"column":44}},"4":{"start":{"line":58,"column":6},"end":{"line":58,"column":89}},"5":{"start":{"line":62,"column":24},"end":{"line":62,"column":41}},"6":{"start":{"line":63,"column":27},"end":{"line":63,"column":47}},"7":{"start":{"line":64,"column":28},"end":{"line":64,"column":56}},"8":{"start":{"line":65,"column":6},"end":{"line":65,"column":46}},"9":{"start":{"line":70,"column":29},"end":{"line":70,"column":57}},"10":{"start":{"line":71,"column":32},"end":{"line":71,"column":67}},"11":{"start":{"line":72,"column":26},"end":{"line":72,"column":78}},"12":{"start":{"line":73,"column":6},"end":{"line":73,"column":65}},"13":{"start":{"line":77,"column":31},"end":{"line":77,"column":33}},"14":{"start":{"line":79,"column":6},"end":{"line":81,"column":7}},"15":{"start":{"line":80,"column":8},"end":{"line":80,"column":73}},"16":{"start":{"line":83,"column":6},"end":{"line":85,"column":7}},"17":{"start":{"line":84,"column":8},"end":{"line":84,"column":87}},"18":{"start":{"line":87,"column":6},"end":{"line":89,"column":7}},"19":{"start":{"line":88,"column":8},"end":{"line":88,"column":85}},"20":{"start":{"line":91,"column":6},"end":{"line":94,"column":8}},"21":{"start":{"line":102,"column":6},"end":{"line":109,"column":8}},"22":{"start":{"line":104,"column":10},"end":{"line":108,"column":45}},"23":{"start":{"line":117,"column":31},"end":{"line":117,"column":74}},"24":{"start":{"line":118,"column":26},"end":{"line":122,"column":7}},"25":{"start":{"line":124,"column":6},"end":{"line":126,"column":7}},"26":{"start":{"line":125,"column":8},"end":{"line":125,"column":71}},"27":{"start":{"line":128,"column":6},"end":{"line":131,"column":8}}},"fnMap":{"0":{"name":"(anonymous_0)","decl":{"start":{"line":54,"column":17},"end":{"line":54,"column":18}},"loc":{"start":{"line":54,"column":44},"end":{"line":59,"column":5}},"line":54},"1":{"name":"(anonymous_1)","decl":{"start":{"line":61,"column":19},"end":{"line":61,"column":20}},"loc":{"start":{"line":61,"column":48},"end":{"line":66,"column":5}},"line":61},"2":{"name":"(anonymous_2)","decl":{"start":{"line":68,"column":24},"end":{"line":68,"column":25}},"loc":{"start":{"line":68,"column":58},"end":{"line":74,"column":5}},"line":68},"3":{"name":"(anonymous_3)","decl":{"start":{"line":76,"column":25},"end":{"line":76,"column":26}},"loc":{"start":{"line":76,"column":47},"end":{"line":95,"column":5}},"line":76},"4":{"name":"(anonymous_4)","decl":{"start":{"line":97,"column":28},"end":{"line":97,"column":29}},"loc":{"start":{"line":101,"column":18},"end":{"line":110,"column":5}},"line":101},"5":{"name":"(anonymous_5)","decl":{"start":{"line":103,"column":8},"end":{"line":103,"column":9}},"loc":{"start":{"line":104,"column":10},"end":{"line":108,"column":45}},"line":104},"6":{"name":"(anonymous_6)","decl":{"start":{"line":112,"column":31},"end":{"line":112,"column":32}},"loc":{"start":{"line":116,"column":9},"end":{"line":132,"column":5}},"line":116}},"branchMap":{"0":{"loc":{"start":{"line":58,"column":13},"end":{"line":58,"column":88}},"type":"binary-expr","locations":[{"start":{"line":58,"column":13},"end":{"line":58,"column":33}},{"start":{"line":58,"column":37},"end":{"line":58,"column":57}},{"start":{"line":58,"column":61},"end":{"line":58,"column":88}}],"line":58},"1":{"loc":{"start":{"line":64,"column":28},"end":{"line":64,"column":56}},"type":"binary-expr","locations":[{"start":{"line":64,"column":28},"end":{"line":64,"column":51}},{"start":{"line":64,"column":55},"end":{"line":64,"column":56}}],"line":64},"2":{"loc":{"start":{"line":65,"column":13},"end":{"line":65,"column":45}},"type":"binary-expr","locations":[{"start":{"line":65,"column":13},"end":{"line":65,"column":23}},{"start":{"line":65,"column":27},"end":{"line":65,"column":45}}],"line":65},"3":{"loc":{"start":{"line":72,"column":26},"end":{"line":72,"column":78}},"type":"binary-expr","locations":[{"start":{"line":72,"column":26},"end":{"line":72,"column":49}},{"start":{"line":72,"column":53},"end":{"line":72,"column":78}}],"line":72},"4":{"loc":{"start":{"line":73,"column":13},"end":{"line":73,"column":64}},"type":"binary-expr","locations":[{"start":{"line":73,"column":13},"end":{"line":73,"column":27}},{"start":{"line":73,"column":31},"end":{"line":73,"column":49}},{"start":{"line":73,"column":53},"end":{"line":73,"column":64}}],"line":73},"5":{"loc":{"start":{"line":79,"column":6},"end":{"line":81,"column":7}},"type":"if","locations":[{"start":{"line":79,"column":6},"end":{"line":81,"column":7}},{"start":{},"end":{}}],"line":79},"6":{"loc":{"start":{"line":79,"column":10},"end":{"line":79,"column":72}},"type":"binary-expr","locations":[{"start":{"line":79,"column":10},"end":{"line":79,"column":27}},{"start":{"line":79,"column":31},"end":{"line":79,"column":72}}],"line":79},"7":{"loc":{"start":{"line":83,"column":6},"end":{"line":85,"column":7}},"type":"if","locations":[{"start":{"line":83,"column":6},"end":{"line":85,"column":7}},{"start":{},"end":{}}],"line":83},"8":{"loc":{"start":{"line":83,"column":10},"end":{"line":83,"column":78}},"type":"binary-expr","locations":[{"start":{"line":83,"column":10},"end":{"line":83,"column":29}},{"start":{"line":83,"column":33},"end":{"line":83,"column":78}}],"line":83},"9":{"loc":{"start":{"line":87,"column":6},"end":{"line":89,"column":7}},"type":"if","locations":[{"start":{"line":87,"column":6},"end":{"line":89,"column":7}},{"start":{},"end":{}}],"line":87},"10":{"loc":{"start":{"line":87,"column":10},"end":{"line":87,"column":93}},"type":"binary-expr","locations":[{"start":{"line":87,"column":10},"end":{"line":87,"column":34}},{"start":{"line":87,"column":38},"end":{"line":87,"column":93}}],"line":87},"11":{"loc":{"start":{"line":104,"column":10},"end":{"line":108,"column":45}},"type":"binary-expr","locations":[{"start":{"line":104,"column":10},"end":{"line":104,"column":28}},{"start":{"line":105,"column":10},"end":{"line":105,"column":37}},{"start":{"line":106,"column":10},"end":{"line":106,"column":41}},{"start":{"line":107,"column":10},"end":{"line":107,"column":79}},{"start":{"line":108,"column":10},"end":{"line":108,"column":45}}],"line":104},"12":{"loc":{"start":{"line":124,"column":6},"end":{"line":126,"column":7}},"type":"if","locations":[{"start":{"line":124,"column":6},"end":{"line":126,"column":7}},{"start":{},"end":{}}],"line":124}},"s":{"0":3,"1":6,"2":6,"3":6,"4":6,"5":6,"6":6,"7":6,"8":6,"9":6,"10":6,"11":6,"12":6,"13":2,"14":2,"15":1,"16":2,"17":1,"18":2,"19":1,"20":2,"21":2,"22":2,"23":0,"24":0,"25":0,"26":0,"27":0},"f":{"0":6,"1":6,"2":6,"3":2,"4":2,"5":2,"6":0},"b":{"0":[6,5,3],"1":[6,4],"2":[6,4],"3":[6,4],"4":[6,5,4],"5":[1,1],"6":[2,2],"7":[1,1],"8":[2,1],"9":[1,1],"10":[2,1],"11":[2,2,1,1,1],"12":[0,0]},"_coverageSchema":"1a1c01bbd47fc00a2c39e90264f33305004495a9","hash":"94aa9aa458ce9f46c8c11c436881bed44236f3eb"}
}
