TN:
SF:src\components\Notification.tsx
FN:12,(anonymous_0)
FN:18,(anonymous_1)
FN:20,(anonymous_2)
FN:24,(anonymous_3)
FNF:4
FNH:4
FNDA:7,(anonymous_0)
FNDA:5,(anonymous_1)
FNDA:1,(anonymous_2)
FNDA:4,(anonymous_3)
DA:12,1
DA:18,7
DA:19,5
DA:20,4
DA:21,1
DA:24,4
DA:28,7
DA:30,6
DA:31,6
DA:33,4
DA:34,4
DA:36,1
DA:37,1
DA:39,1
DA:40,1
DA:42,0
DA:45,6
LF:17
LH:16
BRDA:19,0,0,4
BRDA:19,0,1,1
BRDA:28,1,0,1
BRDA:28,1,1,6
BRDA:31,2,0,4
BRDA:31,2,1,1
BRDA:31,2,2,1
BRDA:31,2,3,0
BRF:8
BRH:7
end_of_record
TN:
SF:src\utils\currency.ts
FN:21,(anonymous_0)
FN:22,(anonymous_1)
FN:25,(anonymous_2)
FNF:3
FNH:3
FNDA:3,(anonymous_0)
FNDA:9,(anonymous_1)
FNDA:11,(anonymous_2)
DA:2,2
DA:22,9
DA:23,3
DA:26,11
DA:27,11
DA:28,1
DA:30,10
LF:7
LH:7
BRDA:23,0,0,3
BRDA:23,0,1,1
BRDA:27,1,0,1
BRDA:27,1,1,10
BRF:4
BRH:4
end_of_record
TN:
SF:src\utils\formatters.ts
FN:24,(anonymous_0)
FN:33,(anonymous_1)
FN:38,(anonymous_2)
FNF:3
FNH:3
FNDA:5,(anonymous_0)
FNDA:2,(anonymous_1)
FNDA:2,(anonymous_2)
DA:12,2
DA:23,2
DA:25,5
DA:26,5
DA:34,2
DA:35,2
DA:36,2
DA:39,2
LF:8
LH:8
BRDA:33,0,0,1
BRDA:34,1,0,2
BRDA:34,1,1,0
BRF:3
BRH:2
end_of_record
TN:
SF:src\utils\pdfGenerator.ts
FN:11,(anonymous_0)
FN:31,(anonymous_1)
FN:58,(anonymous_2)
FN:72,(anonymous_3)
FNF:4
FNH:3
FNDA:3,(anonymous_0)
FNDA:4,(anonymous_1)
FNDA:0,(anonymous_2)
FNDA:4,(anonymous_3)
DA:11,1
DA:12,3
DA:15,3
DA:16,3
DA:19,3
DA:20,3
DA:23,3
DA:31,4
DA:39,3
DA:40,3
DA:41,3
DA:44,3
DA:60,0
DA:61,0
DA:62,0
DA:63,0
DA:64,0
DA:65,0
DA:71,3
DA:72,4
DA:76,3
DA:77,3
DA:78,3
DA:85,3
LF:24
LH:18
BRDA:60,0,0,0
BRDA:60,0,1,0
BRF:2
BRH:0
end_of_record
TN:
SF:src\utils\validation.ts
FN:91,(anonymous_0)
FN:96,(anonymous_1)
FN:104,(anonymous_2)
FN:113,(anonymous_3)
FN:125,(anonymous_4)
FN:157,(anonymous_5)
FN:163,(anonymous_6)
FN:172,(anonymous_7)
FNF:8
FNH:6
FNDA:0,(anonymous_0)
FNDA:6,(anonymous_1)
FNDA:7,(anonymous_2)
FNDA:6,(anonymous_3)
FNDA:2,(anonymous_4)
FNDA:2,(anonymous_5)
FNDA:2,(anonymous_6)
FNDA:0,(anonymous_7)
DA:90,1
DA:92,0
DA:93,0
DA:97,6
DA:98,6
DA:99,6
DA:100,6
DA:101,6
DA:105,7
DA:106,0
DA:109,7
DA:110,7
DA:114,6
DA:115,1
DA:119,5
DA:120,5
DA:121,5
DA:122,5
DA:126,2
DA:128,2
DA:129,1
DA:134,2
DA:139,1
DA:142,2
DA:146,1
DA:151,2
DA:162,2
DA:164,2
DA:177,0
DA:178,0
DA:184,0
DA:185,0
DA:188,0
LF:33
LH:25
BRDA:97,0,0,0
BRDA:97,0,1,6
BRDA:101,1,0,6
BRDA:101,1,1,6
BRDA:101,1,2,5
BRDA:105,2,0,0
BRDA:105,2,1,7
BRDA:105,3,0,7
BRDA:105,3,1,7
BRDA:110,4,0,7
BRDA:110,4,1,4
BRDA:114,5,0,1
BRDA:114,5,1,5
BRDA:114,6,0,6
BRDA:114,6,1,6
BRDA:121,7,0,5
BRDA:121,7,1,4
BRDA:122,8,0,5
BRDA:122,8,1,5
BRDA:122,8,2,4
BRDA:128,9,0,1
BRDA:128,9,1,1
BRDA:128,10,0,2
BRDA:128,10,1,2
BRDA:134,11,0,1
BRDA:134,11,1,1
BRDA:135,12,0,2
BRDA:135,12,1,2
BRDA:135,12,2,2
BRDA:142,13,0,1
BRDA:142,13,1,1
BRDA:143,14,0,2
BRDA:143,14,1,1
BRDA:164,15,0,2
BRDA:164,15,1,2
BRDA:164,15,2,1
BRDA:164,15,3,1
BRDA:164,15,4,1
BRDA:184,16,0,0
BRDA:184,16,1,0
BRF:40
BRH:36
end_of_record
