TN:
SF:src\App.tsx
FN:14,AppContent
FN:28,(anonymous_1)
FN:32,(anonymous_2)
FN:41,(anonymous_3)
FN:45,(anonymous_4)
FN:49,(anonymous_5)
FN:50,(anonymous_6)
FN:57,(anonymous_7)
FN:77,(anonymous_8)
FN:85,(anonymous_9)
FN:91,(anonymous_10)
FN:92,(anonymous_11)
FN:95,(anonymous_12)
FN:96,(anonymous_13)
FN:96,(anonymous_14)
FN:99,(anonymous_15)
FN:100,(anonymous_16)
FN:101,(anonymous_17)
FN:102,(anonymous_18)
FN:102,(anonymous_19)
FN:106,(anonymous_20)
FN:107,(anonymous_21)
FN:109,(anonymous_22)
FN:110,(anonymous_23)
FN:110,(anonymous_24)
FN:114,(anonymous_25)
FN:116,(anonymous_26)
FN:116,(anonymous_27)
FN:119,(anonymous_28)
FN:129,(anonymous_29)
FN:143,(anonymous_30)
FN:147,(anonymous_31)
FN:189,(anonymous_32)
FN:203,(anonymous_33)
FN:256,(anonymous_34)
FN:277,(anonymous_35)
FN:289,App
FNF:37
FNH:5
FNDA:14,AppContent
FNDA:12,(anonymous_1)
FNDA:72,(anonymous_2)
FNDA:12,(anonymous_3)
FNDA:0,(anonymous_4)
FNDA:0,(anonymous_5)
FNDA:0,(anonymous_6)
FNDA:0,(anonymous_7)
FNDA:0,(anonymous_8)
FNDA:0,(anonymous_9)
FNDA:0,(anonymous_10)
FNDA:0,(anonymous_11)
FNDA:0,(anonymous_12)
FNDA:0,(anonymous_13)
FNDA:0,(anonymous_14)
FNDA:0,(anonymous_15)
FNDA:0,(anonymous_16)
FNDA:0,(anonymous_17)
FNDA:0,(anonymous_18)
FNDA:0,(anonymous_19)
FNDA:0,(anonymous_20)
FNDA:0,(anonymous_21)
FNDA:0,(anonymous_22)
FNDA:0,(anonymous_23)
FNDA:0,(anonymous_24)
FNDA:0,(anonymous_25)
FNDA:0,(anonymous_26)
FNDA:0,(anonymous_27)
FNDA:0,(anonymous_28)
FNDA:0,(anonymous_29)
FNDA:0,(anonymous_30)
FNDA:0,(anonymous_31)
FNDA:0,(anonymous_32)
FNDA:0,(anonymous_33)
FNDA:0,(anonymous_34)
FNDA:0,(anonymous_35)
FNDA:12,App
DA:15,14
DA:16,14
DA:17,14
DA:18,14
DA:19,14
DA:20,14
DA:21,14
DA:22,14
DA:23,14
DA:24,14
DA:25,14
DA:26,14
DA:28,14
DA:29,12
DA:30,12
DA:31,3
DA:32,72
DA:34,3
DA:35,3
DA:37,0
DA:41,14
DA:42,12
DA:45,14
DA:46,0
DA:49,14
DA:50,0
DA:51,0
DA:57,14
DA:58,0
DA:59,0
DA:61,0
DA:62,0
DA:63,0
DA:66,0
DA:67,0
DA:68,0
DA:70,0
DA:71,0
DA:74,0
DA:75,0
DA:77,0
DA:78,0
DA:79,0
DA:82,0
DA:83,0
DA:85,0
DA:86,0
DA:91,14
DA:92,0
DA:93,0
DA:95,0
DA:96,0
DA:99,14
DA:100,0
DA:101,0
DA:102,0
DA:103,0
DA:106,14
DA:107,0
DA:108,0
DA:109,0
DA:110,0
DA:114,14
DA:115,0
DA:116,0
DA:119,14
DA:120,0
DA:121,0
DA:122,0
DA:123,0
DA:125,0
DA:129,14
DA:130,0
DA:131,0
DA:132,0
DA:134,0
DA:135,0
DA:136,0
DA:137,0
DA:139,0
DA:143,14
DA:147,14
DA:148,0
DA:151,14
DA:152,14
DA:155,0
DA:189,0
DA:203,0
DA:256,0
DA:277,0
DA:290,12
LF:91
LH:35
BRDA:51,0,0,0
BRDA:51,0,1,0
BRDA:51,0,2,0
BRDA:59,1,0,0
BRDA:59,1,1,0
BRDA:61,2,0,0
BRDA:61,2,1,0
BRDA:70,3,0,0
BRDA:70,3,1,0
BRDA:70,4,0,0
BRDA:70,4,1,0
BRDA:93,5,0,0
BRDA:93,5,1,0
BRDA:108,6,0,0
BRDA:108,6,1,0
BRDA:120,7,0,0
BRDA:120,7,1,0
BRDA:130,8,0,0
BRDA:130,8,1,0
BRDA:151,9,0,14
BRDA:151,9,1,0
BRDA:168,10,0,0
BRDA:168,10,1,0
BRDA:171,11,0,0
BRDA:171,11,1,0
BRDA:177,12,0,0
BRDA:177,12,1,0
BRDA:223,13,0,0
BRDA:223,13,1,0
BRDA:225,14,0,0
BRDA:225,14,1,0
BRDA:227,15,0,0
BRDA:227,15,1,0
BRDA:232,16,0,0
BRDA:232,16,1,0
BRDA:233,17,0,0
BRDA:233,17,1,0
BRDA:234,18,0,0
BRDA:234,18,1,0
BRDA:236,19,0,0
BRDA:236,19,1,0
BRDA:237,20,0,0
BRDA:237,20,1,0
BRDA:238,21,0,0
BRDA:238,21,1,0
BRDA:244,22,0,0
BRDA:244,22,1,0
BRDA:251,23,0,0
BRDA:251,23,1,0
BRDA:275,24,0,0
BRDA:275,24,1,0
BRF:51
BRH:1
end_of_record
TN:
SF:src\components\AddTransactionModal.tsx
FN:17,(anonymous_0)
FN:31,(anonymous_1)
FN:54,(anonymous_2)
FN:76,(anonymous_3)
FN:89,(anonymous_4)
FN:98,(anonymous_5)
FN:110,(anonymous_6)
FN:119,(anonymous_7)
FN:122,(anonymous_8)
FNF:9
FNH:2
FNDA:5,(anonymous_0)
FNDA:0,(anonymous_1)
FNDA:0,(anonymous_2)
FNDA:0,(anonymous_3)
FNDA:0,(anonymous_4)
FNDA:0,(anonymous_5)
FNDA:0,(anonymous_6)
FNDA:0,(anonymous_7)
FNDA:30,(anonymous_8)
DA:17,2
DA:22,5
DA:28,5
DA:29,5
DA:31,5
DA:32,0
DA:34,0
DA:35,0
DA:38,0
DA:39,0
DA:42,0
DA:43,0
DA:46,0
DA:47,0
DA:50,0
DA:51,0
DA:54,5
DA:55,0
DA:56,0
DA:57,0
DA:58,0
DA:59,0
DA:60,0
DA:62,0
DA:63,0
DA:65,0
DA:70,5
DA:77,0
DA:89,0
DA:98,0
DA:110,0
DA:119,0
DA:123,30
LF:33
LH:8
BRDA:34,0,0,0
BRDA:34,0,1,0
BRDA:38,1,0,0
BRDA:38,1,1,0
BRDA:42,2,0,0
BRDA:42,2,1,0
BRDA:46,3,0,0
BRDA:46,3,1,0
BRDA:56,4,0,0
BRDA:56,4,1,0
BRDA:74,5,0,5
BRDA:74,5,1,0
BRDA:143,6,0,0
BRDA:143,6,1,5
BRF:14
BRH:2
end_of_record
TN:
SF:src\components\EditTransactionModal.tsx
FN:14,(anonymous_0)
FN:28,(anonymous_1)
FN:47,(anonymous_2)
FN:52,(anonymous_3)
FN:58,(anonymous_4)
FN:74,(anonymous_5)
FN:124,(anonymous_6)
FNF:7
FNH:0
FNDA:0,(anonymous_0)
FNDA:0,(anonymous_1)
FNDA:0,(anonymous_2)
FNDA:0,(anonymous_3)
FNDA:0,(anonymous_4)
FNDA:0,(anonymous_5)
FNDA:0,(anonymous_6)
DA:14,1
DA:19,0
DA:26,0
DA:28,0
DA:29,0
DA:31,0
DA:32,0
DA:35,0
DA:36,0
DA:39,0
DA:40,0
DA:43,0
DA:44,0
DA:47,0
DA:50,0
DA:52,0
DA:58,0
DA:59,0
DA:60,0
DA:61,0
DA:68,0
DA:75,0
DA:125,0
LF:23
LH:1
BRDA:21,0,0,0
BRDA:21,0,1,0
BRDA:31,1,0,0
BRDA:31,1,1,0
BRDA:35,2,0,0
BRDA:35,2,1,0
BRDA:39,3,0,0
BRDA:39,3,1,0
BRDA:54,4,0,0
BRDA:54,4,1,0
BRDA:60,5,0,0
BRDA:60,5,1,0
BRDA:72,6,0,0
BRDA:72,6,1,0
BRF:14
BRH:0
end_of_record
TN:
SF:src\components\LoginPage.tsx
FN:7,(anonymous_0)
FNF:1
FNH:1
FNDA:14,(anonymous_0)
DA:7,1
DA:8,14
DA:10,14
LF:3
LH:3
BRF:0
BRH:0
end_of_record
TN:
SF:src\components\Notification.tsx
FN:72,(anonymous_0)
FN:78,(anonymous_1)
FN:80,(anonymous_2)
FN:84,(anonymous_3)
FNF:4
FNH:4
FNDA:7,(anonymous_0)
FNDA:5,(anonymous_1)
FNDA:1,(anonymous_2)
FNDA:4,(anonymous_3)
DA:72,2
DA:78,7
DA:79,5
DA:80,4
DA:81,1
DA:84,4
DA:88,7
DA:90,6
DA:91,6
DA:93,4
DA:94,4
DA:96,1
DA:97,1
DA:99,1
DA:100,1
DA:102,0
DA:105,6
LF:17
LH:16
BRDA:79,0,0,4
BRDA:79,0,1,1
BRDA:88,1,0,1
BRDA:88,1,1,6
BRDA:91,2,0,4
BRDA:91,2,1,1
BRDA:91,2,2,1
BRDA:91,2,3,0
BRF:8
BRH:7
end_of_record
TN:
SF:src\components\TransactionTable.tsx
FN:1092,(anonymous_0)
FN:1114,(anonymous_1)
FN:1120,(anonymous_2)
FN:1124,(anonymous_3)
FN:1129,(anonymous_4)
FN:1138,(anonymous_5)
FN:1142,(anonymous_6)
FN:1148,(anonymous_7)
FN:1153,(anonymous_8)
FN:1159,(anonymous_9)
FN:1164,(anonymous_10)
FN:1165,(anonymous_11)
FN:1166,(anonymous_12)
FN:1170,(anonymous_13)
FN:1171,(anonymous_14)
FN:1172,(anonymous_15)
FN:1175,(anonymous_16)
FN:1175,(anonymous_17)
FN:1177,(anonymous_18)
FN:1181,(anonymous_19)
FN:1186,(anonymous_20)
FN:1192,(anonymous_21)
FN:1205,(anonymous_22)
FN:1259,(anonymous_23)
FN:1273,(anonymous_24)
FN:1285,(anonymous_25)
FN:1302,(anonymous_26)
FN:1309,(anonymous_27)
FN:1331,(anonymous_28)
FN:1364,(anonymous_29)
FNF:30
FNH:0
FNDA:0,(anonymous_0)
FNDA:0,(anonymous_1)
FNDA:0,(anonymous_2)
FNDA:0,(anonymous_3)
FNDA:0,(anonymous_4)
FNDA:0,(anonymous_5)
FNDA:0,(anonymous_6)
FNDA:0,(anonymous_7)
FNDA:0,(anonymous_8)
FNDA:0,(anonymous_9)
FNDA:0,(anonymous_10)
FNDA:0,(anonymous_11)
FNDA:0,(anonymous_12)
FNDA:0,(anonymous_13)
FNDA:0,(anonymous_14)
FNDA:0,(anonymous_15)
FNDA:0,(anonymous_16)
FNDA:0,(anonymous_17)
FNDA:0,(anonymous_18)
FNDA:0,(anonymous_19)
FNDA:0,(anonymous_20)
FNDA:0,(anonymous_21)
FNDA:0,(anonymous_22)
FNDA:0,(anonymous_23)
FNDA:0,(anonymous_24)
FNDA:0,(anonymous_25)
FNDA:0,(anonymous_26)
FNDA:0,(anonymous_27)
FNDA:0,(anonymous_28)
FNDA:0,(anonymous_29)
DA:1092,1
DA:1106,0
DA:1107,0
DA:1108,0
DA:1109,0
DA:1110,0
DA:1111,0
DA:1114,0
DA:1115,0
DA:1116,0
DA:1117,0
DA:1120,0
DA:1121,0
DA:1124,0
DA:1125,0
DA:1126,0
DA:1129,0
DA:1130,0
DA:1131,0
DA:1132,0
DA:1133,0
DA:1134,0
DA:1138,0
DA:1139,0
DA:1142,0
DA:1143,0
DA:1144,0
DA:1145,0
DA:1148,0
DA:1149,0
DA:1150,0
DA:1153,0
DA:1154,0
DA:1155,0
DA:1156,0
DA:1159,0
DA:1160,0
DA:1161,0
DA:1164,0
DA:1165,0
DA:1166,0
DA:1170,0
DA:1171,0
DA:1172,0
DA:1174,0
DA:1175,0
DA:1177,0
DA:1181,0
DA:1182,0
DA:1183,0
DA:1186,0
DA:1187,0
DA:1188,0
DA:1192,0
DA:1193,0
DA:1194,0
DA:1198,0
DA:1205,0
DA:1260,0
DA:1274,0
DA:1285,0
DA:1302,0
DA:1309,0
DA:1332,0
DA:1364,0
LF:65
LH:1
BRDA:1130,0,0,0
BRDA:1130,0,1,0
BRDA:1166,1,0,0
BRDA:1166,1,1,0
BRDA:1174,2,0,0
BRDA:1174,2,1,0
BRDA:1187,3,0,0
BRDA:1187,3,1,0
BRDA:1193,4,0,0
BRDA:1193,4,1,0
BRDA:1209,5,0,0
BRDA:1209,5,1,0
BRDA:1224,6,0,0
BRDA:1224,6,1,0
BRDA:1242,7,0,0
BRDA:1242,7,1,0
BRDA:1259,8,0,0
BRDA:1259,8,1,0
BRDA:1277,9,0,0
BRDA:1277,9,1,0
BRDA:1361,10,0,0
BRDA:1361,10,1,0
BRF:22
BRH:0
end_of_record
TN:
SF:src\components\restoreTable.tsx
FN:275,(anonymous_0)
FN:281,(anonymous_1)
FN:291,(anonymous_2)
FN:338,(anonymous_3)
FN:355,(anonymous_4)
FN:361,(anonymous_5)
FNF:6
FNH:0
FNDA:0,(anonymous_0)
FNDA:0,(anonymous_1)
FNDA:0,(anonymous_2)
FNDA:0,(anonymous_3)
FNDA:0,(anonymous_4)
FNDA:0,(anonymous_5)
DA:275,1
DA:281,0
DA:282,0
DA:287,0
DA:291,0
DA:292,0
DA:298,0
DA:299,0
DA:304,0
DA:339,0
DA:355,0
DA:361,0
LF:12
LH:1
BRDA:282,0,0,0
BRDA:282,0,1,0
BRDA:292,1,0,0
BRDA:292,1,1,0
BRDA:309,2,0,0
BRDA:309,2,1,0
BRDA:350,3,0,0
BRDA:350,3,1,0
BRF:8
BRH:0
end_of_record
TN:
SF:src\config\firebase.ts
FNF:0
FNH:0
DA:4,1
DA:14,1
DA:15,1
LF:3
LH:3
BRF:0
BRH:0
end_of_record
TN:
SF:src\context\AuthContext.tsx
FN:13,(anonymous_0)
FN:16,(anonymous_1)
FN:17,(anonymous_2)
FN:21,(anonymous_3)
FN:24,(anonymous_4)
FN:33,(anonymous_5)
FN:48,(anonymous_6)
FNF:7
FNH:5
FNDA:24,(anonymous_0)
FNDA:24,(anonymous_1)
FNDA:24,(anonymous_2)
FNDA:24,(anonymous_3)
FNDA:0,(anonymous_4)
FNDA:0,(anonymous_5)
FNDA:28,(anonymous_6)
DA:11,1
DA:13,1
DA:14,24
DA:16,24
DA:17,24
DA:18,24
DA:21,24
DA:24,24
DA:25,0
DA:26,0
DA:27,0
DA:29,0
DA:33,24
DA:34,0
DA:35,0
DA:37,0
DA:41,24
DA:48,1
DA:49,28
DA:50,28
DA:51,0
DA:53,28
LF:22
LH:14
BRDA:50,0,0,0
BRDA:50,0,1,28
BRF:2
BRH:1
end_of_record
TN:
SF:src\services\api.ts
FN:273,(anonymous_0)
FN:291,(anonymous_1)
FN:301,(anonymous_2)
FN:320,(anonymous_3)
FN:342,(anonymous_4)
FN:354,(anonymous_5)
FN:372,(anonymous_6)
FN:375,(anonymous_7)
FNF:8
FNH:1
FNDA:12,(anonymous_0)
FNDA:0,(anonymous_1)
FNDA:0,(anonymous_2)
FNDA:0,(anonymous_3)
FNDA:0,(anonymous_4)
FNDA:0,(anonymous_5)
FNDA:0,(anonymous_6)
FNDA:0,(anonymous_7)
DA:261,1
DA:265,1
DA:272,1
DA:277,12
DA:278,12
DA:284,3
DA:286,0
DA:287,0
DA:292,0
DA:293,0
DA:294,0
DA:296,0
DA:297,0
DA:302,0
DA:303,0
DA:313,0
DA:315,0
DA:316,0
DA:324,0
DA:325,0
DA:335,0
DA:337,0
DA:338,0
DA:343,0
DA:344,0
DA:347,0
DA:349,0
DA:350,0
DA:355,0
DA:356,0
DA:357,0
DA:359,0
DA:365,0
DA:367,0
DA:368,0
DA:373,0
DA:375,0
DA:384,0
DA:385,0
DA:386,0
DA:387,0
DA:388,0
DA:389,0
DA:390,0
DA:391,0
LF:45
LH:6
BRDA:261,0,0,1
BRDA:261,0,1,1
BRDA:274,1,0,0
BRDA:275,2,0,0
BRF:4
BRH:2
end_of_record
TN:
SF:src\utils\currency.ts
FN:21,(anonymous_0)
FN:22,(anonymous_1)
FN:25,(anonymous_2)
FNF:3
FNH:3
FNDA:3,(anonymous_0)
FNDA:9,(anonymous_1)
FNDA:11,(anonymous_2)
DA:2,4
DA:22,9
DA:23,3
DA:26,11
DA:27,11
DA:28,1
DA:30,10
LF:7
LH:7
BRDA:23,0,0,3
BRDA:23,0,1,1
BRDA:27,1,0,1
BRDA:27,1,1,10
BRF:4
BRH:4
end_of_record
TN:
SF:src\utils\formatters.ts
FN:24,(anonymous_0)
FN:33,(anonymous_1)
FN:38,(anonymous_2)
FNF:3
FNH:3
FNDA:5,(anonymous_0)
FNDA:2,(anonymous_1)
FNDA:2,(anonymous_2)
DA:12,3
DA:23,3
DA:25,5
DA:26,5
DA:34,2
DA:35,2
DA:36,2
DA:39,2
LF:8
LH:8
BRDA:33,0,0,1
BRDA:34,1,0,2
BRDA:34,1,1,0
BRF:3
BRH:2
end_of_record
TN:
SF:src\utils\pdfGenerator.ts
FN:301,(anonymous_0)
FN:321,(anonymous_1)
FN:348,(anonymous_2)
FN:362,(anonymous_3)
FNF:4
FNH:3
FNDA:3,(anonymous_0)
FNDA:4,(anonymous_1)
FNDA:0,(anonymous_2)
FNDA:4,(anonymous_3)
DA:301,2
DA:302,3
DA:305,3
DA:306,3
DA:309,3
DA:310,3
DA:313,3
DA:321,4
DA:329,3
DA:330,3
DA:331,3
DA:334,3
DA:350,0
DA:351,0
DA:352,0
DA:353,0
DA:354,0
DA:355,0
DA:361,3
DA:362,4
DA:366,3
DA:367,3
DA:368,3
DA:375,3
LF:24
LH:18
BRDA:350,0,0,0
BRDA:350,0,1,0
BRF:2
BRH:0
end_of_record
TN:
SF:src\utils\validation.ts
FN:54,(anonymous_0)
FN:61,(anonymous_1)
FN:68,(anonymous_2)
FN:76,(anonymous_3)
FN:97,(anonymous_4)
FN:103,(anonymous_5)
FN:112,(anonymous_6)
FNF:7
FNH:6
FNDA:6,(anonymous_0)
FNDA:6,(anonymous_1)
FNDA:6,(anonymous_2)
FNDA:2,(anonymous_3)
FNDA:2,(anonymous_4)
FNDA:2,(anonymous_5)
FNDA:0,(anonymous_6)
DA:53,3
DA:55,6
DA:56,6
DA:57,6
DA:58,6
DA:62,6
DA:63,6
DA:64,6
DA:65,6
DA:70,6
DA:71,6
DA:72,6
DA:73,6
DA:77,2
DA:79,2
DA:80,1
DA:83,2
DA:84,1
DA:87,2
DA:88,1
DA:91,2
DA:102,2
DA:104,2
DA:117,0
DA:118,0
DA:124,0
DA:125,0
DA:128,0
LF:28
LH:23
BRDA:58,0,0,6
BRDA:58,0,1,5
BRDA:58,0,2,3
BRDA:64,1,0,6
BRDA:64,1,1,4
BRDA:65,2,0,6
BRDA:65,2,1,4
BRDA:72,3,0,6
BRDA:72,3,1,4
BRDA:73,4,0,6
BRDA:73,4,1,5
BRDA:73,4,2,4
BRDA:79,5,0,1
BRDA:79,5,1,1
BRDA:79,6,0,2
BRDA:79,6,1,2
BRDA:83,7,0,1
BRDA:83,7,1,1
BRDA:83,8,0,2
BRDA:83,8,1,1
BRDA:87,9,0,1
BRDA:87,9,1,1
BRDA:87,10,0,2
BRDA:87,10,1,1
BRDA:104,11,0,2
BRDA:104,11,1,2
BRDA:104,11,2,1
BRDA:104,11,3,1
BRDA:104,11,4,1
BRDA:124,12,0,0
BRDA:124,12,1,0
BRF:31
BRH:29
end_of_record
