{"C:\\transcation_valley\\backend\\src\\index.ts": {"path":"C:\\transcation_valley\\backend\\src\\index.ts","statementMap":{"0":{"start":{"line":4,"column":0},"end":{"line":4,"column":30}},"1":{"start":{"line":5,"column":0},"end":{"line":5,"column":28}},"2":{"start":{"line":6,"column":0},"end":{"line":6,"column":48}},"3":{"start":{"line":7,"column":0},"end":{"line":7,"column":24}},"4":{"start":{"line":13,"column":0},"end":{"line":13,"column":16}},"5":{"start":{"line":16,"column":12},"end":{"line":16,"column":21}},"6":{"start":{"line":43,"column":9},"end":{"line":43,"column":12}},"7":{"start":{"line":17,"column":13},"end":{"line":17,"column":37}},"8":{"start":{"line":19,"column":0},"end":{"line":19,"column":16}},"9":{"start":{"line":23,"column":0},"end":{"line":23,"column":24}},"10":{"start":{"line":24,"column":0},"end":{"line":24,"column":48}},"11":{"start":{"line":28,"column":0},"end":{"line":30,"column":3}},"12":{"start":{"line":29,"column":2},"end":{"line":29,"column":33}},"13":{"start":{"line":31,"column":0},"end":{"line":31,"column":33}},"14":{"start":{"line":38,"column":15},"end":{"line":40,"column":2}},"15":{"start":{"line":39,"column":2},"end":{"line":39,"column":60}},"16":{"start":{"line":43,"column":14},"end":{"line":43,"column":20}}},"fnMap":{"0":{"name":"(anonymous_1)","decl":{"start":{"line":28,"column":13},"end":{"line":28,"column":14}},"loc":{"start":{"line":28,"column":26},"end":{"line":30,"column":1}}},"1":{"name":"(anonymous_2)","decl":{"start":{"line":38,"column":32},"end":{"line":38,"column":35}},"loc":{"start":{"line":38,"column":37},"end":{"line":40,"column":1}}}},"branchMap":{"0":{"loc":{"start":{"line":17,"column":13},"end":{"line":17,"column":37}},"type":"binary-expr","locations":[{"start":{"line":17,"column":13},"end":{"line":17,"column":29}},{"start":{"line":17,"column":33},"end":{"line":17,"column":37}}]}},"s":{"0":1,"1":1,"2":1,"3":1,"4":1,"5":1,"6":1,"7":1,"8":1,"9":1,"10":1,"11":1,"12":0,"13":1,"14":1,"15":1,"16":1},"f":{"0":0,"1":1},"b":{"0":[1,1]}}
,"C:\\transcation_valley\\backend\\src\\helpers\\fileHelper.ts": {"path":"C:\\transcation_valley\\backend\\src\\helpers\\fileHelper.ts","statementMap":{"0":{"start":{"line":4,"column":0},"end":{"line":4,"column":28}},"1":{"start":{"line":7,"column":13},"end":{"line":17,"column":3}},"2":{"start":{"line":10,"column":4},"end":{"line":14,"column":5}},"3":{"start":{"line":11,"column":6},"end":{"line":11,"column":21}},"4":{"start":{"line":13,"column":6},"end":{"line":13,"column":65}}},"fnMap":{"0":{"name":"(anonymous_1)","decl":{"start":{"line":9,"column":14},"end":{"line":9,"column":15}},"loc":{"start":{"line":9,"column":32},"end":{"line":15,"column":3}}}},"branchMap":{"0":{"loc":{"start":{"line":10,"column":4},"end":{"line":14,"column":5}},"type":"if","locations":[{"start":{"line":10,"column":4},"end":{"line":14,"column":5}},{"start":{"line":12,"column":11},"end":{"line":14,"column":5}}]}},"s":{"0":2,"1":2,"2":5,"3":5,"4":0},"f":{"0":5},"b":{"0":[5,0]}}
,"C:\\transcation_valley\\backend\\src\\routes\\transactionRoutes.ts": {"path":"C:\\transcation_valley\\backend\\src\\routes\\transactionRoutes.ts","statementMap":{"0":{"start":{"line":2,"column":0},"end":{"line":2,"column":42}},"1":{"start":{"line":3,"column":0},"end":{"line":3,"column":47}},"2":{"start":{"line":4,"column":0},"end":{"line":4,"column":null}},"3":{"start":{"line":13,"column":23},"end":{"line":13,"column":39}},"4":{"start":{"line":18,"column":0},"end":{"line":18,"column":62}},"5":{"start":{"line":21,"column":0},"end":{"line":21,"column":45}},"6":{"start":{"line":24,"column":0},"end":{"line":24,"column":64}},"7":{"start":{"line":27,"column":0},"end":{"line":27,"column":45}},"8":{"start":{"line":30,"column":0},"end":{"line":30,"column":51}},"9":{"start":{"line":33,"column":0},"end":{"line":33,"column":54}},"10":{"start":{"line":35,"column":0},"end":{"line":35,"column":22}}},"fnMap":{},"branchMap":{},"s":{"0":1,"1":1,"2":1,"3":1,"4":1,"5":1,"6":1,"7":1,"8":1,"9":1,"10":1},"f":{},"b":{}}
,"C:\\transcation_valley\\backend\\src\\services\\transactionService.ts": {"path":"C:\\transcation_valley\\backend\\src\\services\\transactionService.ts","statementMap":{"0":{"start":{"line":4,"column":0},"end":{"line":4,"column":20}},"1":{"start":{"line":5,"column":0},"end":{"line":5,"column":33}},"2":{"start":{"line":6,"column":0},"end":{"line":6,"column":35}},"3":{"start":{"line":7,"column":0},"end":{"line":7,"column":46}},"4":{"start":{"line":8,"column":15},"end":{"line":8,"column":33}},"5":{"start":{"line":11,"column":22},"end":{"line":11,"column":37}},"6":{"start":{"line":13,"column":30},"end":{"line":105,"column":2}},"7":{"start":{"line":13,"column":83},"end":{"line":105,"column":2}},"8":{"start":{"line":14,"column":2},"end":{"line":17,"column":3}},"9":{"start":{"line":15,"column":4},"end":{"line":15,"column":57}},"10":{"start":{"line":16,"column":4},"end":{"line":16,"column":11}},"11":{"start":{"line":19,"column":15},"end":{"line":19,"column":23}},"12":{"start":{"line":22,"column":2},"end":{"line":25,"column":3}},"13":{"start":{"line":23,"column":4},"end":{"line":23,"column":67}},"14":{"start":{"line":24,"column":4},"end":{"line":24,"column":11}},"15":{"start":{"line":28,"column":2},"end":{"line":31,"column":3}},"16":{"start":{"line":29,"column":4},"end":{"line":29,"column":75}},"17":{"start":{"line":30,"column":4},"end":{"line":30,"column":11}},"18":{"start":{"line":33,"column":19},"end":{"line":33,"column":28}},"19":{"start":{"line":34,"column":30},"end":{"line":34,"column":32}},"20":{"start":{"line":36,"column":16},"end":{"line":36,"column":20}},"21":{"start":{"line":37,"column":22},"end":{"line":37,"column":27}},"22":{"start":{"line":39,"column":2},"end":{"line":103,"column":null}},"23":{"start":{"line":42,"column":6},"end":{"line":42,"column":22}},"24":{"start":{"line":43,"column":19},"end":{"line":43,"column":35}},"25":{"start":{"line":44,"column":26},"end":{"line":44,"column":49}},"26":{"start":{"line":45,"column":21},"end":{"line":45,"column":51}},"27":{"start":{"line":47,"column":6},"end":{"line":64,"column":7}},"28":{"start":{"line":48,"column":35},"end":{"line":48,"column":50}},"29":{"start":{"line":49,"column":8},"end":{"line":63,"column":9}},"30":{"start":{"line":50,"column":32},"end":{"line":50,"column":77}},"31":{"start":{"line":51,"column":10},"end":{"line":60,"column":11}},"32":{"start":{"line":52,"column":12},"end":{"line":52,"column":33}},"33":{"start":{"line":54,"column":12},"end":{"line":59,"column":15}},"34":{"start":{"line":62,"column":10},"end":{"line":62,"column":31}},"35":{"start":{"line":66,"column":6},"end":{"line":68,"column":7}},"36":{"start":{"line":67,"column":8},"end":{"line":67,"column":29}},"37":{"start":{"line":70,"column":6},"end":{"line":72,"column":7}},"38":{"start":{"line":71,"column":8},"end":{"line":71,"column":29}},"39":{"start":{"line":74,"column":26},"end":{"line":103,"column":6}},"40":{"start":{"line":75,"column":6},"end":{"line":78,"column":7}},"41":{"start":{"line":76,"column":8},"end":{"line":76,"column":71}},"42":{"start":{"line":77,"column":8},"end":{"line":77,"column":15}},"43":{"start":{"line":80,"column":6},"end":{"line":83,"column":7}},"44":{"start":{"line":81,"column":8},"end":{"line":81,"column":94}},"45":{"start":{"line":82,"column":8},"end":{"line":82,"column":15}},"46":{"start":{"line":85,"column":6},"end":{"line":102,"column":7}},"47":{"start":{"line":86,"column":8},"end":{"line":89,"column":11}},"48":{"start":{"line":90,"column":8},"end":{"line":93,"column":11}},"49":{"start":{"line":95,"column":8},"end":{"line":99,"column":9}},"50":{"start":{"line":96,"column":10},"end":{"line":96,"column":96}},"51":{"start":{"line":98,"column":10},"end":{"line":98,"column":75}},"52":{"start":{"line":101,"column":8},"end":{"line":101,"column":32}},"53":{"start":{"line":13,"column":13},"end":{"line":13,"column":30}},"54":{"start":{"line":109,"column":31},"end":{"line":131,"column":2}},"55":{"start":{"line":109,"column":84},"end":{"line":131,"column":2}},"56":{"start":{"line":110,"column":2},"end":{"line":130,"column":3}},"57":{"start":{"line":111,"column":25},"end":{"line":116,"column":6}},"58":{"start":{"line":117,"column":4},"end":{"line":117,"column":27}},"59":{"start":{"line":120,"column":4},"end":{"line":129,"column":5}},"60":{"start":{"line":121,"column":6},"end":{"line":124,"column":9}},"61":{"start":{"line":126,"column":6},"end":{"line":128,"column":9}},"62":{"start":{"line":109,"column":13},"end":{"line":109,"column":31}},"63":{"start":{"line":137,"column":40},"end":{"line":155,"column":2}},"64":{"start":{"line":137,"column":93},"end":{"line":155,"column":2}},"65":{"start":{"line":138,"column":15},"end":{"line":138,"column":54}},"66":{"start":{"line":139,"column":16},"end":{"line":139,"column":57}},"67":{"start":{"line":140,"column":17},"end":{"line":140,"column":35}},"68":{"start":{"line":142,"column":2},"end":{"line":154,"column":3}},"69":{"start":{"line":143,"column":39},"end":{"line":146,"column":6}},"70":{"start":{"line":147,"column":4},"end":{"line":147,"column":43}},"71":{"start":{"line":149,"column":4},"end":{"line":153,"column":5}},"72":{"start":{"line":150,"column":6},"end":{"line":150,"column":93}},"73":{"start":{"line":152,"column":6},"end":{"line":152,"column":71}},"74":{"start":{"line":137,"column":13},"end":{"line":137,"column":40}},"75":{"start":{"line":158,"column":30},"end":{"line":193,"column":2}},"76":{"start":{"line":158,"column":83},"end":{"line":193,"column":2}},"77":{"start":{"line":159,"column":50},"end":{"line":159,"column":58}},"78":{"start":{"line":162,"column":2},"end":{"line":165,"column":3}},"79":{"start":{"line":163,"column":4},"end":{"line":163,"column":64}},"80":{"start":{"line":164,"column":4},"end":{"line":164,"column":11}},"81":{"start":{"line":168,"column":21},"end":{"line":168,"column":35}},"82":{"start":{"line":169,"column":16},"end":{"line":169,"column":41}},"83":{"start":{"line":170,"column":14},"end":{"line":170,"column":34}},"84":{"start":{"line":173,"column":2},"end":{"line":179,"column":3}},"85":{"start":{"line":177,"column":4},"end":{"line":177,"column":119}},"86":{"start":{"line":178,"column":4},"end":{"line":178,"column":11}},"87":{"start":{"line":181,"column":2},"end":{"line":192,"column":3}},"88":{"start":{"line":182,"column":24},"end":{"line":184,"column":6}},"89":{"start":{"line":185,"column":4},"end":{"line":185,"column":38}},"90":{"start":{"line":187,"column":4},"end":{"line":191,"column":5}},"91":{"start":{"line":188,"column":6},"end":{"line":188,"column":90}},"92":{"start":{"line":190,"column":6},"end":{"line":190,"column":71}},"93":{"start":{"line":158,"column":13},"end":{"line":158,"column":30}},"94":{"start":{"line":292,"column":33},"end":{"line":336,"column":2}},"95":{"start":{"line":292,"column":86},"end":{"line":336,"column":2}},"96":{"start":{"line":293,"column":2},"end":{"line":335,"column":3}},"97":{"start":{"line":294,"column":19},"end":{"line":294,"column":29}},"98":{"start":{"line":295,"column":46},"end":{"line":295,"column":54}},"99":{"start":{"line":298,"column":32},"end":{"line":298,"column":98}},"100":{"start":{"line":300,"column":4},"end":{"line":303,"column":5}},"101":{"start":{"line":301,"column":6},"end":{"line":301,"column":64}},"102":{"start":{"line":302,"column":6},"end":{"line":302,"column":13}},"103":{"start":{"line":306,"column":31},"end":{"line":314,"column":6}},"104":{"start":{"line":317,"column":25},"end":{"line":322,"column":6}},"105":{"start":{"line":324,"column":4},"end":{"line":328,"column":7}},"106":{"start":{"line":330,"column":4},"end":{"line":334,"column":5}},"107":{"start":{"line":331,"column":6},"end":{"line":331,"column":93}},"108":{"start":{"line":333,"column":6},"end":{"line":333,"column":71}},"109":{"start":{"line":292,"column":13},"end":{"line":292,"column":33}},"110":{"start":{"line":340,"column":33},"end":{"line":367,"column":2}},"111":{"start":{"line":340,"column":86},"end":{"line":367,"column":2}},"112":{"start":{"line":341,"column":17},"end":{"line":341,"column":27}},"113":{"start":{"line":342,"column":23},"end":{"line":342,"column":48}},"114":{"start":{"line":344,"column":2},"end":{"line":347,"column":3}},"115":{"start":{"line":345,"column":4},"end":{"line":345,"column":63}},"116":{"start":{"line":346,"column":4},"end":{"line":346,"column":11}},"117":{"start":{"line":349,"column":2},"end":{"line":366,"column":3}},"118":{"start":{"line":350,"column":4},"end":{"line":357,"column":5}},"119":{"start":{"line":351,"column":6},"end":{"line":351,"column":71}},"120":{"start":{"line":353,"column":6},"end":{"line":356,"column":9}},"121":{"start":{"line":359,"column":4},"end":{"line":359,"column":27}},"122":{"start":{"line":361,"column":4},"end":{"line":365,"column":5}},"123":{"start":{"line":362,"column":6},"end":{"line":362,"column":93}},"124":{"start":{"line":364,"column":6},"end":{"line":364,"column":71}},"125":{"start":{"line":340,"column":13},"end":{"line":340,"column":33}}},"fnMap":{"0":{"name":"(anonymous_8)","decl":{"start":{"line":13,"column":30},"end":{"line":13,"column":37}},"loc":{"start":{"line":13,"column":83},"end":{"line":105,"column":2}}},"1":{"name":"(anonymous_9)","decl":{"start":{"line":13,"column":83},"end":{"line":13,"column":null}},"loc":{"start":{"line":13,"column":83},"end":{"line":105,"column":1}}},"2":{"name":"(anonymous_10)","decl":{"start":{"line":41,"column":16},"end":{"line":41,"column":17}},"loc":{"start":{"line":41,"column":24},"end":{"line":73,"column":5}}},"3":{"name":"(anonymous_11)","decl":{"start":{"line":74,"column":15},"end":{"line":74,"column":24}},"loc":{"start":{"line":74,"column":26},"end":{"line":103,"column":6}}},"4":{"name":"(anonymous_12)","decl":{"start":{"line":74,"column":26},"end":{"line":74,"column":null}},"loc":{"start":{"line":74,"column":26},"end":{"line":103,"column":5}}},"5":{"name":"(anonymous_13)","decl":{"start":{"line":109,"column":31},"end":{"line":109,"column":38}},"loc":{"start":{"line":109,"column":84},"end":{"line":131,"column":2}}},"6":{"name":"(anonymous_14)","decl":{"start":{"line":109,"column":84},"end":{"line":109,"column":null}},"loc":{"start":{"line":109,"column":84},"end":{"line":131,"column":1}}},"7":{"name":"(anonymous_15)","decl":{"start":{"line":137,"column":40},"end":{"line":137,"column":47}},"loc":{"start":{"line":137,"column":93},"end":{"line":155,"column":2}}},"8":{"name":"(anonymous_16)","decl":{"start":{"line":137,"column":93},"end":{"line":137,"column":null}},"loc":{"start":{"line":137,"column":93},"end":{"line":155,"column":1}}},"9":{"name":"(anonymous_17)","decl":{"start":{"line":158,"column":30},"end":{"line":158,"column":37}},"loc":{"start":{"line":158,"column":83},"end":{"line":193,"column":2}}},"10":{"name":"(anonymous_18)","decl":{"start":{"line":158,"column":83},"end":{"line":158,"column":null}},"loc":{"start":{"line":158,"column":83},"end":{"line":193,"column":1}}},"11":{"name":"(anonymous_19)","decl":{"start":{"line":292,"column":33},"end":{"line":292,"column":40}},"loc":{"start":{"line":292,"column":86},"end":{"line":336,"column":2}}},"12":{"name":"(anonymous_20)","decl":{"start":{"line":292,"column":86},"end":{"line":292,"column":null}},"loc":{"start":{"line":292,"column":86},"end":{"line":336,"column":1}}},"13":{"name":"(anonymous_21)","decl":{"start":{"line":340,"column":33},"end":{"line":340,"column":40}},"loc":{"start":{"line":340,"column":86},"end":{"line":367,"column":2}}},"14":{"name":"(anonymous_22)","decl":{"start":{"line":340,"column":86},"end":{"line":340,"column":null}},"loc":{"start":{"line":340,"column":86},"end":{"line":367,"column":1}}}},"branchMap":{"0":{"loc":{"start":{"line":14,"column":2},"end":{"line":17,"column":3}},"type":"if","locations":[{"start":{"line":14,"column":2},"end":{"line":17,"column":3}}]},"1":{"loc":{"start":{"line":22,"column":2},"end":{"line":25,"column":3}},"type":"if","locations":[{"start":{"line":22,"column":2},"end":{"line":25,"column":3}}]},"2":{"loc":{"start":{"line":28,"column":2},"end":{"line":31,"column":3}},"type":"if","locations":[{"start":{"line":28,"column":2},"end":{"line":31,"column":3}}]},"3":{"loc":{"start":{"line":43,"column":19},"end":{"line":43,"column":35}},"type":"cond-expr","locations":[{"start":{"line":43,"column":27},"end":{"line":43,"column":29}},{"start":{"line":43,"column":27},"end":{"line":43,"column":35}}]},"4":{"loc":{"start":{"line":43,"column":19},"end":{"line":43,"column":29}},"type":"binary-expr","locations":[{"start":{"line":43,"column":19},"end":{"line":43,"column":29}},{"start":{"line":43,"column":27},"end":{"line":43,"column":29}}]},"5":{"loc":{"start":{"line":44,"column":26},"end":{"line":44,"column":49}},"type":"cond-expr","locations":[{"start":{"line":44,"column":41},"end":{"line":44,"column":43}},{"start":{"line":44,"column":41},"end":{"line":44,"column":49}}]},"6":{"loc":{"start":{"line":44,"column":26},"end":{"line":44,"column":43}},"type":"binary-expr","locations":[{"start":{"line":44,"column":26},"end":{"line":44,"column":43}},{"start":{"line":44,"column":41},"end":{"line":44,"column":43}}]},"7":{"loc":{"start":{"line":45,"column":32},"end":{"line":45,"column":50}},"type":"cond-expr","locations":[{"start":{"line":45,"column":42},"end":{"line":45,"column":44}},{"start":{"line":45,"column":42},"end":{"line":45,"column":50}}]},"8":{"loc":{"start":{"line":45,"column":32},"end":{"line":45,"column":44}},"type":"binary-expr","locations":[{"start":{"line":45,"column":32},"end":{"line":45,"column":44}},{"start":{"line":45,"column":42},"end":{"line":45,"column":44}}]},"9":{"loc":{"start":{"line":47,"column":6},"end":{"line":64,"column":7}},"type":"if","locations":[{"start":{"line":47,"column":6},"end":{"line":64,"column":7}}]},"10":{"loc":{"start":{"line":49,"column":8},"end":{"line":63,"column":9}},"type":"if","locations":[{"start":{"line":49,"column":8},"end":{"line":63,"column":9}},{"start":{"line":61,"column":15},"end":{"line":63,"column":9}}]},"11":{"loc":{"start":{"line":49,"column":12},"end":{"line":49,"column":32}},"type":"binary-expr","locations":[{"start":{"line":49,"column":12},"end":{"line":49,"column":15}},{"start":{"line":49,"column":19},"end":{"line":49,"column":24}},{"start":{"line":49,"column":28},"end":{"line":49,"column":32}}]},"12":{"loc":{"start":{"line":51,"column":10},"end":{"line":60,"column":11}},"type":"if","locations":[{"start":{"line":51,"column":10},"end":{"line":60,"column":11}},{"start":{"line":53,"column":17},"end":{"line":60,"column":11}}]},"13":{"loc":{"start":{"line":58,"column":24},"end":{"line":58,"column":44}},"type":"binary-expr","locations":[{"start":{"line":58,"column":24},"end":{"line":58,"column":36}},{"start":{"line":58,"column":40},"end":{"line":58,"column":44}}]},"14":{"loc":{"start":{"line":66,"column":6},"end":{"line":68,"column":7}},"type":"if","locations":[{"start":{"line":66,"column":6},"end":{"line":68,"column":7}}]},"15":{"loc":{"start":{"line":70,"column":6},"end":{"line":72,"column":7}},"type":"if","locations":[{"start":{"line":70,"column":6},"end":{"line":72,"column":7}}]},"16":{"loc":{"start":{"line":70,"column":10},"end":{"line":70,"column":48}},"type":"binary-expr","locations":[{"start":{"line":70,"column":10},"end":{"line":70,"column":15}},{"start":{"line":70,"column":19},"end":{"line":70,"column":31}},{"start":{"line":70,"column":35},"end":{"line":70,"column":48}}]},"17":{"loc":{"start":{"line":75,"column":6},"end":{"line":78,"column":7}},"type":"if","locations":[{"start":{"line":75,"column":6},"end":{"line":78,"column":7}}]},"18":{"loc":{"start":{"line":80,"column":6},"end":{"line":83,"column":7}},"type":"if","locations":[{"start":{"line":80,"column":6},"end":{"line":83,"column":7}}]},"19":{"loc":{"start":{"line":95,"column":8},"end":{"line":99,"column":9}},"type":"if","locations":[{"start":{"line":95,"column":8},"end":{"line":99,"column":9}},{"start":{"line":97,"column":15},"end":{"line":99,"column":9}}]},"20":{"loc":{"start":{"line":120,"column":4},"end":{"line":129,"column":5}},"type":"if","locations":[{"start":{"line":120,"column":4},"end":{"line":129,"column":5}},{"start":{"line":125,"column":11},"end":{"line":129,"column":5}}]},"21":{"loc":{"start":{"line":138,"column":15},"end":{"line":138,"column":54}},"type":"binary-expr","locations":[{"start":{"line":138,"column":15},"end":{"line":138,"column":49}},{"start":{"line":138,"column":53},"end":{"line":138,"column":54}}]},"22":{"loc":{"start":{"line":139,"column":16},"end":{"line":139,"column":57}},"type":"binary-expr","locations":[{"start":{"line":139,"column":16},"end":{"line":139,"column":51}},{"start":{"line":139,"column":55},"end":{"line":139,"column":57}}]},"23":{"loc":{"start":{"line":149,"column":4},"end":{"line":153,"column":5}},"type":"if","locations":[{"start":{"line":149,"column":4},"end":{"line":153,"column":5}},{"start":{"line":151,"column":11},"end":{"line":153,"column":5}}]},"24":{"loc":{"start":{"line":162,"column":2},"end":{"line":165,"column":3}},"type":"if","locations":[{"start":{"line":162,"column":2},"end":{"line":165,"column":3}}]},"25":{"loc":{"start":{"line":162,"column":6},"end":{"line":162,"column":57}},"type":"binary-expr","locations":[{"start":{"line":162,"column":6},"end":{"line":162,"column":11}},{"start":{"line":162,"column":15},"end":{"line":162,"column":27}},{"start":{"line":162,"column":31},"end":{"line":162,"column":57}}]},"26":{"loc":{"start":{"line":173,"column":2},"end":{"line":179,"column":3}},"type":"if","locations":[{"start":{"line":173,"column":2},"end":{"line":179,"column":3}}]},"27":{"loc":{"start":{"line":174,"column":4},"end":{"line":175,"column":40}},"type":"binary-expr","locations":[{"start":{"line":174,"column":5},"end":{"line":174,"column":16}},{"start":{"line":174,"column":20},"end":{"line":174,"column":27}},{"start":{"line":174,"column":31},"end":{"line":174,"column":39}},{"start":{"line":175,"column":5},"end":{"line":175,"column":16}},{"start":{"line":175,"column":20},"end":{"line":175,"column":27}},{"start":{"line":175,"column":31},"end":{"line":175,"column":39}}]},"28":{"loc":{"start":{"line":187,"column":4},"end":{"line":191,"column":5}},"type":"if","locations":[{"start":{"line":187,"column":4},"end":{"line":191,"column":5}},{"start":{"line":189,"column":11},"end":{"line":191,"column":5}}]},"29":{"loc":{"start":{"line":300,"column":4},"end":{"line":303,"column":5}},"type":"if","locations":[{"start":{"line":300,"column":4},"end":{"line":303,"column":5}}]},"30":{"loc":{"start":{"line":309,"column":21},"end":{"line":309,"column":67}},"type":"binary-expr","locations":[{"start":{"line":309,"column":21},"end":{"line":309,"column":32}},{"start":{"line":309,"column":36},"end":{"line":309,"column":67}}]},"31":{"loc":{"start":{"line":310,"column":16},"end":{"line":310,"column":73}},"type":"cond-expr","locations":[{"start":{"line":310,"column":25},"end":{"line":310,"column":44}},{"start":{"line":310,"column":47},"end":{"line":310,"column":73}}]},"32":{"loc":{"start":{"line":311,"column":18},"end":{"line":311,"column":58}},"type":"binary-expr","locations":[{"start":{"line":311,"column":18},"end":{"line":311,"column":26}},{"start":{"line":311,"column":30},"end":{"line":311,"column":58}}]},"33":{"loc":{"start":{"line":330,"column":4},"end":{"line":334,"column":5}},"type":"if","locations":[{"start":{"line":330,"column":4},"end":{"line":334,"column":5}},{"start":{"line":332,"column":11},"end":{"line":334,"column":5}}]},"34":{"loc":{"start":{"line":344,"column":2},"end":{"line":347,"column":3}},"type":"if","locations":[{"start":{"line":344,"column":2},"end":{"line":347,"column":3}}]},"35":{"loc":{"start":{"line":350,"column":4},"end":{"line":357,"column":5}},"type":"if","locations":[{"start":{"line":350,"column":4},"end":{"line":357,"column":5}},{"start":{"line":352,"column":11},"end":{"line":357,"column":5}}]},"36":{"loc":{"start":{"line":361,"column":4},"end":{"line":365,"column":5}},"type":"if","locations":[{"start":{"line":361,"column":4},"end":{"line":365,"column":5}},{"start":{"line":363,"column":11},"end":{"line":365,"column":5}}]}},"s":{"0":7,"1":7,"2":7,"3":7,"4":7,"5":7,"6":7,"7":13,"8":13,"9":2,"10":2,"11":11,"12":11,"13":1,"14":1,"15":10,"16":1,"17":1,"18":9,"19":9,"20":9,"21":9,"22":9,"23":4,"24":4,"25":4,"26":4,"27":4,"28":4,"29":4,"30":3,"31":3,"32":0,"33":3,"34":1,"35":4,"36":2,"37":4,"38":2,"39":5,"40":5,"41":1,"42":1,"43":4,"44":3,"45":3,"46":1,"47":1,"48":1,"49":0,"50":0,"51":0,"52":1,"53":7,"54":7,"55":2,"56":2,"57":2,"58":1,"59":1,"60":1,"61":0,"62":7,"63":7,"64":3,"65":3,"66":3,"67":3,"68":3,"69":3,"70":1,"71":2,"72":2,"73":0,"74":7,"75":7,"76":5,"77":5,"78":5,"79":2,"80":2,"81":3,"82":3,"83":3,"84":3,"85":0,"86":0,"87":3,"88":3,"89":2,"90":1,"91":1,"92":0,"93":7,"94":7,"95":9,"96":9,"97":9,"98":9,"99":9,"100":8,"101":5,"102":5,"103":3,"104":1,"105":0,"106":4,"107":4,"108":0,"109":7,"110":7,"111":6,"112":6,"113":6,"114":6,"115":2,"116":2,"117":4,"118":4,"119":1,"120":3,"121":1,"122":3,"123":3,"124":0,"125":7},"f":{"0":13,"1":13,"2":4,"3":5,"4":5,"5":2,"6":2,"7":3,"8":3,"9":5,"10":5,"11":9,"12":9,"13":6,"14":6},"b":{"0":[2],"1":[1],"2":[1],"3":[0,4],"4":[4,4],"5":[1,3],"6":[4,4],"7":[1,3],"8":[4,4],"9":[4],"10":[3,1],"11":[4,4,4],"12":[0,3],"13":[3,1],"14":[2],"15":[2],"16":[4,4,3],"17":[1],"18":[3],"19":[0,0],"20":[1,0],"21":[3,3],"22":[3,3],"23":[2,0],"24":[2],"25":[5,3,3],"26":[0],"27":[3,2,3,3,1,3],"28":[1,0],"29":[5],"30":[3,1],"31":[2,1],"32":[3,1],"33":[4,0],"34":[2],"35":[1,3],"36":[3,0]}}
}
