{"C:\\transcation_valley\\backend\\src\\index.ts": {"path":"C:\\transcation_valley\\backend\\src\\index.ts","statementMap":{"0":{"start":{"line":4,"column":0},"end":{"line":4,"column":30}},"1":{"start":{"line":5,"column":0},"end":{"line":5,"column":28}},"2":{"start":{"line":6,"column":0},"end":{"line":6,"column":48}},"3":{"start":{"line":7,"column":0},"end":{"line":7,"column":24}},"4":{"start":{"line":13,"column":0},"end":{"line":13,"column":16}},"5":{"start":{"line":16,"column":12},"end":{"line":16,"column":21}},"6":{"start":{"line":39,"column":9},"end":{"line":39,"column":12}},"7":{"start":{"line":17,"column":13},"end":{"line":17,"column":37}},"8":{"start":{"line":19,"column":0},"end":{"line":19,"column":16}},"9":{"start":{"line":23,"column":0},"end":{"line":23,"column":24}},"10":{"start":{"line":24,"column":0},"end":{"line":24,"column":48}},"11":{"start":{"line":27,"column":0},"end":{"line":27,"column":33}},"12":{"start":{"line":34,"column":15},"end":{"line":36,"column":2}},"13":{"start":{"line":35,"column":2},"end":{"line":35,"column":60}},"14":{"start":{"line":39,"column":14},"end":{"line":39,"column":20}}},"fnMap":{"0":{"name":"(anonymous_1)","decl":{"start":{"line":34,"column":32},"end":{"line":34,"column":35}},"loc":{"start":{"line":34,"column":37},"end":{"line":36,"column":1}}}},"branchMap":{"0":{"loc":{"start":{"line":17,"column":13},"end":{"line":17,"column":37}},"type":"binary-expr","locations":[{"start":{"line":17,"column":13},"end":{"line":17,"column":29}},{"start":{"line":17,"column":33},"end":{"line":17,"column":37}}]}},"s":{"0":1,"1":1,"2":1,"3":1,"4":1,"5":1,"6":1,"7":1,"8":1,"9":1,"10":1,"11":1,"12":1,"13":0,"14":1},"f":{"0":0},"b":{"0":[1,1]}}
,"C:\\transcation_valley\\backend\\src\\helpers\\fileHelper.ts": {"path":"C:\\transcation_valley\\backend\\src\\helpers\\fileHelper.ts","statementMap":{"0":{"start":{"line":4,"column":0},"end":{"line":4,"column":28}},"1":{"start":{"line":7,"column":13},"end":{"line":17,"column":3}},"2":{"start":{"line":10,"column":4},"end":{"line":14,"column":5}},"3":{"start":{"line":11,"column":6},"end":{"line":11,"column":21}},"4":{"start":{"line":13,"column":6},"end":{"line":13,"column":65}}},"fnMap":{"0":{"name":"(anonymous_1)","decl":{"start":{"line":9,"column":14},"end":{"line":9,"column":15}},"loc":{"start":{"line":9,"column":32},"end":{"line":15,"column":3}}}},"branchMap":{"0":{"loc":{"start":{"line":10,"column":4},"end":{"line":14,"column":5}},"type":"if","locations":[{"start":{"line":10,"column":4},"end":{"line":14,"column":5}},{"start":{"line":12,"column":11},"end":{"line":14,"column":5}}]}},"s":{"0":2,"1":2,"2":5,"3":5,"4":0},"f":{"0":5},"b":{"0":[5,0]}}
,"C:\\transcation_valley\\backend\\src\\routes\\transactionRoutes.ts": {"path":"C:\\transcation_valley\\backend\\src\\routes\\transactionRoutes.ts","statementMap":{"0":{"start":{"line":6,"column":0},"end":{"line":6,"column":42}},"1":{"start":{"line":7,"column":0},"end":{"line":7,"column":47}},"2":{"start":{"line":8,"column":0},"end":{"line":8,"column":null}},"3":{"start":{"line":17,"column":23},"end":{"line":17,"column":39}},"4":{"start":{"line":22,"column":0},"end":{"line":22,"column":62}},"5":{"start":{"line":25,"column":0},"end":{"line":25,"column":45}},"6":{"start":{"line":28,"column":0},"end":{"line":28,"column":64}},"7":{"start":{"line":31,"column":0},"end":{"line":31,"column":45}},"8":{"start":{"line":34,"column":0},"end":{"line":34,"column":51}},"9":{"start":{"line":37,"column":0},"end":{"line":37,"column":54}},"10":{"start":{"line":39,"column":0},"end":{"line":39,"column":22}}},"fnMap":{},"branchMap":{},"s":{"0":1,"1":1,"2":1,"3":1,"4":1,"5":1,"6":1,"7":1,"8":1,"9":1,"10":1},"f":{},"b":{}}
,"C:\\transcation_valley\\backend\\src\\services\\transactionService.ts": {"path":"C:\\transcation_valley\\backend\\src\\services\\transactionService.ts","statementMap":{"0":{"start":{"line":396,"column":0},"end":{"line":396,"column":20}},"1":{"start":{"line":397,"column":0},"end":{"line":397,"column":35}},"2":{"start":{"line":398,"column":0},"end":{"line":398,"column":46}},"3":{"start":{"line":399,"column":15},"end":{"line":399,"column":33}},"4":{"start":{"line":401,"column":22},"end":{"line":401,"column":37}},"5":{"start":{"line":403,"column":30},"end":{"line":495,"column":2}},"6":{"start":{"line":403,"column":83},"end":{"line":495,"column":2}},"7":{"start":{"line":404,"column":2},"end":{"line":407,"column":3}},"8":{"start":{"line":405,"column":4},"end":{"line":405,"column":57}},"9":{"start":{"line":406,"column":4},"end":{"line":406,"column":11}},"10":{"start":{"line":409,"column":15},"end":{"line":409,"column":23}},"11":{"start":{"line":412,"column":2},"end":{"line":415,"column":3}},"12":{"start":{"line":413,"column":4},"end":{"line":413,"column":67}},"13":{"start":{"line":414,"column":4},"end":{"line":414,"column":11}},"14":{"start":{"line":418,"column":2},"end":{"line":421,"column":3}},"15":{"start":{"line":419,"column":4},"end":{"line":419,"column":75}},"16":{"start":{"line":420,"column":4},"end":{"line":420,"column":11}},"17":{"start":{"line":423,"column":19},"end":{"line":423,"column":28}},"18":{"start":{"line":424,"column":30},"end":{"line":424,"column":32}},"19":{"start":{"line":426,"column":16},"end":{"line":426,"column":20}},"20":{"start":{"line":427,"column":22},"end":{"line":427,"column":27}},"21":{"start":{"line":429,"column":2},"end":{"line":493,"column":null}},"22":{"start":{"line":432,"column":6},"end":{"line":432,"column":22}},"23":{"start":{"line":433,"column":19},"end":{"line":433,"column":35}},"24":{"start":{"line":434,"column":26},"end":{"line":434,"column":49}},"25":{"start":{"line":435,"column":21},"end":{"line":435,"column":51}},"26":{"start":{"line":437,"column":6},"end":{"line":454,"column":7}},"27":{"start":{"line":438,"column":35},"end":{"line":438,"column":50}},"28":{"start":{"line":439,"column":8},"end":{"line":453,"column":9}},"29":{"start":{"line":440,"column":32},"end":{"line":440,"column":77}},"30":{"start":{"line":441,"column":10},"end":{"line":450,"column":11}},"31":{"start":{"line":442,"column":12},"end":{"line":442,"column":33}},"32":{"start":{"line":444,"column":12},"end":{"line":449,"column":15}},"33":{"start":{"line":452,"column":10},"end":{"line":452,"column":31}},"34":{"start":{"line":456,"column":6},"end":{"line":458,"column":7}},"35":{"start":{"line":457,"column":8},"end":{"line":457,"column":29}},"36":{"start":{"line":460,"column":6},"end":{"line":462,"column":7}},"37":{"start":{"line":461,"column":8},"end":{"line":461,"column":29}},"38":{"start":{"line":464,"column":26},"end":{"line":493,"column":6}},"39":{"start":{"line":465,"column":6},"end":{"line":468,"column":7}},"40":{"start":{"line":466,"column":8},"end":{"line":466,"column":71}},"41":{"start":{"line":467,"column":8},"end":{"line":467,"column":15}},"42":{"start":{"line":470,"column":6},"end":{"line":473,"column":7}},"43":{"start":{"line":471,"column":8},"end":{"line":471,"column":94}},"44":{"start":{"line":472,"column":8},"end":{"line":472,"column":15}},"45":{"start":{"line":475,"column":6},"end":{"line":492,"column":7}},"46":{"start":{"line":476,"column":8},"end":{"line":479,"column":11}},"47":{"start":{"line":480,"column":8},"end":{"line":483,"column":11}},"48":{"start":{"line":485,"column":8},"end":{"line":489,"column":9}},"49":{"start":{"line":486,"column":10},"end":{"line":486,"column":96}},"50":{"start":{"line":488,"column":10},"end":{"line":488,"column":75}},"51":{"start":{"line":491,"column":8},"end":{"line":491,"column":32}},"52":{"start":{"line":403,"column":13},"end":{"line":403,"column":30}},"53":{"start":{"line":499,"column":31},"end":{"line":521,"column":2}},"54":{"start":{"line":499,"column":84},"end":{"line":521,"column":2}},"55":{"start":{"line":500,"column":2},"end":{"line":520,"column":3}},"56":{"start":{"line":501,"column":25},"end":{"line":506,"column":6}},"57":{"start":{"line":507,"column":4},"end":{"line":507,"column":27}},"58":{"start":{"line":510,"column":4},"end":{"line":519,"column":5}},"59":{"start":{"line":511,"column":6},"end":{"line":514,"column":9}},"60":{"start":{"line":516,"column":6},"end":{"line":518,"column":9}},"61":{"start":{"line":499,"column":13},"end":{"line":499,"column":31}},"62":{"start":{"line":527,"column":40},"end":{"line":545,"column":2}},"63":{"start":{"line":527,"column":93},"end":{"line":545,"column":2}},"64":{"start":{"line":528,"column":15},"end":{"line":528,"column":54}},"65":{"start":{"line":529,"column":16},"end":{"line":529,"column":57}},"66":{"start":{"line":530,"column":17},"end":{"line":530,"column":35}},"67":{"start":{"line":532,"column":2},"end":{"line":544,"column":3}},"68":{"start":{"line":533,"column":39},"end":{"line":536,"column":6}},"69":{"start":{"line":537,"column":4},"end":{"line":537,"column":43}},"70":{"start":{"line":539,"column":4},"end":{"line":543,"column":5}},"71":{"start":{"line":540,"column":6},"end":{"line":540,"column":93}},"72":{"start":{"line":542,"column":6},"end":{"line":542,"column":71}},"73":{"start":{"line":527,"column":13},"end":{"line":527,"column":40}},"74":{"start":{"line":548,"column":30},"end":{"line":583,"column":2}},"75":{"start":{"line":548,"column":83},"end":{"line":583,"column":2}},"76":{"start":{"line":549,"column":50},"end":{"line":549,"column":58}},"77":{"start":{"line":552,"column":2},"end":{"line":555,"column":3}},"78":{"start":{"line":553,"column":4},"end":{"line":553,"column":64}},"79":{"start":{"line":554,"column":4},"end":{"line":554,"column":11}},"80":{"start":{"line":558,"column":21},"end":{"line":558,"column":35}},"81":{"start":{"line":559,"column":16},"end":{"line":559,"column":41}},"82":{"start":{"line":560,"column":14},"end":{"line":560,"column":34}},"83":{"start":{"line":563,"column":2},"end":{"line":569,"column":3}},"84":{"start":{"line":567,"column":4},"end":{"line":567,"column":119}},"85":{"start":{"line":568,"column":4},"end":{"line":568,"column":11}},"86":{"start":{"line":571,"column":2},"end":{"line":582,"column":3}},"87":{"start":{"line":572,"column":24},"end":{"line":574,"column":6}},"88":{"start":{"line":575,"column":4},"end":{"line":575,"column":38}},"89":{"start":{"line":577,"column":4},"end":{"line":581,"column":5}},"90":{"start":{"line":578,"column":6},"end":{"line":578,"column":90}},"91":{"start":{"line":580,"column":6},"end":{"line":580,"column":71}},"92":{"start":{"line":548,"column":13},"end":{"line":548,"column":30}},"93":{"start":{"line":593,"column":33},"end":{"line":633,"column":2}},"94":{"start":{"line":593,"column":86},"end":{"line":633,"column":2}},"95":{"start":{"line":594,"column":17},"end":{"line":594,"column":27}},"96":{"start":{"line":595,"column":50},"end":{"line":595,"column":58}},"97":{"start":{"line":598,"column":2},"end":{"line":601,"column":3}},"98":{"start":{"line":599,"column":4},"end":{"line":599,"column":63}},"99":{"start":{"line":600,"column":4},"end":{"line":600,"column":11}},"100":{"start":{"line":604,"column":2},"end":{"line":607,"column":3}},"101":{"start":{"line":605,"column":4},"end":{"line":605,"column":60}},"102":{"start":{"line":606,"column":4},"end":{"line":606,"column":11}},"103":{"start":{"line":609,"column":2},"end":{"line":632,"column":3}},"104":{"start":{"line":610,"column":31},"end":{"line":618,"column":6}},"105":{"start":{"line":620,"column":4},"end":{"line":623,"column":5}},"106":{"start":{"line":621,"column":6},"end":{"line":621,"column":64}},"107":{"start":{"line":622,"column":6},"end":{"line":622,"column":13}},"108":{"start":{"line":625,"column":4},"end":{"line":625,"column":45}},"109":{"start":{"line":627,"column":4},"end":{"line":631,"column":5}},"110":{"start":{"line":628,"column":6},"end":{"line":628,"column":93}},"111":{"start":{"line":630,"column":6},"end":{"line":630,"column":71}},"112":{"start":{"line":593,"column":13},"end":{"line":593,"column":33}},"113":{"start":{"line":636,"column":20},"end":{"line":643,"column":1}},"114":{"start":{"line":637,"column":29},"end":{"line":637,"column":56}},"115":{"start":{"line":638,"column":2},"end":{"line":640,"column":3}},"116":{"start":{"line":639,"column":4},"end":{"line":639,"column":17}},"117":{"start":{"line":641,"column":22},"end":{"line":641,"column":56}},"118":{"start":{"line":642,"column":2},"end":{"line":642,"column":40}},"119":{"start":{"line":649,"column":33},"end":{"line":676,"column":2}},"120":{"start":{"line":649,"column":86},"end":{"line":676,"column":2}},"121":{"start":{"line":650,"column":17},"end":{"line":650,"column":27}},"122":{"start":{"line":651,"column":23},"end":{"line":651,"column":48}},"123":{"start":{"line":653,"column":2},"end":{"line":656,"column":3}},"124":{"start":{"line":654,"column":4},"end":{"line":654,"column":63}},"125":{"start":{"line":655,"column":4},"end":{"line":655,"column":11}},"126":{"start":{"line":658,"column":2},"end":{"line":675,"column":3}},"127":{"start":{"line":659,"column":4},"end":{"line":666,"column":5}},"128":{"start":{"line":660,"column":6},"end":{"line":660,"column":71}},"129":{"start":{"line":662,"column":6},"end":{"line":665,"column":9}},"130":{"start":{"line":668,"column":4},"end":{"line":668,"column":27}},"131":{"start":{"line":670,"column":4},"end":{"line":674,"column":5}},"132":{"start":{"line":671,"column":6},"end":{"line":671,"column":93}},"133":{"start":{"line":673,"column":6},"end":{"line":673,"column":71}},"134":{"start":{"line":649,"column":13},"end":{"line":649,"column":33}}},"fnMap":{"0":{"name":"(anonymous_8)","decl":{"start":{"line":403,"column":30},"end":{"line":403,"column":37}},"loc":{"start":{"line":403,"column":83},"end":{"line":495,"column":2}}},"1":{"name":"(anonymous_9)","decl":{"start":{"line":403,"column":83},"end":{"line":403,"column":null}},"loc":{"start":{"line":403,"column":83},"end":{"line":495,"column":1}}},"2":{"name":"(anonymous_10)","decl":{"start":{"line":431,"column":16},"end":{"line":431,"column":17}},"loc":{"start":{"line":431,"column":24},"end":{"line":463,"column":5}}},"3":{"name":"(anonymous_11)","decl":{"start":{"line":464,"column":15},"end":{"line":464,"column":24}},"loc":{"start":{"line":464,"column":26},"end":{"line":493,"column":6}}},"4":{"name":"(anonymous_12)","decl":{"start":{"line":464,"column":26},"end":{"line":464,"column":null}},"loc":{"start":{"line":464,"column":26},"end":{"line":493,"column":5}}},"5":{"name":"(anonymous_13)","decl":{"start":{"line":499,"column":31},"end":{"line":499,"column":38}},"loc":{"start":{"line":499,"column":84},"end":{"line":521,"column":2}}},"6":{"name":"(anonymous_14)","decl":{"start":{"line":499,"column":84},"end":{"line":499,"column":null}},"loc":{"start":{"line":499,"column":84},"end":{"line":521,"column":1}}},"7":{"name":"(anonymous_15)","decl":{"start":{"line":527,"column":40},"end":{"line":527,"column":47}},"loc":{"start":{"line":527,"column":93},"end":{"line":545,"column":2}}},"8":{"name":"(anonymous_16)","decl":{"start":{"line":527,"column":93},"end":{"line":527,"column":null}},"loc":{"start":{"line":527,"column":93},"end":{"line":545,"column":1}}},"9":{"name":"(anonymous_17)","decl":{"start":{"line":548,"column":30},"end":{"line":548,"column":37}},"loc":{"start":{"line":548,"column":83},"end":{"line":583,"column":2}}},"10":{"name":"(anonymous_18)","decl":{"start":{"line":548,"column":83},"end":{"line":548,"column":null}},"loc":{"start":{"line":548,"column":83},"end":{"line":583,"column":1}}},"11":{"name":"(anonymous_19)","decl":{"start":{"line":593,"column":33},"end":{"line":593,"column":40}},"loc":{"start":{"line":593,"column":86},"end":{"line":633,"column":2}}},"12":{"name":"(anonymous_20)","decl":{"start":{"line":593,"column":86},"end":{"line":593,"column":null}},"loc":{"start":{"line":593,"column":86},"end":{"line":633,"column":1}}},"13":{"name":"(anonymous_21)","decl":{"start":{"line":636,"column":20},"end":{"line":636,"column":21}},"loc":{"start":{"line":636,"column":46},"end":{"line":643,"column":1}}},"14":{"name":"(anonymous_22)","decl":{"start":{"line":649,"column":33},"end":{"line":649,"column":40}},"loc":{"start":{"line":649,"column":86},"end":{"line":676,"column":2}}},"15":{"name":"(anonymous_23)","decl":{"start":{"line":649,"column":86},"end":{"line":649,"column":null}},"loc":{"start":{"line":649,"column":86},"end":{"line":676,"column":1}}}},"branchMap":{"0":{"loc":{"start":{"line":404,"column":2},"end":{"line":407,"column":3}},"type":"if","locations":[{"start":{"line":404,"column":2},"end":{"line":407,"column":3}}]},"1":{"loc":{"start":{"line":412,"column":2},"end":{"line":415,"column":3}},"type":"if","locations":[{"start":{"line":412,"column":2},"end":{"line":415,"column":3}}]},"2":{"loc":{"start":{"line":418,"column":2},"end":{"line":421,"column":3}},"type":"if","locations":[{"start":{"line":418,"column":2},"end":{"line":421,"column":3}}]},"3":{"loc":{"start":{"line":433,"column":19},"end":{"line":433,"column":35}},"type":"cond-expr","locations":[{"start":{"line":433,"column":27},"end":{"line":433,"column":29}},{"start":{"line":433,"column":27},"end":{"line":433,"column":35}}]},"4":{"loc":{"start":{"line":433,"column":19},"end":{"line":433,"column":29}},"type":"binary-expr","locations":[{"start":{"line":433,"column":19},"end":{"line":433,"column":29}},{"start":{"line":433,"column":27},"end":{"line":433,"column":29}}]},"5":{"loc":{"start":{"line":434,"column":26},"end":{"line":434,"column":49}},"type":"cond-expr","locations":[{"start":{"line":434,"column":41},"end":{"line":434,"column":43}},{"start":{"line":434,"column":41},"end":{"line":434,"column":49}}]},"6":{"loc":{"start":{"line":434,"column":26},"end":{"line":434,"column":43}},"type":"binary-expr","locations":[{"start":{"line":434,"column":26},"end":{"line":434,"column":43}},{"start":{"line":434,"column":41},"end":{"line":434,"column":43}}]},"7":{"loc":{"start":{"line":435,"column":32},"end":{"line":435,"column":50}},"type":"cond-expr","locations":[{"start":{"line":435,"column":42},"end":{"line":435,"column":44}},{"start":{"line":435,"column":42},"end":{"line":435,"column":50}}]},"8":{"loc":{"start":{"line":435,"column":32},"end":{"line":435,"column":44}},"type":"binary-expr","locations":[{"start":{"line":435,"column":32},"end":{"line":435,"column":44}},{"start":{"line":435,"column":42},"end":{"line":435,"column":44}}]},"9":{"loc":{"start":{"line":437,"column":6},"end":{"line":454,"column":7}},"type":"if","locations":[{"start":{"line":437,"column":6},"end":{"line":454,"column":7}}]},"10":{"loc":{"start":{"line":439,"column":8},"end":{"line":453,"column":9}},"type":"if","locations":[{"start":{"line":439,"column":8},"end":{"line":453,"column":9}},{"start":{"line":451,"column":15},"end":{"line":453,"column":9}}]},"11":{"loc":{"start":{"line":439,"column":12},"end":{"line":439,"column":32}},"type":"binary-expr","locations":[{"start":{"line":439,"column":12},"end":{"line":439,"column":15}},{"start":{"line":439,"column":19},"end":{"line":439,"column":24}},{"start":{"line":439,"column":28},"end":{"line":439,"column":32}}]},"12":{"loc":{"start":{"line":441,"column":10},"end":{"line":450,"column":11}},"type":"if","locations":[{"start":{"line":441,"column":10},"end":{"line":450,"column":11}},{"start":{"line":443,"column":17},"end":{"line":450,"column":11}}]},"13":{"loc":{"start":{"line":448,"column":24},"end":{"line":448,"column":44}},"type":"binary-expr","locations":[{"start":{"line":448,"column":24},"end":{"line":448,"column":36}},{"start":{"line":448,"column":40},"end":{"line":448,"column":44}}]},"14":{"loc":{"start":{"line":456,"column":6},"end":{"line":458,"column":7}},"type":"if","locations":[{"start":{"line":456,"column":6},"end":{"line":458,"column":7}}]},"15":{"loc":{"start":{"line":460,"column":6},"end":{"line":462,"column":7}},"type":"if","locations":[{"start":{"line":460,"column":6},"end":{"line":462,"column":7}}]},"16":{"loc":{"start":{"line":460,"column":10},"end":{"line":460,"column":48}},"type":"binary-expr","locations":[{"start":{"line":460,"column":10},"end":{"line":460,"column":15}},{"start":{"line":460,"column":19},"end":{"line":460,"column":31}},{"start":{"line":460,"column":35},"end":{"line":460,"column":48}}]},"17":{"loc":{"start":{"line":465,"column":6},"end":{"line":468,"column":7}},"type":"if","locations":[{"start":{"line":465,"column":6},"end":{"line":468,"column":7}}]},"18":{"loc":{"start":{"line":470,"column":6},"end":{"line":473,"column":7}},"type":"if","locations":[{"start":{"line":470,"column":6},"end":{"line":473,"column":7}}]},"19":{"loc":{"start":{"line":485,"column":8},"end":{"line":489,"column":9}},"type":"if","locations":[{"start":{"line":485,"column":8},"end":{"line":489,"column":9}},{"start":{"line":487,"column":15},"end":{"line":489,"column":9}}]},"20":{"loc":{"start":{"line":510,"column":4},"end":{"line":519,"column":5}},"type":"if","locations":[{"start":{"line":510,"column":4},"end":{"line":519,"column":5}},{"start":{"line":515,"column":11},"end":{"line":519,"column":5}}]},"21":{"loc":{"start":{"line":528,"column":15},"end":{"line":528,"column":54}},"type":"binary-expr","locations":[{"start":{"line":528,"column":15},"end":{"line":528,"column":49}},{"start":{"line":528,"column":53},"end":{"line":528,"column":54}}]},"22":{"loc":{"start":{"line":529,"column":16},"end":{"line":529,"column":57}},"type":"binary-expr","locations":[{"start":{"line":529,"column":16},"end":{"line":529,"column":51}},{"start":{"line":529,"column":55},"end":{"line":529,"column":57}}]},"23":{"loc":{"start":{"line":539,"column":4},"end":{"line":543,"column":5}},"type":"if","locations":[{"start":{"line":539,"column":4},"end":{"line":543,"column":5}},{"start":{"line":541,"column":11},"end":{"line":543,"column":5}}]},"24":{"loc":{"start":{"line":552,"column":2},"end":{"line":555,"column":3}},"type":"if","locations":[{"start":{"line":552,"column":2},"end":{"line":555,"column":3}}]},"25":{"loc":{"start":{"line":552,"column":6},"end":{"line":552,"column":57}},"type":"binary-expr","locations":[{"start":{"line":552,"column":6},"end":{"line":552,"column":11}},{"start":{"line":552,"column":15},"end":{"line":552,"column":27}},{"start":{"line":552,"column":31},"end":{"line":552,"column":57}}]},"26":{"loc":{"start":{"line":563,"column":2},"end":{"line":569,"column":3}},"type":"if","locations":[{"start":{"line":563,"column":2},"end":{"line":569,"column":3}}]},"27":{"loc":{"start":{"line":564,"column":4},"end":{"line":565,"column":40}},"type":"binary-expr","locations":[{"start":{"line":564,"column":5},"end":{"line":564,"column":16}},{"start":{"line":564,"column":20},"end":{"line":564,"column":27}},{"start":{"line":564,"column":31},"end":{"line":564,"column":39}},{"start":{"line":565,"column":5},"end":{"line":565,"column":16}},{"start":{"line":565,"column":20},"end":{"line":565,"column":27}},{"start":{"line":565,"column":31},"end":{"line":565,"column":39}}]},"28":{"loc":{"start":{"line":577,"column":4},"end":{"line":581,"column":5}},"type":"if","locations":[{"start":{"line":577,"column":4},"end":{"line":581,"column":5}},{"start":{"line":579,"column":11},"end":{"line":581,"column":5}}]},"29":{"loc":{"start":{"line":598,"column":2},"end":{"line":601,"column":3}},"type":"if","locations":[{"start":{"line":598,"column":2},"end":{"line":601,"column":3}}]},"30":{"loc":{"start":{"line":598,"column":6},"end":{"line":598,"column":30}},"type":"binary-expr","locations":[{"start":{"line":598,"column":6},"end":{"line":598,"column":9}},{"start":{"line":598,"column":13},"end":{"line":598,"column":30}}]},"31":{"loc":{"start":{"line":604,"column":2},"end":{"line":607,"column":3}},"type":"if","locations":[{"start":{"line":604,"column":2},"end":{"line":607,"column":3}}]},"32":{"loc":{"start":{"line":620,"column":4},"end":{"line":623,"column":5}},"type":"if","locations":[{"start":{"line":620,"column":4},"end":{"line":623,"column":5}}]},"33":{"loc":{"start":{"line":627,"column":4},"end":{"line":631,"column":5}},"type":"if","locations":[{"start":{"line":627,"column":4},"end":{"line":631,"column":5}},{"start":{"line":629,"column":11},"end":{"line":631,"column":5}}]},"34":{"loc":{"start":{"line":638,"column":2},"end":{"line":640,"column":3}},"type":"if","locations":[{"start":{"line":638,"column":2},"end":{"line":640,"column":3}}]},"35":{"loc":{"start":{"line":638,"column":6},"end":{"line":638,"column":29}},"type":"binary-expr","locations":[{"start":{"line":638,"column":6},"end":{"line":638,"column":15}},{"start":{"line":638,"column":19},"end":{"line":638,"column":29}}]},"36":{"loc":{"start":{"line":642,"column":9},"end":{"line":642,"column":39}},"type":"binary-expr","locations":[{"start":{"line":642,"column":9},"end":{"line":642,"column":17}},{"start":{"line":642,"column":21},"end":{"line":642,"column":39}}]},"37":{"loc":{"start":{"line":653,"column":2},"end":{"line":656,"column":3}},"type":"if","locations":[{"start":{"line":653,"column":2},"end":{"line":656,"column":3}}]},"38":{"loc":{"start":{"line":659,"column":4},"end":{"line":666,"column":5}},"type":"if","locations":[{"start":{"line":659,"column":4},"end":{"line":666,"column":5}},{"start":{"line":661,"column":11},"end":{"line":666,"column":5}}]},"39":{"loc":{"start":{"line":670,"column":4},"end":{"line":674,"column":5}},"type":"if","locations":[{"start":{"line":670,"column":4},"end":{"line":674,"column":5}},{"start":{"line":672,"column":11},"end":{"line":674,"column":5}}]}},"s":{"0":6,"1":6,"2":6,"3":6,"4":6,"5":6,"6":6,"7":6,"8":1,"9":1,"10":5,"11":5,"12":0,"13":0,"14":5,"15":0,"16":0,"17":5,"18":5,"19":5,"20":5,"21":5,"22":4,"23":4,"24":4,"25":4,"26":4,"27":4,"28":4,"29":3,"30":3,"31":0,"32":3,"33":1,"34":4,"35":2,"36":4,"37":2,"38":5,"39":5,"40":1,"41":1,"42":4,"43":3,"44":3,"45":1,"46":1,"47":1,"48":0,"49":0,"50":0,"51":1,"52":6,"53":6,"54":0,"55":0,"56":0,"57":0,"58":0,"59":0,"60":0,"61":6,"62":6,"63":0,"64":0,"65":0,"66":0,"67":0,"68":0,"69":0,"70":0,"71":0,"72":0,"73":6,"74":6,"75":1,"76":1,"77":1,"78":1,"79":1,"80":0,"81":0,"82":0,"83":0,"84":0,"85":0,"86":0,"87":0,"88":0,"89":0,"90":0,"91":0,"92":6,"93":6,"94":5,"95":5,"96":5,"97":5,"98":1,"99":1,"100":4,"101":4,"102":4,"103":0,"104":0,"105":0,"106":0,"107":0,"108":0,"109":0,"110":0,"111":0,"112":6,"113":6,"114":4,"115":4,"116":1,"117":3,"118":3,"119":6,"120":1,"121":1,"122":1,"123":1,"124":1,"125":1,"126":0,"127":0,"128":0,"129":0,"130":0,"131":0,"132":0,"133":0,"134":6},"f":{"0":6,"1":6,"2":4,"3":5,"4":5,"5":0,"6":0,"7":0,"8":0,"9":1,"10":1,"11":5,"12":5,"13":4,"14":1,"15":1},"b":{"0":[1],"1":[0],"2":[0],"3":[0,4],"4":[4,4],"5":[1,3],"6":[4,4],"7":[1,3],"8":[4,4],"9":[4],"10":[3,1],"11":[4,4,4],"12":[0,3],"13":[3,1],"14":[2],"15":[2],"16":[4,4,3],"17":[1],"18":[3],"19":[0,0],"20":[0,0],"21":[0,0],"22":[0,0],"23":[0,0],"24":[1],"25":[1,0,0],"26":[0],"27":[0,0,0,0,0,0],"28":[0,0],"29":[1],"30":[5,4],"31":[4],"32":[0],"33":[0,0],"34":[1],"35":[4,4],"36":[3,3],"37":[1],"38":[0,0],"39":[0,0]}}
}
