TN:
SF:src\index.ts
FN:18,(anonymous_1)
FNF:1
FNH:1
FNDA:1,(anonymous_1)
DA:4,2
DA:5,2
DA:7,2
DA:8,2
DA:11,2
DA:12,2
DA:15,2
DA:18,2
DA:19,1
DA:22,2
LF:10
LH:10
BRDA:8,0,0,2
BRDA:8,0,1,2
BRF:2
BRH:2
end_of_record
TN:
SF:src\prisma\client.ts
FNF:0
FNH:0
DA:1,2
DA:3,2
DA:5,2
LF:3
LH:3
BRF:0
BRH:0
end_of_record
TN:
SF:src\routes\transactions.ts
FN:12,(anonymous_8)
FN:23,(anonymous_9)
FN:23,(anonymous_10)
FN:36,(anonymous_11)
FN:39,(anonymous_12)
FN:64,(anonymous_13)
FN:65,(anonymous_14)
FN:106,(anonymous_15)
FN:126,(anonymous_16)
FN:126,(anonymous_17)
FN:137,(anonymous_18)
FN:137,(anonymous_19)
FN:167,(anonymous_20)
FN:167,(anonymous_21)
FN:197,(anonymous_22)
FN:197,(anonymous_23)
FN:215,(anonymous_24)
FN:215,(anonymous_25)
FNF:18
FNH:15
FNDA:8,(anonymous_8)
FNDA:7,(anonymous_9)
FNDA:7,(anonymous_10)
FNDA:6,(anonymous_11)
FNDA:5,(anonymous_12)
FNDA:6,(anonymous_13)
FNDA:0,(anonymous_14)
FNDA:5,(anonymous_15)
FNDA:1,(anonymous_16)
FNDA:1,(anonymous_17)
FNDA:0,(anonymous_18)
FNDA:0,(anonymous_19)
FNDA:4,(anonymous_20)
FNDA:4,(anonymous_21)
FNDA:1,(anonymous_22)
FNDA:1,(anonymous_23)
FNDA:1,(anonymous_24)
FNDA:1,(anonymous_25)
DA:1,2
DA:2,2
DA:3,2
DA:4,2
DA:5,2
DA:7,2
DA:10,2
DA:13,8
DA:14,7
DA:16,1
DA:23,7
DA:24,7
DA:26,7
DA:27,7
DA:28,1
DA:29,1
DA:32,6
DA:33,6
DA:36,6
DA:37,6
DA:40,5
DA:41,5
DA:42,5
DA:43,5
DA:46,5
DA:47,2
DA:48,2
DA:50,2
DA:51,1
DA:60,0
DA:61,0
DA:64,6
DA:65,0
DA:69,6
DA:70,5
DA:71,5
DA:74,1
DA:75,0
DA:76,0
DA:80,1
DA:81,1
DA:86,1
DA:90,1
DA:92,0
DA:93,0
DA:97,0
DA:100,0
DA:101,0
DA:102,0
DA:105,7
DA:106,6
DA:107,5
DA:126,2
DA:127,1
DA:128,1
DA:129,1
DA:131,0
DA:132,0
DA:137,2
DA:138,0
DA:139,0
DA:140,0
DA:142,0
DA:143,0
DA:152,0
DA:154,0
DA:155,0
DA:167,4
DA:168,4
DA:171,4
DA:172,1
DA:175,3
DA:177,3
DA:181,3
DA:182,3
DA:185,0
DA:189,0
DA:191,0
DA:192,0
DA:197,2
DA:198,1
DA:199,1
DA:201,1
DA:202,1
DA:207,0
DA:209,1
DA:210,1
DA:215,2
DA:216,1
DA:217,1
DA:219,1
DA:220,1
DA:222,0
DA:227,1
DA:233,0
DA:235,1
DA:236,1
DA:240,2
LF:98
LH:70
BRDA:13,0,0,7
BRDA:13,0,1,1
BRDA:24,1,0,1
BRDA:24,1,1,6
BRDA:24,2,0,7
BRDA:24,2,1,7
BRDA:27,3,0,1
BRDA:41,4,0,1
BRDA:41,4,1,4
BRDA:41,5,0,5
BRDA:41,5,1,5
BRDA:42,6,0,1
BRDA:42,6,1,4
BRDA:42,7,0,5
BRDA:42,7,1,5
BRDA:43,8,0,5
BRDA:43,8,1,2
BRDA:43,9,0,2
BRDA:43,9,1,3
BRDA:43,10,0,5
BRDA:43,10,1,5
BRDA:46,11,0,2
BRDA:46,12,0,5
BRDA:46,12,1,4
BRDA:46,12,2,4
BRDA:50,13,0,1
BRDA:55,14,0,1
BRDA:55,14,1,1
BRDA:55,15,0,1
BRDA:55,15,1,0
BRDA:55,16,0,1
BRDA:55,16,1,1
BRDA:69,17,0,5
BRDA:74,18,0,0
BRDA:95,19,0,0
BRDA:95,19,1,0
BRDA:105,20,0,6
BRDA:107,21,0,0
BRDA:138,22,0,0
BRDA:138,22,1,0
BRDA:139,23,0,0
BRDA:139,23,1,0
BRDA:171,24,0,1
BRDA:171,25,0,4
BRDA:171,25,1,3
BRDA:171,25,2,3
BRDA:181,26,0,3
BRDA:220,27,0,0
BRDA:220,27,1,1
BRF:49
BRH:39
end_of_record
