TN:
SF:src\index.ts
FN:31,(anonymous_1)
FNF:1
FNH:1
FNDA:1,(anonymous_1)
DA:4,1
DA:5,1
DA:6,1
DA:7,1
DA:13,1
DA:15,1
DA:16,1
DA:19,1
DA:20,1
DA:23,1
DA:27,1
DA:31,1
DA:32,1
DA:36,1
LF:14
LH:14
BRDA:16,0,0,1
BRDA:16,0,1,1
BRF:2
BRH:2
end_of_record
TN:
SF:src\helpers\fileHelper.ts
FN:9,(anonymous_1)
FNF:1
FNH:0
FNDA:0,(anonymous_1)
DA:4,2
DA:7,2
DA:10,0
DA:11,0
DA:13,0
LF:5
LH:2
BRDA:10,0,0,0
BRDA:10,0,1,0
BRF:2
BRH:0
end_of_record
TN:
SF:src\routes\transactionRoutes.ts
FNF:0
FNH:0
DA:6,1
DA:7,1
DA:8,1
DA:17,1
DA:20,1
DA:23,1
DA:26,1
DA:29,1
DA:32,1
DA:35,1
DA:37,1
LF:11
LH:11
BRF:0
BRH:0
end_of_record
TN:
SF:src\services\transactionService.ts
FN:313,(anonymous_8)
FN:313,(anonymous_9)
FN:343,(anonymous_10)
FN:343,(anonymous_11)
FN:377,(anonymous_12)
FN:377,(anonymous_13)
FN:404,(anonymous_14)
FN:404,(anonymous_15)
FN:421,(anonymous_16)
FN:421,(anonymous_17)
FN:449,(anonymous_18)
FN:449,(anonymous_19)
FN:464,(anonymous_20)
FN:497,(anonymous_21)
FN:497,(anonymous_22)
FN:528,(anonymous_23)
FNF:16
FNH:6
FNDA:2,(anonymous_8)
FNDA:2,(anonymous_9)
FNDA:5,(anonymous_10)
FNDA:5,(anonymous_11)
FNDA:1,(anonymous_12)
FNDA:1,(anonymous_13)
FNDA:0,(anonymous_14)
FNDA:0,(anonymous_15)
FNDA:0,(anonymous_16)
FNDA:0,(anonymous_17)
FNDA:0,(anonymous_18)
FNDA:0,(anonymous_19)
FNDA:0,(anonymous_20)
FNDA:0,(anonymous_21)
FNDA:0,(anonymous_22)
FNDA:0,(anonymous_23)
DA:306,6
DA:307,6
DA:308,6
DA:309,6
DA:310,6
DA:313,6
DA:314,2
DA:315,2
DA:318,2
DA:319,2
DA:320,2
DA:323,0
DA:332,0
DA:334,0
DA:335,0
DA:337,0
DA:343,6
DA:344,5
DA:345,5
DA:346,5
DA:349,5
DA:351,4
DA:352,4
DA:353,4
DA:356,0
DA:366,0
DA:368,1
DA:369,1
DA:371,0
DA:377,6
DA:378,1
DA:379,1
DA:381,1
DA:383,0
DA:384,0
DA:385,0
DA:388,0
DA:393,0
DA:395,1
DA:396,1
DA:398,0
DA:404,6
DA:405,0
DA:406,0
DA:410,0
DA:412,0
DA:413,0
DA:415,0
DA:421,6
DA:422,0
DA:423,0
DA:424,0
DA:426,0
DA:432,0
DA:434,0
DA:440,0
DA:441,0
DA:443,0
DA:449,6
DA:450,0
DA:451,0
DA:452,0
DA:453,0
DA:456,0
DA:457,0
DA:458,0
DA:459,0
DA:462,0
DA:465,0
DA:466,0
DA:467,0
DA:468,0
DA:470,0
DA:471,0
DA:472,0
DA:473,0
DA:474,0
DA:475,0
DA:477,0
DA:485,0
DA:489,0
DA:490,0
DA:493,0
DA:494,0
DA:497,0
DA:498,0
DA:499,0
DA:500,0
DA:503,0
DA:504,0
DA:505,0
DA:508,0
DA:509,0
DA:514,0
DA:519,0
DA:520,0
DA:522,0
DA:525,0
DA:529,0
DA:530,0
DA:532,0
LF:101
LH:30
BRDA:318,0,0,2
BRDA:318,1,0,2
BRDA:318,1,1,0
BRDA:318,1,2,0
BRDA:328,2,0,0
BRDA:328,2,1,0
BRDA:334,3,0,0
BRDA:334,3,1,0
BRDA:351,4,0,4
BRDA:362,5,0,0
BRDA:362,5,1,0
BRDA:368,6,0,1
BRDA:368,6,1,0
BRDA:383,7,0,0
BRDA:395,8,0,1
BRDA:395,8,1,0
BRDA:412,9,0,0
BRDA:412,9,1,0
BRDA:423,10,0,0
BRDA:423,11,0,0
BRDA:440,12,0,0
BRDA:440,12,1,0
BRDA:451,13,0,0
BRDA:466,14,0,0
BRDA:466,14,1,0
BRDA:466,15,0,0
BRDA:466,15,1,0
BRDA:467,16,0,0
BRDA:467,16,1,0
BRDA:467,17,0,0
BRDA:467,17,1,0
BRDA:468,18,0,0
BRDA:468,18,1,0
BRDA:468,19,0,0
BRDA:468,19,1,0
BRDA:470,20,0,0
BRDA:472,21,0,0
BRDA:472,21,1,0
BRDA:472,22,0,0
BRDA:472,22,1,0
BRDA:472,22,2,0
BRDA:474,23,0,0
BRDA:474,23,1,0
BRDA:481,24,0,0
BRDA:481,24,1,0
BRDA:489,25,0,0
BRDA:493,26,0,0
BRDA:493,27,0,0
BRDA:493,27,1,0
BRDA:493,27,2,0
BRDA:498,28,0,0
BRDA:503,29,0,0
BRDA:519,30,0,0
BRDA:519,30,1,0
BRDA:529,31,0,0
BRDA:529,31,1,0
BRF:56
BRH:5
end_of_record
TN:
SF:src\utils\csvParserUtils.ts
FN:69,(anonymous_1)
FN:70,(anonymous_2)
FN:88,(anonymous_3)
FN:106,(anonymous_4)
FN:107,(anonymous_5)
FNF:5
FNH:4
FNDA:13,(anonymous_1)
FNDA:13,(anonymous_2)
FNDA:3,(anonymous_3)
FNDA:2,(anonymous_4)
FNDA:0,(anonymous_5)
DA:58,1
DA:59,1
DA:69,1
DA:70,13
DA:71,13
DA:74,13
DA:75,3
DA:79,10
DA:80,10
DA:81,10
DA:82,2
DA:86,8
DA:89,3
DA:92,3
DA:93,3
DA:97,0
DA:104,0
DA:106,2
DA:108,0
LF:19
LH:16
BRDA:74,0,0,3
BRDA:81,1,0,2
BRDA:92,2,0,3
BRDA:92,3,0,3
BRDA:92,3,1,0
BRDA:92,3,2,0
BRDA:92,3,3,0
BRDA:101,4,0,0
BRDA:101,4,1,0
BRF:9
BRH:4
end_of_record
TN:
SF:src\utils\dateUtils.ts
FN:1,(anonymous_0)
FNF:1
FNH:0
FNDA:0,(anonymous_0)
DA:1,1
DA:2,0
DA:3,0
DA:4,0
DA:5,0
LF:5
LH:1
BRDA:3,0,0,0
BRDA:3,1,0,0
BRDA:3,1,1,0
BRDA:5,2,0,0
BRDA:5,2,1,0
BRF:5
BRH:0
end_of_record
