{"C:\\transcation_valley\\frontend\\src\\components\\Notification.tsx": {"path":"C:\\transcation_valley\\frontend\\src\\components\\Notification.tsx","statementMap":{"0":{"start":{"line":12,"column":50},"end":{"line":58,"column":1}},"1":{"start":{"line":18,"column":2},"end":{"line":26,"column":27}},"2":{"start":{"line":19,"column":4},"end":{"line":25,"column":5}},"3":{"start":{"line":20,"column":20},"end":{"line":22,"column":14}},"4":{"start":{"line":21,"column":8},"end":{"line":21,"column":18}},"5":{"start":{"line":24,"column":6},"end":{"line":24,"column":39}},"6":{"start":{"line":24,"column":19},"end":{"line":24,"column":38}},"7":{"start":{"line":28,"column":2},"end":{"line":28,"column":30}},"8":{"start":{"line":28,"column":18},"end":{"line":28,"column":30}},"9":{"start":{"line":30,"column":26},"end":{"line":30,"column":28}},"10":{"start":{"line":31,"column":2},"end":{"line":43,"column":3}},"11":{"start":{"line":33,"column":6},"end":{"line":33,"column":52}},"12":{"start":{"line":34,"column":6},"end":{"line":34,"column":12}},"13":{"start":{"line":36,"column":6},"end":{"line":36,"column":50}},"14":{"start":{"line":37,"column":6},"end":{"line":37,"column":12}},"15":{"start":{"line":39,"column":6},"end":{"line":39,"column":51}},"16":{"start":{"line":40,"column":6},"end":{"line":40,"column":12}},"17":{"start":{"line":42,"column":6},"end":{"line":42,"column":51}},"18":{"start":{"line":45,"column":2},"end":{"line":57,"column":4}}},"fnMap":{"0":{"name":"(anonymous_0)","decl":{"start":{"line":12,"column":50},"end":{"line":12,"column":51}},"loc":{"start":{"line":17,"column":6},"end":{"line":58,"column":1}},"line":17},"1":{"name":"(anonymous_1)","decl":{"start":{"line":18,"column":12},"end":{"line":18,"column":13}},"loc":{"start":{"line":18,"column":18},"end":{"line":26,"column":3}},"line":18},"2":{"name":"(anonymous_2)","decl":{"start":{"line":20,"column":31},"end":{"line":20,"column":32}},"loc":{"start":{"line":20,"column":37},"end":{"line":22,"column":7}},"line":20},"3":{"name":"(anonymous_3)","decl":{"start":{"line":24,"column":13},"end":{"line":24,"column":14}},"loc":{"start":{"line":24,"column":19},"end":{"line":24,"column":38}},"line":24}},"branchMap":{"0":{"loc":{"start":{"line":19,"column":4},"end":{"line":25,"column":5}},"type":"if","locations":[{"start":{"line":19,"column":4},"end":{"line":25,"column":5}},{"start":{},"end":{}}],"line":19},"1":{"loc":{"start":{"line":28,"column":2},"end":{"line":28,"column":30}},"type":"if","locations":[{"start":{"line":28,"column":2},"end":{"line":28,"column":30}},{"start":{},"end":{}}],"line":28},"2":{"loc":{"start":{"line":31,"column":2},"end":{"line":43,"column":3}},"type":"switch","locations":[{"start":{"line":32,"column":4},"end":{"line":34,"column":12}},{"start":{"line":35,"column":4},"end":{"line":37,"column":12}},{"start":{"line":38,"column":4},"end":{"line":40,"column":12}},{"start":{"line":41,"column":4},"end":{"line":42,"column":51}}],"line":31}},"s":{"0":1,"1":0,"2":0,"3":0,"4":0,"5":0,"6":0,"7":0,"8":0,"9":0,"10":0,"11":0,"12":0,"13":0,"14":0,"15":0,"16":0,"17":0,"18":0},"f":{"0":0,"1":0,"2":0,"3":0},"b":{"0":[0,0],"1":[0,0],"2":[0,0,0,0]},"_coverageSchema":"1a1c01bbd47fc00a2c39e90264f33305004495a9","hash":"16b140dba5341194eac192111d66f939c3e46e20"}
,"C:\\transcation_valley\\frontend\\src\\utils\\currency.ts": {"path":"C:\\transcation_valley\\frontend\\src\\utils\\currency.ts","statementMap":{"0":{"start":{"line":2,"column":29},"end":{"line":34,"column":3}},"1":{"start":{"line":22,"column":25},"end":{"line":22,"column":84}},"2":{"start":{"line":22,"column":60},"end":{"line":22,"column":83}},"3":{"start":{"line":23,"column":8},"end":{"line":23,"column":48}},"4":{"start":{"line":26,"column":19},"end":{"line":26,"column":108}},"5":{"start":{"line":27,"column":6},"end":{"line":29,"column":7}},"6":{"start":{"line":28,"column":8},"end":{"line":28,"column":65}},"7":{"start":{"line":30,"column":6},"end":{"line":30,"column":48}}},"fnMap":{"0":{"name":"(anonymous_0)","decl":{"start":{"line":21,"column":15},"end":{"line":21,"column":16}},"loc":{"start":{"line":21,"column":49},"end":{"line":24,"column":7}},"line":21},"1":{"name":"(anonymous_1)","decl":{"start":{"line":22,"column":55},"end":{"line":22,"column":56}},"loc":{"start":{"line":22,"column":60},"end":{"line":22,"column":83}},"line":22},"2":{"name":"(anonymous_2)","decl":{"start":{"line":25,"column":18},"end":{"line":25,"column":19}},"loc":{"start":{"line":25,"column":68},"end":{"line":31,"column":5}},"line":25}},"branchMap":{"0":{"loc":{"start":{"line":23,"column":15},"end":{"line":23,"column":47}},"type":"binary-expr","locations":[{"start":{"line":23,"column":15},"end":{"line":23,"column":31}},{"start":{"line":23,"column":35},"end":{"line":23,"column":47}}],"line":23},"1":{"loc":{"start":{"line":27,"column":6},"end":{"line":29,"column":7}},"type":"if","locations":[{"start":{"line":27,"column":6},"end":{"line":29,"column":7}},{"start":{},"end":{}}],"line":27}},"s":{"0":2,"1":3,"2":9,"3":3,"4":11,"5":11,"6":1,"7":10},"f":{"0":3,"1":9,"2":11},"b":{"0":[3,1],"1":[1,10]},"_coverageSchema":"1a1c01bbd47fc00a2c39e90264f33305004495a9","hash":"e064b481c1a9dfa952bf72f48f00578d47c070e3"}
,"C:\\transcation_valley\\frontend\\src\\utils\\formatters.ts": {"path":"C:\\transcation_valley\\frontend\\src\\utils\\formatters.ts","statementMap":{"0":{"start":{"line":12,"column":43},"end":{"line":21,"column":1}},"1":{"start":{"line":23,"column":26},"end":{"line":46,"column":1}},"2":{"start":{"line":25,"column":17},"end":{"line":25,"column":37}},"3":{"start":{"line":26,"column":4},"end":{"line":30,"column":7}},"4":{"start":{"line":34,"column":19},"end":{"line":34,"column":61}},"5":{"start":{"line":35,"column":18},"end":{"line":35,"column":51}},"6":{"start":{"line":36,"column":4},"end":{"line":36,"column":39}},"7":{"start":{"line":39,"column":4},"end":{"line":44,"column":22}}},"fnMap":{"0":{"name":"(anonymous_0)","decl":{"start":{"line":24,"column":14},"end":{"line":24,"column":15}},"loc":{"start":{"line":24,"column":46},"end":{"line":31,"column":3}},"line":24},"1":{"name":"(anonymous_1)","decl":{"start":{"line":33,"column":18},"end":{"line":33,"column":19}},"loc":{"start":{"line":33,"column":72},"end":{"line":37,"column":3}},"line":33},"2":{"name":"(anonymous_2)","decl":{"start":{"line":38,"column":2},"end":{"line":38,"column":3}},"loc":{"start":{"line":38,"column":73},"end":{"line":45,"column":3}},"line":38}},"branchMap":{"0":{"loc":{"start":{"line":33,"column":35},"end":{"line":33,"column":59}},"type":"default-arg","locations":[{"start":{"line":33,"column":54},"end":{"line":33,"column":59}}],"line":33},"1":{"loc":{"start":{"line":34,"column":19},"end":{"line":34,"column":61}},"type":"binary-expr","locations":[{"start":{"line":34,"column":19},"end":{"line":34,"column":41}},{"start":{"line":34,"column":45},"end":{"line":34,"column":61}}],"line":34}},"s":{"0":2,"1":2,"2":5,"3":5,"4":2,"5":2,"6":2,"7":2},"f":{"0":5,"1":2,"2":2},"b":{"0":[1],"1":[2,0]},"_coverageSchema":"1a1c01bbd47fc00a2c39e90264f33305004495a9","hash":"f8499ba8f1c6f1f947f87db234f7f9b75f4dc725"}
,"C:\\transcation_valley\\frontend\\src\\utils\\pdfGenerator.ts": {"path":"C:\\transcation_valley\\frontend\\src\\utils\\pdfGenerator.ts","statementMap":{"0":{"start":{"line":11,"column":39},"end":{"line":86,"column":1}},"1":{"start":{"line":12,"column":14},"end":{"line":12,"column":25}},"2":{"start":{"line":15,"column":2},"end":{"line":15,"column":22}},"3":{"start":{"line":16,"column":2},"end":{"line":16,"column":42}},"4":{"start":{"line":19,"column":2},"end":{"line":19,"column":22}},"5":{"start":{"line":20,"column":2},"end":{"line":20,"column":67}},"6":{"start":{"line":23,"column":18},"end":{"line":28,"column":3}},"7":{"start":{"line":31,"column":15},"end":{"line":36,"column":5}},"8":{"start":{"line":31,"column":50},"end":{"line":36,"column":3}},"9":{"start":{"line":39,"column":21},"end":{"line":39,"column":49}},"10":{"start":{"line":40,"column":18},"end":{"line":40,"column":20}},"11":{"start":{"line":41,"column":17},"end":{"line":41,"column":19}},"12":{"start":{"line":44,"column":2},"end":{"line":68,"column":5}},"13":{"start":{"line":60,"column":6},"end":{"line":66,"column":7}},"14":{"start":{"line":61,"column":8},"end":{"line":61,"column":22}},"15":{"start":{"line":62,"column":8},"end":{"line":62,"column":28}},"16":{"start":{"line":63,"column":8},"end":{"line":63,"column":48}},"17":{"start":{"line":64,"column":8},"end":{"line":64,"column":28}},"18":{"start":{"line":65,"column":8},"end":{"line":65,"column":73}},"19":{"start":{"line":71,"column":19},"end":{"line":74,"column":3}},"20":{"start":{"line":72,"column":16},"end":{"line":72,"column":70}},"21":{"start":{"line":76,"column":2},"end":{"line":76,"column":22}},"22":{"start":{"line":77,"column":2},"end":{"line":77,"column":83}},"23":{"start":{"line":78,"column":2},"end":{"line":82,"column":4}},"24":{"start":{"line":85,"column":2},"end":{"line":85,"column":38}}},"fnMap":{"0":{"name":"(anonymous_0)","decl":{"start":{"line":11,"column":39},"end":{"line":11,"column":40}},"loc":{"start":{"line":11,"column":78},"end":{"line":86,"column":1}},"line":11},"1":{"name":"(anonymous_1)","decl":{"start":{"line":31,"column":32},"end":{"line":31,"column":33}},"loc":{"start":{"line":31,"column":50},"end":{"line":36,"column":3}},"line":31},"2":{"name":"(anonymous_2)","decl":{"start":{"line":58,"column":17},"end":{"line":58,"column":18}},"loc":{"start":{"line":58,"column":32},"end":{"line":67,"column":5}},"line":58},"3":{"name":"(anonymous_3)","decl":{"start":{"line":72,"column":4},"end":{"line":72,"column":5}},"loc":{"start":{"line":72,"column":16},"end":{"line":72,"column":70}},"line":72}},"branchMap":{"0":{"loc":{"start":{"line":60,"column":6},"end":{"line":66,"column":7}},"type":"if","locations":[{"start":{"line":60,"column":6},"end":{"line":66,"column":7}},{"start":{},"end":{}}],"line":60}},"s":{"0":1,"1":3,"2":3,"3":3,"4":3,"5":3,"6":3,"7":3,"8":4,"9":3,"10":3,"11":3,"12":3,"13":0,"14":0,"15":0,"16":0,"17":0,"18":0,"19":3,"20":4,"21":3,"22":3,"23":3,"24":3},"f":{"0":3,"1":4,"2":0,"3":4},"b":{"0":[0,0]},"_coverageSchema":"1a1c01bbd47fc00a2c39e90264f33305004495a9","hash":"136119ef6bd8e999bd3f176176cba8dd99307546"}
,"C:\\transcation_valley\\frontend\\src\\utils\\validation.ts": {"path":"C:\\transcation_valley\\frontend\\src\\utils\\validation.ts","statementMap":{"0":{"start":{"line":4,"column":26},"end":{"line":107,"column":1}},"1":{"start":{"line":6,"column":31},"end":{"line":6,"column":46}},"2":{"start":{"line":7,"column":4},"end":{"line":7,"column":37}},"3":{"start":{"line":11,"column":4},"end":{"line":11,"column":28}},"4":{"start":{"line":11,"column":15},"end":{"line":11,"column":28}},"5":{"start":{"line":12,"column":22},"end":{"line":12,"column":36}},"6":{"start":{"line":13,"column":20},"end":{"line":13,"column":42}},"7":{"start":{"line":14,"column":20},"end":{"line":14,"column":42}},"8":{"start":{"line":15,"column":4},"end":{"line":15,"column":87}},"9":{"start":{"line":19,"column":4},"end":{"line":21,"column":5}},"10":{"start":{"line":20,"column":6},"end":{"line":20,"column":19}},"11":{"start":{"line":23,"column":22},"end":{"line":23,"column":39}},"12":{"start":{"line":24,"column":4},"end":{"line":24,"column":61}},"13":{"start":{"line":28,"column":4},"end":{"line":30,"column":5}},"14":{"start":{"line":29,"column":6},"end":{"line":29,"column":19}},"15":{"start":{"line":33,"column":27},"end":{"line":33,"column":55}},"16":{"start":{"line":34,"column":30},"end":{"line":34,"column":65}},"17":{"start":{"line":35,"column":24},"end":{"line":35,"column":76}},"18":{"start":{"line":36,"column":4},"end":{"line":36,"column":63}},"19":{"start":{"line":40,"column":29},"end":{"line":40,"column":31}},"20":{"start":{"line":42,"column":4},"end":{"line":46,"column":5}},"21":{"start":{"line":43,"column":6},"end":{"line":45,"column":8}},"22":{"start":{"line":48,"column":4},"end":{"line":54,"column":5}},"23":{"start":{"line":53,"column":6},"end":{"line":53,"column":92}},"24":{"start":{"line":56,"column":4},"end":{"line":63,"column":5}},"25":{"start":{"line":60,"column":6},"end":{"line":62,"column":8}},"26":{"start":{"line":65,"column":4},"end":{"line":68,"column":6}},"27":{"start":{"line":76,"column":4},"end":{"line":83,"column":6}},"28":{"start":{"line":78,"column":8},"end":{"line":82,"column":43}},"29":{"start":{"line":91,"column":29},"end":{"line":91,"column":72}},"30":{"start":{"line":92,"column":24},"end":{"line":96,"column":5}},"31":{"start":{"line":98,"column":4},"end":{"line":100,"column":5}},"32":{"start":{"line":99,"column":6},"end":{"line":99,"column":70}},"33":{"start":{"line":102,"column":4},"end":{"line":105,"column":6}}},"fnMap":{"0":{"name":"(anonymous_0)","decl":{"start":{"line":5,"column":14},"end":{"line":5,"column":15}},"loc":{"start":{"line":5,"column":40},"end":{"line":8,"column":3}},"line":5},"1":{"name":"(anonymous_1)","decl":{"start":{"line":10,"column":15},"end":{"line":10,"column":16}},"loc":{"start":{"line":10,"column":42},"end":{"line":16,"column":3}},"line":10},"2":{"name":"(anonymous_2)","decl":{"start":{"line":18,"column":17},"end":{"line":18,"column":18}},"loc":{"start":{"line":18,"column":46},"end":{"line":25,"column":3}},"line":18},"3":{"name":"(anonymous_3)","decl":{"start":{"line":27,"column":22},"end":{"line":27,"column":23}},"loc":{"start":{"line":27,"column":56},"end":{"line":37,"column":3}},"line":27},"4":{"name":"(anonymous_4)","decl":{"start":{"line":39,"column":23},"end":{"line":39,"column":24}},"loc":{"start":{"line":39,"column":45},"end":{"line":69,"column":3}},"line":39},"5":{"name":"(anonymous_5)","decl":{"start":{"line":71,"column":26},"end":{"line":71,"column":27}},"loc":{"start":{"line":75,"column":16},"end":{"line":84,"column":3}},"line":75},"6":{"name":"(anonymous_6)","decl":{"start":{"line":77,"column":6},"end":{"line":77,"column":7}},"loc":{"start":{"line":78,"column":8},"end":{"line":82,"column":43}},"line":78},"7":{"name":"(anonymous_7)","decl":{"start":{"line":86,"column":29},"end":{"line":86,"column":30}},"loc":{"start":{"line":90,"column":7},"end":{"line":106,"column":3}},"line":90}},"branchMap":{"0":{"loc":{"start":{"line":11,"column":4},"end":{"line":11,"column":28}},"type":"if","locations":[{"start":{"line":11,"column":4},"end":{"line":11,"column":28}},{"start":{},"end":{}}],"line":11},"1":{"loc":{"start":{"line":15,"column":11},"end":{"line":15,"column":86}},"type":"binary-expr","locations":[{"start":{"line":15,"column":11},"end":{"line":15,"column":38}},{"start":{"line":15,"column":42},"end":{"line":15,"column":62}},{"start":{"line":15,"column":66},"end":{"line":15,"column":86}}],"line":15},"2":{"loc":{"start":{"line":19,"column":4},"end":{"line":21,"column":5}},"type":"if","locations":[{"start":{"line":19,"column":4},"end":{"line":21,"column":5}},{"start":{},"end":{}}],"line":19},"3":{"loc":{"start":{"line":19,"column":8},"end":{"line":19,"column":51}},"type":"binary-expr","locations":[{"start":{"line":19,"column":8},"end":{"line":19,"column":34}},{"start":{"line":19,"column":38},"end":{"line":19,"column":51}}],"line":19},"4":{"loc":{"start":{"line":24,"column":11},"end":{"line":24,"column":60}},"type":"binary-expr","locations":[{"start":{"line":24,"column":11},"end":{"line":24,"column":21}},{"start":{"line":24,"column":25},"end":{"line":24,"column":60}}],"line":24},"5":{"loc":{"start":{"line":28,"column":4},"end":{"line":30,"column":5}},"type":"if","locations":[{"start":{"line":28,"column":4},"end":{"line":30,"column":5}},{"start":{},"end":{}}],"line":28},"6":{"loc":{"start":{"line":28,"column":8},"end":{"line":28,"column":68}},"type":"binary-expr","locations":[{"start":{"line":28,"column":8},"end":{"line":28,"column":39}},{"start":{"line":28,"column":43},"end":{"line":28,"column":68}}],"line":28},"7":{"loc":{"start":{"line":35,"column":24},"end":{"line":35,"column":76}},"type":"binary-expr","locations":[{"start":{"line":35,"column":24},"end":{"line":35,"column":47}},{"start":{"line":35,"column":51},"end":{"line":35,"column":76}}],"line":35},"8":{"loc":{"start":{"line":36,"column":11},"end":{"line":36,"column":62}},"type":"binary-expr","locations":[{"start":{"line":36,"column":11},"end":{"line":36,"column":25}},{"start":{"line":36,"column":29},"end":{"line":36,"column":47}},{"start":{"line":36,"column":51},"end":{"line":36,"column":62}}],"line":36},"9":{"loc":{"start":{"line":42,"column":4},"end":{"line":46,"column":5}},"type":"if","locations":[{"start":{"line":42,"column":4},"end":{"line":46,"column":5}},{"start":{},"end":{}}],"line":42},"10":{"loc":{"start":{"line":42,"column":8},"end":{"line":42,"column":70}},"type":"binary-expr","locations":[{"start":{"line":42,"column":8},"end":{"line":42,"column":25}},{"start":{"line":42,"column":29},"end":{"line":42,"column":70}}],"line":42},"11":{"loc":{"start":{"line":48,"column":4},"end":{"line":54,"column":5}},"type":"if","locations":[{"start":{"line":48,"column":4},"end":{"line":54,"column":5}},{"start":{},"end":{}}],"line":48},"12":{"loc":{"start":{"line":49,"column":6},"end":{"line":51,"column":51}},"type":"binary-expr","locations":[{"start":{"line":49,"column":6},"end":{"line":49,"column":38}},{"start":{"line":50,"column":6},"end":{"line":50,"column":33}},{"start":{"line":51,"column":6},"end":{"line":51,"column":51}}],"line":49},"13":{"loc":{"start":{"line":56,"column":4},"end":{"line":63,"column":5}},"type":"if","locations":[{"start":{"line":56,"column":4},"end":{"line":63,"column":5}},{"start":{},"end":{}}],"line":56},"14":{"loc":{"start":{"line":57,"column":6},"end":{"line":58,"column":61}},"type":"binary-expr","locations":[{"start":{"line":57,"column":6},"end":{"line":57,"column":30}},{"start":{"line":58,"column":6},"end":{"line":58,"column":61}}],"line":57},"15":{"loc":{"start":{"line":78,"column":8},"end":{"line":82,"column":43}},"type":"binary-expr","locations":[{"start":{"line":78,"column":8},"end":{"line":78,"column":26}},{"start":{"line":79,"column":8},"end":{"line":79,"column":35}},{"start":{"line":80,"column":8},"end":{"line":80,"column":39}},{"start":{"line":81,"column":8},"end":{"line":81,"column":77}},{"start":{"line":82,"column":8},"end":{"line":82,"column":43}}],"line":78},"16":{"loc":{"start":{"line":98,"column":4},"end":{"line":100,"column":5}},"type":"if","locations":[{"start":{"line":98,"column":4},"end":{"line":100,"column":5}},{"start":{},"end":{}}],"line":98}},"s":{"0":1,"1":0,"2":0,"3":6,"4":0,"5":6,"6":6,"7":6,"8":6,"9":7,"10":0,"11":7,"12":7,"13":6,"14":1,"15":5,"16":5,"17":5,"18":5,"19":2,"20":2,"21":1,"22":2,"23":1,"24":2,"25":1,"26":2,"27":2,"28":2,"29":0,"30":0,"31":0,"32":0,"33":0},"f":{"0":0,"1":6,"2":7,"3":6,"4":2,"5":2,"6":2,"7":0},"b":{"0":[0,6],"1":[6,6,5],"2":[0,7],"3":[7,7],"4":[7,4],"5":[1,5],"6":[6,6],"7":[5,4],"8":[5,5,4],"9":[1,1],"10":[2,2],"11":[1,1],"12":[2,2,2],"13":[1,1],"14":[2,1],"15":[2,2,1,1,1],"16":[0,0]},"_coverageSchema":"1a1c01bbd47fc00a2c39e90264f33305004495a9","hash":"1a7052140d2a726af637b80a9b9472969d55e638"}
}
