TN:
SF:src\components\Notification.tsx
FN:12,(anonymous_0)
FN:18,(anonymous_1)
FN:20,(anonymous_2)
FN:24,(anonymous_3)
FNF:4
FNH:0
FNDA:0,(anonymous_0)
FNDA:0,(anonymous_1)
FNDA:0,(anonymous_2)
FNDA:0,(anonymous_3)
DA:12,1
DA:18,0
DA:19,0
DA:20,0
DA:21,0
DA:24,0
DA:28,0
DA:30,0
DA:31,0
DA:33,0
DA:34,0
DA:36,0
DA:37,0
DA:39,0
DA:40,0
DA:42,0
DA:45,0
LF:17
LH:1
BRDA:19,0,0,0
BRDA:19,0,1,0
BRDA:28,1,0,0
BRDA:28,1,1,0
BRDA:31,2,0,0
BRDA:31,2,1,0
BRDA:31,2,2,0
BRDA:31,2,3,0
BRF:8
BRH:0
end_of_record
TN:
SF:src\utils\currency.ts
FN:21,(anonymous_0)
FN:22,(anonymous_1)
FN:25,(anonymous_2)
FNF:3
FNH:3
FNDA:3,(anonymous_0)
FNDA:9,(anonymous_1)
FNDA:11,(anonymous_2)
DA:2,2
DA:22,9
DA:23,3
DA:26,11
DA:27,11
DA:28,1
DA:30,10
LF:7
LH:7
BRDA:23,0,0,3
BRDA:23,0,1,1
BRDA:27,1,0,1
BRDA:27,1,1,10
BRF:4
BRH:4
end_of_record
TN:
SF:src\utils\formatters.ts
FN:24,(anonymous_0)
FN:33,(anonymous_1)
FN:38,(anonymous_2)
FNF:3
FNH:3
FNDA:5,(anonymous_0)
FNDA:2,(anonymous_1)
FNDA:2,(anonymous_2)
DA:12,2
DA:23,2
DA:25,5
DA:26,5
DA:34,2
DA:35,2
DA:36,2
DA:39,2
LF:8
LH:8
BRDA:33,0,0,1
BRDA:34,1,0,2
BRDA:34,1,1,0
BRF:3
BRH:2
end_of_record
TN:
SF:src\utils\pdfGenerator.ts
FN:11,(anonymous_0)
FN:31,(anonymous_1)
FN:58,(anonymous_2)
FN:72,(anonymous_3)
FNF:4
FNH:3
FNDA:3,(anonymous_0)
FNDA:4,(anonymous_1)
FNDA:0,(anonymous_2)
FNDA:4,(anonymous_3)
DA:11,1
DA:12,3
DA:15,3
DA:16,3
DA:19,3
DA:20,3
DA:23,3
DA:31,4
DA:39,3
DA:40,3
DA:41,3
DA:44,3
DA:60,0
DA:61,0
DA:62,0
DA:63,0
DA:64,0
DA:65,0
DA:71,3
DA:72,4
DA:76,3
DA:77,3
DA:78,3
DA:85,3
LF:24
LH:18
BRDA:60,0,0,0
BRDA:60,0,1,0
BRF:2
BRH:0
end_of_record
TN:
SF:src\utils\validation.ts
FN:5,(anonymous_0)
FN:10,(anonymous_1)
FN:18,(anonymous_2)
FN:27,(anonymous_3)
FN:39,(anonymous_4)
FN:71,(anonymous_5)
FN:77,(anonymous_6)
FN:86,(anonymous_7)
FNF:8
FNH:6
FNDA:0,(anonymous_0)
FNDA:6,(anonymous_1)
FNDA:7,(anonymous_2)
FNDA:6,(anonymous_3)
FNDA:2,(anonymous_4)
FNDA:2,(anonymous_5)
FNDA:2,(anonymous_6)
FNDA:0,(anonymous_7)
DA:4,1
DA:6,0
DA:7,0
DA:11,6
DA:12,6
DA:13,6
DA:14,6
DA:15,6
DA:19,7
DA:20,0
DA:23,7
DA:24,7
DA:28,6
DA:29,1
DA:33,5
DA:34,5
DA:35,5
DA:36,5
DA:40,2
DA:42,2
DA:43,1
DA:48,2
DA:53,1
DA:56,2
DA:60,1
DA:65,2
DA:76,2
DA:78,2
DA:91,0
DA:92,0
DA:98,0
DA:99,0
DA:102,0
LF:33
LH:25
BRDA:11,0,0,0
BRDA:11,0,1,6
BRDA:15,1,0,6
BRDA:15,1,1,6
BRDA:15,1,2,5
BRDA:19,2,0,0
BRDA:19,2,1,7
BRDA:19,3,0,7
BRDA:19,3,1,7
BRDA:24,4,0,7
BRDA:24,4,1,4
BRDA:28,5,0,1
BRDA:28,5,1,5
BRDA:28,6,0,6
BRDA:28,6,1,6
BRDA:35,7,0,5
BRDA:35,7,1,4
BRDA:36,8,0,5
BRDA:36,8,1,5
BRDA:36,8,2,4
BRDA:42,9,0,1
BRDA:42,9,1,1
BRDA:42,10,0,2
BRDA:42,10,1,2
BRDA:48,11,0,1
BRDA:48,11,1,1
BRDA:49,12,0,2
BRDA:49,12,1,2
BRDA:49,12,2,2
BRDA:56,13,0,1
BRDA:56,13,1,1
BRDA:57,14,0,2
BRDA:57,14,1,1
BRDA:78,15,0,2
BRDA:78,15,1,2
BRDA:78,15,2,1
BRDA:78,15,3,1
BRDA:78,15,4,1
BRDA:98,16,0,0
BRDA:98,16,1,0
BRF:40
BRH:36
end_of_record
